14:59:24 INFO  : Registering command handlers for SDK TCF services
14:59:24 INFO  : Launching XSCT server: xsct.bat -interactive D:\vivado_2017.1\ucos_dma\kerone_dma.sdk\temp_xsdb_launch_script.tcl
14:59:27 INFO  : XSCT server has started successfully.
14:59:27 INFO  : Successfully done setting XSCT server connection channel  
14:59:27 INFO  : Successfully done setting SDK workspace  
14:59:27 INFO  : Processing command line option -hwspec D:/vivado_2017.1/ucos_dma/kerone_dma.sdk/design_1_wrapper.hdf.
15:01:00 INFO  : Saving repository preferences.
15:01:00 INFO  : Reading in cores from local repositories: 
		 D:\Xilinx_Vivado\Micrium_XSDK_Repository_ucos_v1_41
15:01:00 INFO  : Cleaning BSP projects in the workspace.
15:01:01 INFO  : Saving repository preferences.
15:05:56 ERROR : Failed to closesw "D:/vivado_2017.1/ucos_dma/kerone_dma.sdk/ucos_dma_bsp/system.mss"
Reason: Cannot close sw design 'D:/vivado_2017.1/ucos_dma/kerone_dma.sdk/ucos_dma_bsp/system.mss'.
Design is not opened in the current session.


15:15:42 ERROR : (XSDB Server)ERROR: [Hsi 55-1545] Problem running tcl command ::sw_standalone_v6_2::generate : No stdin interface available for driver for peripheral ps
15:15:42 ERROR : (XSDB Server)7_uart_1
    while executing
"error "No stdin interface available for driver for peripheral $stdin" "" "hsi_error""
    (procedure "::hsi::utils::handle_stdin" line 17)
    invoked from within
"::hsi::utils::handle_stdin $os_handle"
    (procedure "::sw_standalone_v6_2::generate" line 294)
    invoked from within
"::sw_standalone_v6_2::generate standalone"
ERROR: [Hsi 55-1442] Error(s) while running TCL procedure generate()

15:15:42 ERROR : (XSDB Server)ERROR: [Hsi 55-1450] Error: running generate_bsp.

15:15:42 ERROR : Error generating bsp sources: Failed in generating sources
15:15:49 ERROR : (XSDB Server)ERROR: [Hsi 55-1545] Problem running tcl command ::sw_standalone_v6_2::generate : No stdin interface available for driver for peripheral ps7_uart_1
    while executing
"error "No stdin interface available for driver for peripheral $stdin" "" "hsi_error""
    (procedure "::hsi::utils::handle_stdin" line 17)
    invoked from within
"::hsi::utils::handle_stdin $os_handle"
    (procedure "::sw_standalone_v6_2::generate" line 294)
    invoked from within
"::sw_standalone_v6_2::generate standalone"

15:15:49 ERROR : (XSDB Server)ERROR: [Hsi 55-1442] Error(s) while running TCL procedure generate()

15:15:49 ERROR : (XSDB Server)ERROR: [Hsi 55-1450] Error: running generate_bsp.

15:15:49 ERROR : Error generating bsp sources: Failed in generating sources
15:16:13 ERROR : (XSDB Server)E
15:16:13 ERROR : (XSDB Server)RROR: [Hsi 55-1545] Problem running tcl command ::sw_standalone_v6_2::generate : No stdin interface available for driver for peripheral ps7_uart_1
    while executing
"error "No stdin interface available for driver for peripheral $stdin" "" "hsi_error""
    (procedure "::hsi::utils::handle_stdin" line 17)

15:16:13 ERROR : (XSDB Server)    invoked from within
"::hsi::utils::handle_stdin $os_handle"
    (procedure "::sw_standalone_v6_2::generate" line 294)
    invoked from within
"::sw_standalone_v6_2::generate standalone"

15:16:13 ERROR : (XSDB Server)ERROR: [Hsi 55-1442] Error(s) while running TCL procedure generate()

15:16:13 ERROR : (XSDB Server)ERROR: [Hsi 55-1450] Error: running generate_bsp.

15:16:13 ERROR : Error generating bsp sources: Failed in generating sources
15:16:44 INFO  : Saving repository preferences.
15:16:44 INFO  : Reading in cores from local repositories: 
		 D:\vivado_2017.1\Micrium_Xilinx_Repo_1_43
15:16:45 INFO  : Cleaning BSP projects in the workspace.
15:16:45 INFO  : Saving repository preferences.
15:18:34 INFO  : Connected to target on host '127.0.0.1' and port '3121'.
15:18:35 INFO  : Jtag cable 'Digilent Zed 210248687516' is selected.
15:18:35 INFO  : 'jtag frequency' command is executed.
15:18:35 INFO  : Sourcing of 'D:/vivado_2017.1/ucos_dma/kerone_dma.sdk/design_1_wrapper_hw_platform_0/ps7_init.tcl' is done.
15:18:35 INFO  : Context for 'APU' is selected.
15:18:35 INFO  : System reset is completed.
15:18:38 INFO  : 'after 3000' command is executed.
15:18:38 INFO  : 'targets -set -filter {jtag_cable_name =~ "Digilent Zed 210248687516" && level==0} -index 1' command is executed.
15:18:41 INFO  : FPGA configured successfully with bitstream "D:/vivado_2017.1/ucos_dma/kerone_dma.sdk/design_1_wrapper_hw_platform_0/design_1_wrapper.bit"
15:18:41 INFO  : Context for 'APU' is selected.
15:18:43 INFO  : 'ps7_init' command is executed.
15:18:43 INFO  : 'ps7_post_config' command is executed.
15:18:43 INFO  : Context for processor 'ps7_cortexa9_0' is selected.
15:18:43 INFO  : The application 'D:/vivado_2017.1/ucos_dma/kerone_dma.sdk/ucos_dma/Debug/ucos_dma.elf' is downloaded to processor 'ps7_cortexa9_0'.
15:18:43 INFO  : ----------------XSDB Script----------------
connect -url tcp:127.0.0.1:3121
source D:/vivado_2017.1/ucos_dma/kerone_dma.sdk/design_1_wrapper_hw_platform_0/ps7_init.tcl
targets -set -nocase -filter {name =~"APU*" && jtag_cable_name =~ "Digilent Zed 210248687516"} -index 0
rst -system
after 3000
targets -set -filter {jtag_cable_name =~ "Digilent Zed 210248687516" && level==0} -index 1
fpga -file D:/vivado_2017.1/ucos_dma/kerone_dma.sdk/design_1_wrapper_hw_platform_0/design_1_wrapper.bit
targets -set -nocase -filter {name =~"APU*" && jtag_cable_name =~ "Digilent Zed 210248687516"} -index 0
ps7_init
ps7_post_config
targets -set -nocase -filter {name =~ "ARM*#0" && jtag_cable_name =~ "Digilent Zed 210248687516"} -index 0
dow D:/vivado_2017.1/ucos_dma/kerone_dma.sdk/ucos_dma/Debug/ucos_dma.elf
----------------End of Script----------------

15:18:43 INFO  : Memory regions updated for context APU
15:18:43 INFO  : Context for processor 'ps7_cortexa9_0' is selected.
15:18:44 INFO  : 'con' command is executed.
15:18:44 INFO  : ----------------XSDB Script (After Launch)----------------
targets -set -nocase -filter {name =~ "ARM*#0" && jtag_cable_name =~ "Digilent Zed 210248687516"} -index 0
con
----------------End of Script----------------

15:18:44 INFO  : Launch script is exported to file 'D:\vivado_2017.1\ucos_dma\kerone_dma.sdk\.sdk\launch_scripts\xilinx_c-c++_application_(system_debugger)\ucos_dma.tcl'
15:19:29 INFO  : Refreshed build settings on project ucos_dma
15:20:25 INFO  : Disconnected from the channel tcfchan#1.
15:20:26 INFO  : Connected to target on host '127.0.0.1' and port '3121'.
15:20:27 INFO  : Jtag cable 'Digilent Zed 210248687516' is selected.
15:20:27 INFO  : 'jtag frequency' command is executed.
15:20:27 INFO  : Sourcing of 'D:/vivado_2017.1/ucos_dma/kerone_dma.sdk/design_1_wrapper_hw_platform_0/ps7_init.tcl' is done.
15:20:27 INFO  : Context for 'APU' is selected.
15:20:27 INFO  : System reset is completed.
15:20:30 INFO  : 'after 3000' command is executed.
15:20:30 INFO  : 'targets -set -filter {jtag_cable_name =~ "Digilent Zed 210248687516" && level==0} -index 1' command is executed.
15:20:32 INFO  : FPGA configured successfully with bitstream "D:/vivado_2017.1/ucos_dma/kerone_dma.sdk/design_1_wrapper_hw_platform_0/design_1_wrapper.bit"
15:20:33 INFO  : Context for 'APU' is selected.
15:20:35 INFO  : 'ps7_init' command is executed.
15:20:35 INFO  : 'ps7_post_config' command is executed.
15:20:35 INFO  : Context for processor 'ps7_cortexa9_0' is selected.
15:20:35 INFO  : The application 'D:/vivado_2017.1/ucos_dma/kerone_dma.sdk/ucos_dma/Debug/ucos_dma.elf' is downloaded to processor 'ps7_cortexa9_0'.
15:20:35 INFO  : ----------------XSDB Script----------------
connect -url tcp:127.0.0.1:3121
source D:/vivado_2017.1/ucos_dma/kerone_dma.sdk/design_1_wrapper_hw_platform_0/ps7_init.tcl
targets -set -nocase -filter {name =~"APU*" && jtag_cable_name =~ "Digilent Zed 210248687516"} -index 0
rst -system
after 3000
targets -set -filter {jtag_cable_name =~ "Digilent Zed 210248687516" && level==0} -index 1
fpga -file D:/vivado_2017.1/ucos_dma/kerone_dma.sdk/design_1_wrapper_hw_platform_0/design_1_wrapper.bit
targets -set -nocase -filter {name =~"APU*" && jtag_cable_name =~ "Digilent Zed 210248687516"} -index 0
ps7_init
ps7_post_config
targets -set -nocase -filter {name =~ "ARM*#0" && jtag_cable_name =~ "Digilent Zed 210248687516"} -index 0
dow D:/vivado_2017.1/ucos_dma/kerone_dma.sdk/ucos_dma/Debug/ucos_dma.elf
----------------End of Script----------------

15:20:35 INFO  : Memory regions updated for context APU
15:20:36 INFO  : Context for processor 'ps7_cortexa9_0' is selected.
15:20:36 INFO  : 'con' command is executed.
15:20:36 INFO  : ----------------XSDB Script (After Launch)----------------
targets -set -nocase -filter {name =~ "ARM*#0" && jtag_cable_name =~ "Digilent Zed 210248687516"} -index 0
con
----------------End of Script----------------

15:20:36 INFO  : Launch script is exported to file 'D:\vivado_2017.1\ucos_dma\kerone_dma.sdk\.sdk\launch_scripts\xilinx_c-c++_application_(system_debugger)\ucos_dma.tcl'
15:22:22 INFO  : Disconnected from the channel tcfchan#2.
15:22:23 INFO  : Connected to target on host '127.0.0.1' and port '3121'.
15:22:23 INFO  : Jtag cable 'Digilent Zed 210248687516' is selected.
15:22:23 INFO  : 'jtag frequency' command is executed.
15:22:23 INFO  : Sourcing of 'D:/vivado_2017.1/ucos_dma/kerone_dma.sdk/design_1_wrapper_hw_platform_0/ps7_init.tcl' is done.
15:22:23 INFO  : Context for 'APU' is selected.
15:22:23 INFO  : System reset is completed.
15:22:26 INFO  : 'after 3000' command is executed.
15:22:26 INFO  : 'targets -set -filter {jtag_cable_name =~ "Digilent Zed 210248687516" && level==0} -index 1' command is executed.
15:22:29 INFO  : FPGA configured successfully with bitstream "D:/vivado_2017.1/ucos_dma/kerone_dma.sdk/design_1_wrapper_hw_platform_0/design_1_wrapper.bit"
15:22:29 INFO  : Context for 'APU' is selected.
15:22:29 INFO  : 'ps7_init' command is executed.
15:22:29 INFO  : 'ps7_post_config' command is executed.
15:22:29 INFO  : Context for processor 'ps7_cortexa9_0' is selected.
15:22:30 INFO  : The application 'D:/vivado_2017.1/ucos_dma/kerone_dma.sdk/ucos_dma/Debug/ucos_dma.elf' is downloaded to processor 'ps7_cortexa9_0'.
15:22:30 INFO  : ----------------XSDB Script----------------
connect -url tcp:127.0.0.1:3121
source D:/vivado_2017.1/ucos_dma/kerone_dma.sdk/design_1_wrapper_hw_platform_0/ps7_init.tcl
targets -set -nocase -filter {name =~"APU*" && jtag_cable_name =~ "Digilent Zed 210248687516"} -index 0
rst -system
after 3000
targets -set -filter {jtag_cable_name =~ "Digilent Zed 210248687516" && level==0} -index 1
fpga -file D:/vivado_2017.1/ucos_dma/kerone_dma.sdk/design_1_wrapper_hw_platform_0/design_1_wrapper.bit
targets -set -nocase -filter {name =~"APU*" && jtag_cable_name =~ "Digilent Zed 210248687516"} -index 0
ps7_init
ps7_post_config
targets -set -nocase -filter {name =~ "ARM*#0" && jtag_cable_name =~ "Digilent Zed 210248687516"} -index 0
dow D:/vivado_2017.1/ucos_dma/kerone_dma.sdk/ucos_dma/Debug/ucos_dma.elf
----------------End of Script----------------

15:22:30 INFO  : Memory regions updated for context APU
15:22:30 INFO  : Context for processor 'ps7_cortexa9_0' is selected.
15:22:30 INFO  : 'con' command is executed.
15:22:30 INFO  : ----------------XSDB Script (After Launch)----------------
targets -set -nocase -filter {name =~ "ARM*#0" && jtag_cable_name =~ "Digilent Zed 210248687516"} -index 0
con
----------------End of Script----------------

15:22:30 INFO  : Launch script is exported to file 'D:\vivado_2017.1\ucos_dma\kerone_dma.sdk\.sdk\launch_scripts\xilinx_c-c++_application_(system_debugger)\ucos_dma.tcl'
15:23:11 INFO  : Disconnected from the channel tcfchan#3.
15:23:12 INFO  : Connected to target on host '127.0.0.1' and port '3121'.
15:23:12 INFO  : Jtag cable 'Digilent Zed 210248687516' is selected.
15:23:12 INFO  : 'jtag frequency' command is executed.
15:23:12 INFO  : Sourcing of 'D:/vivado_2017.1/ucos_dma/kerone_dma.sdk/design_1_wrapper_hw_platform_0/ps7_init.tcl' is done.
15:23:12 INFO  : Context for 'APU' is selected.
15:23:12 INFO  : System reset is completed.
15:23:15 INFO  : 'after 3000' command is executed.
15:23:15 INFO  : 'targets -set -filter {jtag_cable_name =~ "Digilent Zed 210248687516" && level==0} -index 1' command is executed.
15:23:18 INFO  : FPGA configured successfully with bitstream "D:/vivado_2017.1/ucos_dma/kerone_dma.sdk/design_1_wrapper_hw_platform_0/design_1_wrapper.bit"
15:23:18 INFO  : Context for 'APU' is selected.
15:23:19 INFO  : 'ps7_init' command is executed.
15:23:19 INFO  : 'ps7_post_config' command is executed.
15:23:19 INFO  : Context for processor 'ps7_cortexa9_0' is selected.
15:23:19 INFO  : The application 'D:/vivado_2017.1/ucos_dma/kerone_dma.sdk/ucos_dma/Debug/ucos_dma.elf' is downloaded to processor 'ps7_cortexa9_0'.
15:23:19 INFO  : ----------------XSDB Script----------------
connect -url tcp:127.0.0.1:3121
source D:/vivado_2017.1/ucos_dma/kerone_dma.sdk/design_1_wrapper_hw_platform_0/ps7_init.tcl
targets -set -nocase -filter {name =~"APU*" && jtag_cable_name =~ "Digilent Zed 210248687516"} -index 0
rst -system
after 3000
targets -set -filter {jtag_cable_name =~ "Digilent Zed 210248687516" && level==0} -index 1
fpga -file D:/vivado_2017.1/ucos_dma/kerone_dma.sdk/design_1_wrapper_hw_platform_0/design_1_wrapper.bit
targets -set -nocase -filter {name =~"APU*" && jtag_cable_name =~ "Digilent Zed 210248687516"} -index 0
ps7_init
ps7_post_config
targets -set -nocase -filter {name =~ "ARM*#0" && jtag_cable_name =~ "Digilent Zed 210248687516"} -index 0
dow D:/vivado_2017.1/ucos_dma/kerone_dma.sdk/ucos_dma/Debug/ucos_dma.elf
----------------End of Script----------------

15:23:19 INFO  : Memory regions updated for context APU
15:23:19 INFO  : Context for processor 'ps7_cortexa9_0' is selected.
15:23:19 INFO  : 'con' command is executed.
15:23:19 INFO  : ----------------XSDB Script (After Launch)----------------
targets -set -nocase -filter {name =~ "ARM*#0" && jtag_cable_name =~ "Digilent Zed 210248687516"} -index 0
con
----------------End of Script----------------

15:23:19 INFO  : Launch script is exported to file 'D:\vivado_2017.1\ucos_dma\kerone_dma.sdk\.sdk\launch_scripts\xilinx_c-c++_application_(system_debugger)\ucos_dma.tcl'
15:23:27 INFO  : Disconnected from the channel tcfchan#4.
15:23:39 INFO  : Connected to target on host '127.0.0.1' and port '3121'.
15:23:43 INFO  : Jtag cable 'Digilent Zed 210248687516' is selected.
15:23:43 INFO  : 'jtag frequency' command is executed.
15:23:43 INFO  : Sourcing of 'D:/vivado_2017.1/ucos_dma/kerone_dma.sdk/design_1_wrapper_hw_platform_0/ps7_init.tcl' is done.
15:23:43 INFO  : Context for 'APU' is selected.
15:23:43 INFO  : System reset is completed.
15:23:46 INFO  : 'after 3000' command is executed.
15:23:46 INFO  : 'targets -set -filter {jtag_cable_name =~ "Digilent Zed 210248687516" && level==0} -index 1' command is executed.
15:23:49 INFO  : FPGA configured successfully with bitstream "D:/vivado_2017.1/ucos_dma/kerone_dma.sdk/design_1_wrapper_hw_platform_0/design_1_wrapper.bit"
15:23:49 INFO  : Context for 'APU' is selected.
15:23:49 INFO  : 'ps7_init' command is executed.
15:23:49 INFO  : 'ps7_post_config' command is executed.
15:23:49 INFO  : Context for processor 'ps7_cortexa9_0' is selected.
15:23:50 INFO  : The application 'D:/vivado_2017.1/ucos_dma/kerone_dma.sdk/ucos_dma/Debug/ucos_dma.elf' is downloaded to processor 'ps7_cortexa9_0'.
15:23:50 INFO  : ----------------XSDB Script----------------
connect -url tcp:127.0.0.1:3121
source D:/vivado_2017.1/ucos_dma/kerone_dma.sdk/design_1_wrapper_hw_platform_0/ps7_init.tcl
targets -set -nocase -filter {name =~"APU*" && jtag_cable_name =~ "Digilent Zed 210248687516"} -index 0
rst -system
after 3000
targets -set -filter {jtag_cable_name =~ "Digilent Zed 210248687516" && level==0} -index 1
fpga -file D:/vivado_2017.1/ucos_dma/kerone_dma.sdk/design_1_wrapper_hw_platform_0/design_1_wrapper.bit
targets -set -nocase -filter {name =~"APU*" && jtag_cable_name =~ "Digilent Zed 210248687516"} -index 0
ps7_init
ps7_post_config
targets -set -nocase -filter {name =~ "ARM*#0" && jtag_cable_name =~ "Digilent Zed 210248687516"} -index 0
dow D:/vivado_2017.1/ucos_dma/kerone_dma.sdk/ucos_dma/Debug/ucos_dma.elf
----------------End of Script----------------

15:23:50 INFO  : Memory regions updated for context APU
15:23:50 INFO  : Context for processor 'ps7_cortexa9_0' is selected.
15:23:50 INFO  : 'con' command is executed.
15:23:50 INFO  : ----------------XSDB Script (After Launch)----------------
targets -set -nocase -filter {name =~ "ARM*#0" && jtag_cable_name =~ "Digilent Zed 210248687516"} -index 0
con
----------------End of Script----------------

15:23:50 INFO  : Launch script is exported to file 'D:\vivado_2017.1\ucos_dma\kerone_dma.sdk\.sdk\launch_scripts\xilinx_c-c++_application_(system_debugger)\ucos_dma.tcl'
15:24:29 INFO  : Disconnected from the channel tcfchan#5.
15:24:30 INFO  : Connected to target on host '127.0.0.1' and port '3121'.
15:24:30 INFO  : Jtag cable 'Digilent Zed 210248687516' is selected.
15:24:30 INFO  : 'jtag frequency' command is executed.
15:24:30 INFO  : Sourcing of 'D:/vivado_2017.1/ucos_dma/kerone_dma.sdk/design_1_wrapper_hw_platform_0/ps7_init.tcl' is done.
15:24:30 INFO  : Context for 'APU' is selected.
15:24:31 INFO  : System reset is completed.
15:24:34 INFO  : 'after 3000' command is executed.
15:24:34 INFO  : 'targets -set -filter {jtag_cable_name =~ "Digilent Zed 210248687516" && level==0} -index 1' command is executed.
15:24:36 INFO  : FPGA configured successfully with bitstream "D:/vivado_2017.1/ucos_dma/kerone_dma.sdk/design_1_wrapper_hw_platform_0/design_1_wrapper.bit"
15:24:36 INFO  : Context for 'APU' is selected.
15:24:37 INFO  : 'ps7_init' command is executed.
15:24:37 INFO  : 'ps7_post_config' command is executed.
15:24:37 INFO  : Context for processor 'ps7_cortexa9_0' is selected.
15:24:37 INFO  : The application 'D:/vivado_2017.1/ucos_dma/kerone_dma.sdk/ucos_dma/Debug/ucos_dma.elf' is downloaded to processor 'ps7_cortexa9_0'.
15:24:37 INFO  : ----------------XSDB Script----------------
connect -url tcp:127.0.0.1:3121
source D:/vivado_2017.1/ucos_dma/kerone_dma.sdk/design_1_wrapper_hw_platform_0/ps7_init.tcl
targets -set -nocase -filter {name =~"APU*" && jtag_cable_name =~ "Digilent Zed 210248687516"} -index 0
rst -system
after 3000
targets -set -filter {jtag_cable_name =~ "Digilent Zed 210248687516" && level==0} -index 1
fpga -file D:/vivado_2017.1/ucos_dma/kerone_dma.sdk/design_1_wrapper_hw_platform_0/design_1_wrapper.bit
targets -set -nocase -filter {name =~"APU*" && jtag_cable_name =~ "Digilent Zed 210248687516"} -index 0
ps7_init
ps7_post_config
targets -set -nocase -filter {name =~ "ARM*#0" && jtag_cable_name =~ "Digilent Zed 210248687516"} -index 0
dow D:/vivado_2017.1/ucos_dma/kerone_dma.sdk/ucos_dma/Debug/ucos_dma.elf
----------------End of Script----------------

15:24:38 INFO  : Memory regions updated for context APU
15:24:38 INFO  : Context for processor 'ps7_cortexa9_0' is selected.
15:24:38 INFO  : 'con' command is executed.
15:24:38 INFO  : ----------------XSDB Script (After Launch)----------------
targets -set -nocase -filter {name =~ "ARM*#0" && jtag_cable_name =~ "Digilent Zed 210248687516"} -index 0
con
----------------End of Script----------------

15:24:38 INFO  : Launch script is exported to file 'D:\vivado_2017.1\ucos_dma\kerone_dma.sdk\.sdk\launch_scripts\xilinx_c-c++_application_(system_debugger)\ucos_dma.tcl'
15:25:14 INFO  : Disconnected from the channel tcfchan#6.
15:25:15 INFO  : Connected to target on host '127.0.0.1' and port '3121'.
15:25:16 INFO  : Jtag cable 'Digilent Zed 210248687516' is selected.
15:25:16 INFO  : 'jtag frequency' command is executed.
15:25:16 INFO  : Sourcing of 'D:/vivado_2017.1/ucos_dma/kerone_dma.sdk/design_1_wrapper_hw_platform_0/ps7_init.tcl' is done.
15:25:16 INFO  : Context for 'APU' is selected.
15:25:16 INFO  : System reset is completed.
15:25:19 INFO  : 'after 3000' command is executed.
15:25:19 INFO  : 'targets -set -filter {jtag_cable_name =~ "Digilent Zed 210248687516" && level==0} -index 1' command is executed.
15:25:21 INFO  : FPGA configured successfully with bitstream "D:/vivado_2017.1/ucos_dma/kerone_dma.sdk/design_1_wrapper_hw_platform_0/design_1_wrapper.bit"
15:25:21 INFO  : Context for 'APU' is selected.
15:25:22 INFO  : 'ps7_init' command is executed.
15:25:22 INFO  : 'ps7_post_config' command is executed.
15:25:22 INFO  : Context for processor 'ps7_cortexa9_0' is selected.
15:25:22 INFO  : The application 'D:/vivado_2017.1/ucos_dma/kerone_dma.sdk/ucos_dma/Debug/ucos_dma.elf' is downloaded to processor 'ps7_cortexa9_0'.
15:25:22 INFO  : ----------------XSDB Script----------------
connect -url tcp:127.0.0.1:3121
source D:/vivado_2017.1/ucos_dma/kerone_dma.sdk/design_1_wrapper_hw_platform_0/ps7_init.tcl
targets -set -nocase -filter {name =~"APU*" && jtag_cable_name =~ "Digilent Zed 210248687516"} -index 0
rst -system
after 3000
targets -set -filter {jtag_cable_name =~ "Digilent Zed 210248687516" && level==0} -index 1
fpga -file D:/vivado_2017.1/ucos_dma/kerone_dma.sdk/design_1_wrapper_hw_platform_0/design_1_wrapper.bit
targets -set -nocase -filter {name =~"APU*" && jtag_cable_name =~ "Digilent Zed 210248687516"} -index 0
ps7_init
ps7_post_config
targets -set -nocase -filter {name =~ "ARM*#0" && jtag_cable_name =~ "Digilent Zed 210248687516"} -index 0
dow D:/vivado_2017.1/ucos_dma/kerone_dma.sdk/ucos_dma/Debug/ucos_dma.elf
----------------End of Script----------------

15:25:22 INFO  : Memory regions updated for context APU
15:25:22 INFO  : Context for processor 'ps7_cortexa9_0' is selected.
15:25:22 INFO  : 'con' command is executed.
15:25:22 INFO  : ----------------XSDB Script (After Launch)----------------
targets -set -nocase -filter {name =~ "ARM*#0" && jtag_cable_name =~ "Digilent Zed 210248687516"} -index 0
con
----------------End of Script----------------

15:25:22 INFO  : Launch script is exported to file 'D:\vivado_2017.1\ucos_dma\kerone_dma.sdk\.sdk\launch_scripts\xilinx_c-c++_application_(system_debugger)\ucos_dma.tcl'
15:25:34 INFO  : Disconnected from the channel tcfchan#7.
15:25:35 INFO  : Connected to target on host '127.0.0.1' and port '3121'.
15:25:35 INFO  : Jtag cable 'Digilent Zed 210248687516' is selected.
15:25:35 INFO  : 'jtag frequency' command is executed.
15:25:35 INFO  : Sourcing of 'D:/vivado_2017.1/ucos_dma/kerone_dma.sdk/design_1_wrapper_hw_platform_0/ps7_init.tcl' is done.
15:25:35 INFO  : Context for 'APU' is selected.
15:25:36 INFO  : System reset is completed.
15:25:39 INFO  : 'after 3000' command is executed.
15:25:39 INFO  : 'targets -set -filter {jtag_cable_name =~ "Digilent Zed 210248687516" && level==0} -index 1' command is executed.
15:25:41 INFO  : FPGA configured successfully with bitstream "D:/vivado_2017.1/ucos_dma/kerone_dma.sdk/design_1_wrapper_hw_platform_0/design_1_wrapper.bit"
15:25:41 INFO  : Context for 'APU' is selected.
15:25:42 INFO  : 'ps7_init' command is executed.
15:25:42 INFO  : 'ps7_post_config' command is executed.
15:25:42 INFO  : Context for processor 'ps7_cortexa9_0' is selected.
15:25:42 INFO  : The application 'D:/vivado_2017.1/ucos_dma/kerone_dma.sdk/ucos_dma/Debug/ucos_dma.elf' is downloaded to processor 'ps7_cortexa9_0'.
15:25:42 INFO  : ----------------XSDB Script----------------
connect -url tcp:127.0.0.1:3121
source D:/vivado_2017.1/ucos_dma/kerone_dma.sdk/design_1_wrapper_hw_platform_0/ps7_init.tcl
targets -set -nocase -filter {name =~"APU*" && jtag_cable_name =~ "Digilent Zed 210248687516"} -index 0
rst -system
after 3000
targets -set -filter {jtag_cable_name =~ "Digilent Zed 210248687516" && level==0} -index 1
fpga -file D:/vivado_2017.1/ucos_dma/kerone_dma.sdk/design_1_wrapper_hw_platform_0/design_1_wrapper.bit
targets -set -nocase -filter {name =~"APU*" && jtag_cable_name =~ "Digilent Zed 210248687516"} -index 0
ps7_init
ps7_post_config
targets -set -nocase -filter {name =~ "ARM*#0" && jtag_cable_name =~ "Digilent Zed 210248687516"} -index 0
dow D:/vivado_2017.1/ucos_dma/kerone_dma.sdk/ucos_dma/Debug/ucos_dma.elf
----------------End of Script----------------

15:25:42 INFO  : Memory regions updated for context APU
15:25:42 INFO  : Context for processor 'ps7_cortexa9_0' is selected.
15:25:42 INFO  : 'con' command is executed.
15:25:42 INFO  : ----------------XSDB Script (After Launch)----------------
targets -set -nocase -filter {name =~ "ARM*#0" && jtag_cable_name =~ "Digilent Zed 210248687516"} -index 0
con
----------------End of Script----------------

15:25:42 INFO  : Launch script is exported to file 'D:\vivado_2017.1\ucos_dma\kerone_dma.sdk\.sdk\launch_scripts\xilinx_c-c++_application_(system_debugger)\ucos_dma.tcl'
15:26:29 INFO  : Disconnected from the channel tcfchan#8.
15:26:30 INFO  : Connected to target on host '127.0.0.1' and port '3121'.
15:26:31 INFO  : Jtag cable 'Digilent Zed 210248687516' is selected.
15:26:31 INFO  : 'jtag frequency' command is executed.
15:26:31 INFO  : Sourcing of 'D:/vivado_2017.1/ucos_dma/kerone_dma.sdk/design_1_wrapper_hw_platform_0/ps7_init.tcl' is done.
15:26:31 INFO  : Context for 'APU' is selected.
15:26:31 INFO  : System reset is completed.
15:26:34 INFO  : 'after 3000' command is executed.
15:26:34 INFO  : 'targets -set -filter {jtag_cable_name =~ "Digilent Zed 210248687516" && level==0} -index 1' command is executed.
15:26:36 INFO  : FPGA configured successfully with bitstream "D:/vivado_2017.1/ucos_dma/kerone_dma.sdk/design_1_wrapper_hw_platform_0/design_1_wrapper.bit"
15:26:36 INFO  : Context for 'APU' is selected.
15:26:37 INFO  : 'ps7_init' command is executed.
15:26:37 INFO  : 'ps7_post_config' command is executed.
15:26:37 INFO  : Context for processor 'ps7_cortexa9_0' is selected.
15:26:37 INFO  : The application 'D:/vivado_2017.1/ucos_dma/kerone_dma.sdk/ucos_dma/Debug/ucos_dma.elf' is downloaded to processor 'ps7_cortexa9_0'.
15:26:37 INFO  : ----------------XSDB Script----------------
connect -url tcp:127.0.0.1:3121
source D:/vivado_2017.1/ucos_dma/kerone_dma.sdk/design_1_wrapper_hw_platform_0/ps7_init.tcl
targets -set -nocase -filter {name =~"APU*" && jtag_cable_name =~ "Digilent Zed 210248687516"} -index 0
rst -system
after 3000
targets -set -filter {jtag_cable_name =~ "Digilent Zed 210248687516" && level==0} -index 1
fpga -file D:/vivado_2017.1/ucos_dma/kerone_dma.sdk/design_1_wrapper_hw_platform_0/design_1_wrapper.bit
targets -set -nocase -filter {name =~"APU*" && jtag_cable_name =~ "Digilent Zed 210248687516"} -index 0
ps7_init
ps7_post_config
targets -set -nocase -filter {name =~ "ARM*#0" && jtag_cable_name =~ "Digilent Zed 210248687516"} -index 0
dow D:/vivado_2017.1/ucos_dma/kerone_dma.sdk/ucos_dma/Debug/ucos_dma.elf
----------------End of Script----------------

15:26:37 INFO  : Memory regions updated for context APU
15:26:37 INFO  : Context for processor 'ps7_cortexa9_0' is selected.
15:26:37 INFO  : 'con' command is executed.
15:26:37 INFO  : ----------------XSDB Script (After Launch)----------------
targets -set -nocase -filter {name =~ "ARM*#0" && jtag_cable_name =~ "Digilent Zed 210248687516"} -index 0
con
----------------End of Script----------------

15:26:37 INFO  : Launch script is exported to file 'D:\vivado_2017.1\ucos_dma\kerone_dma.sdk\.sdk\launch_scripts\xilinx_c-c++_application_(system_debugger)\ucos_dma.tcl'
15:27:15 INFO  : Disconnected from the channel tcfchan#9.
15:27:16 INFO  : Connected to target on host '127.0.0.1' and port '3121'.
15:27:16 INFO  : Jtag cable 'Digilent Zed 210248687516' is selected.
15:27:16 INFO  : 'jtag frequency' command is executed.
15:27:16 INFO  : Sourcing of 'D:/vivado_2017.1/ucos_dma/kerone_dma.sdk/design_1_wrapper_hw_platform_0/ps7_init.tcl' is done.
15:27:16 INFO  : Context for 'APU' is selected.
15:27:16 INFO  : System reset is completed.
15:27:19 INFO  : 'after 3000' command is executed.
15:27:19 INFO  : 'targets -set -filter {jtag_cable_name =~ "Digilent Zed 210248687516" && level==0} -index 1' command is executed.
15:27:22 INFO  : FPGA configured successfully with bitstream "D:/vivado_2017.1/ucos_dma/kerone_dma.sdk/design_1_wrapper_hw_platform_0/design_1_wrapper.bit"
15:27:22 INFO  : Context for 'APU' is selected.
15:27:22 INFO  : 'ps7_init' command is executed.
15:27:22 INFO  : 'ps7_post_config' command is executed.
15:27:22 INFO  : Context for processor 'ps7_cortexa9_0' is selected.
15:27:23 INFO  : The application 'D:/vivado_2017.1/ucos_dma/kerone_dma.sdk/ucos_dma/Debug/ucos_dma.elf' is downloaded to processor 'ps7_cortexa9_0'.
15:27:23 INFO  : ----------------XSDB Script----------------
connect -url tcp:127.0.0.1:3121
source D:/vivado_2017.1/ucos_dma/kerone_dma.sdk/design_1_wrapper_hw_platform_0/ps7_init.tcl
targets -set -nocase -filter {name =~"APU*" && jtag_cable_name =~ "Digilent Zed 210248687516"} -index 0
rst -system
after 3000
targets -set -filter {jtag_cable_name =~ "Digilent Zed 210248687516" && level==0} -index 1
fpga -file D:/vivado_2017.1/ucos_dma/kerone_dma.sdk/design_1_wrapper_hw_platform_0/design_1_wrapper.bit
targets -set -nocase -filter {name =~"APU*" && jtag_cable_name =~ "Digilent Zed 210248687516"} -index 0
ps7_init
ps7_post_config
targets -set -nocase -filter {name =~ "ARM*#0" && jtag_cable_name =~ "Digilent Zed 210248687516"} -index 0
dow D:/vivado_2017.1/ucos_dma/kerone_dma.sdk/ucos_dma/Debug/ucos_dma.elf
----------------End of Script----------------

15:27:23 INFO  : Memory regions updated for context APU
15:27:23 INFO  : Context for processor 'ps7_cortexa9_0' is selected.
15:27:23 INFO  : 'con' command is executed.
15:27:23 INFO  : ----------------XSDB Script (After Launch)----------------
targets -set -nocase -filter {name =~ "ARM*#0" && jtag_cable_name =~ "Digilent Zed 210248687516"} -index 0
con
----------------End of Script----------------

15:27:23 INFO  : Launch script is exported to file 'D:\vivado_2017.1\ucos_dma\kerone_dma.sdk\.sdk\launch_scripts\xilinx_c-c++_application_(system_debugger)\ucos_dma.tcl'
15:30:35 INFO  : Disconnected from the channel tcfchan#10.
15:20:44 INFO  : Connected to target on host '127.0.0.1' and port '3121'.
15:20:44 INFO  : Jtag cable 'Digilent Zed 210248687516' is selected.
15:20:44 INFO  : 'jtag frequency' command is executed.
15:20:44 INFO  : Sourcing of 'D:/vivado_2017.1/ucos_dma/kerone_dma.sdk/design_1_wrapper_hw_platform_0/ps7_init.tcl' is done.
15:20:45 INFO  : Context for 'APU' is selected.
15:20:45 INFO  : System reset is completed.
15:20:48 INFO  : 'after 3000' command is executed.
15:20:48 INFO  : 'targets -set -filter {jtag_cable_name =~ "Digilent Zed 210248687516" && level==0} -index 1' command is executed.
15:20:51 INFO  : FPGA configured successfully with bitstream "D:/vivado_2017.1/ucos_dma/kerone_dma.sdk/design_1_wrapper_hw_platform_0/design_1_wrapper.bit"
15:20:51 INFO  : Context for 'APU' is selected.
15:20:53 INFO  : 'ps7_init' command is executed.
15:20:53 INFO  : 'ps7_post_config' command is executed.
15:20:53 INFO  : Context for processor 'ps7_cortexa9_0' is selected.
15:20:53 INFO  : The application 'D:/vivado_2017.1/ucos_dma/kerone_dma.sdk/ucos_dma/Debug/ucos_dma.elf' is downloaded to processor 'ps7_cortexa9_0'.
15:20:53 INFO  : ----------------XSDB Script----------------
connect -url tcp:127.0.0.1:3121
source D:/vivado_2017.1/ucos_dma/kerone_dma.sdk/design_1_wrapper_hw_platform_0/ps7_init.tcl
targets -set -nocase -filter {name =~"APU*" && jtag_cable_name =~ "Digilent Zed 210248687516"} -index 0
rst -system
after 3000
targets -set -filter {jtag_cable_name =~ "Digilent Zed 210248687516" && level==0} -index 1
fpga -file D:/vivado_2017.1/ucos_dma/kerone_dma.sdk/design_1_wrapper_hw_platform_0/design_1_wrapper.bit
targets -set -nocase -filter {name =~"APU*" && jtag_cable_name =~ "Digilent Zed 210248687516"} -index 0
ps7_init
ps7_post_config
targets -set -nocase -filter {name =~ "ARM*#0" && jtag_cable_name =~ "Digilent Zed 210248687516"} -index 0
dow D:/vivado_2017.1/ucos_dma/kerone_dma.sdk/ucos_dma/Debug/ucos_dma.elf
----------------End of Script----------------

15:20:53 INFO  : Memory regions updated for context APU
15:20:54 INFO  : Context for processor 'ps7_cortexa9_0' is selected.
15:20:54 INFO  : 'con' command is executed.
15:20:54 INFO  : ----------------XSDB Script (After Launch)----------------
targets -set -nocase -filter {name =~ "ARM*#0" && jtag_cable_name =~ "Digilent Zed 210248687516"} -index 0
con
----------------End of Script----------------

15:20:54 INFO  : Launch script is exported to file 'D:\vivado_2017.1\ucos_dma\kerone_dma.sdk\.sdk\launch_scripts\xilinx_c-c++_application_(system_debugger)\ucos_dma.tcl'
15:20:57 INFO  : Disconnected from the channel tcfchan#11.
10:31:44 INFO  : Registering command handlers for SDK TCF services
10:31:45 INFO  : Launching XSCT server: xsct.bat -interactive D:\vivado_2017.1\ucos_dma\kerone_dma.sdk\temp_xsdb_launch_script.tcl
10:31:48 INFO  : XSCT server has started successfully.
10:31:54 INFO  : Successfully done setting XSCT server connection channel  
10:31:54 INFO  : Successfully done setting SDK workspace  
10:31:54 INFO  : Restoring local repository preferences: 
		 D:\vivado_2017.1\Micrium_Xilinx_Repo_1_43
13:31:12 INFO  : Registering command handlers for SDK TCF services
13:31:13 INFO  : Launching XSCT server: xsct.bat -interactive D:\vivado_2017.1\ucos_dma\kerone_dma.sdk\temp_xsdb_launch_script.tcl
13:31:15 INFO  : XSCT server has started successfully.
13:31:15 INFO  : Successfully done setting XSCT server connection channel  
13:31:15 INFO  : Restoring local repository preferences: 
		 D:\vivado_2017.1\Micrium_Xilinx_Repo_1_43
13:31:15 INFO  : Successfully done setting SDK workspace  
13:31:16 INFO  : Processing command line option -hwspec D:/vivado_2017.1/ucos_dma/kerone_dma.sdk/design_1_wrapper.hdf.
13:31:16 INFO  : Checking for hwspec changes in the project design_1_wrapper_hw_platform_0.
