
*** Running vivado
    with args -log design_1_dma_in1_1.vds -m64 -product Vivado -mode batch -messageDb vivado.pb -notrace -source design_1_dma_in1_1.tcl


****** Vivado v2017.1 (64-bit)
  **** SW Build 1846317 on Fri Apr 14 18:55:03 MDT 2017
  **** IP Build 1846188 on Fri Apr 14 20:52:08 MDT 2017
    ** Copyright 1986-2017 Xilinx, Inc. All Rights Reserved.

source design_1_dma_in1_1.tcl -notrace
Starting RTL Elaboration : Time (s): cpu = 00:00:08 ; elapsed = 00:00:09 . Memory (MB): peak = 388.699 ; gain = 83.586
INFO: [Synth 8-638] synthesizing module 'design_1_dma_in1_1' [d:/vivado_2017.1/DPR/PR_add_sub_int/PR_add_sub_int.srcs/sources_1/bd/design_1/ip/design_1_dma_in1_1/synth/design_1_dma_in1_1.vhd:107]
INFO: [Synth 8-638] synthesizing module 'axi_dma' [d:/vivado_2017.1/DPR/PR_add_sub_int/PR_add_sub_int.srcs/sources_1/bd/design_1/ipshared/e8cb/hdl/axi_dma_v7_1_vh_rfs.vhd:21830]
INFO: [Synth 8-638] synthesizing module 'axi_dma_rst_module' [d:/vivado_2017.1/DPR/PR_add_sub_int/PR_add_sub_int.srcs/sources_1/bd/design_1/ipshared/e8cb/hdl/axi_dma_v7_1_vh_rfs.vhd:1595]
INFO: [Synth 8-638] synthesizing module 'cdc_sync' [d:/vivado_2017.1/DPR/PR_add_sub_int/PR_add_sub_int.srcs/sources_1/bd/design_1/ipshared/52cb/hdl/lib_cdc_v1_0_rfs.vhd:106]
INFO: [Synth 8-256] done synthesizing module 'cdc_sync' (1#1) [d:/vivado_2017.1/DPR/PR_add_sub_int/PR_add_sub_int.srcs/sources_1/bd/design_1/ipshared/52cb/hdl/lib_cdc_v1_0_rfs.vhd:106]
INFO: [Synth 8-638] synthesizing module 'axi_dma_reset' [d:/vivado_2017.1/DPR/PR_add_sub_int/PR_add_sub_int.srcs/sources_1/bd/design_1/ipshared/e8cb/hdl/axi_dma_v7_1_vh_rfs.vhd:603]
INFO: [Synth 8-256] done synthesizing module 'axi_dma_reset' (2#1) [d:/vivado_2017.1/DPR/PR_add_sub_int/PR_add_sub_int.srcs/sources_1/bd/design_1/ipshared/e8cb/hdl/axi_dma_v7_1_vh_rfs.vhd:603]
INFO: [Synth 8-256] done synthesizing module 'axi_dma_rst_module' (3#1) [d:/vivado_2017.1/DPR/PR_add_sub_int/PR_add_sub_int.srcs/sources_1/bd/design_1/ipshared/e8cb/hdl/axi_dma_v7_1_vh_rfs.vhd:1595]
INFO: [Synth 8-638] synthesizing module 'axi_dma_reg_module' [d:/vivado_2017.1/DPR/PR_add_sub_int/PR_add_sub_int.srcs/sources_1/bd/design_1/ipshared/e8cb/hdl/axi_dma_v7_1_vh_rfs.vhd:8254]
INFO: [Synth 8-638] synthesizing module 'axi_dma_lite_if' [d:/vivado_2017.1/DPR/PR_add_sub_int/PR_add_sub_int.srcs/sources_1/bd/design_1/ipshared/e8cb/hdl/axi_dma_v7_1_vh_rfs.vhd:2066]
INFO: [Synth 8-256] done synthesizing module 'axi_dma_lite_if' (4#1) [d:/vivado_2017.1/DPR/PR_add_sub_int/PR_add_sub_int.srcs/sources_1/bd/design_1/ipshared/e8cb/hdl/axi_dma_v7_1_vh_rfs.vhd:2066]
INFO: [Synth 8-638] synthesizing module 'axi_dma_register_s2mm' [d:/vivado_2017.1/DPR/PR_add_sub_int/PR_add_sub_int.srcs/sources_1/bd/design_1/ipshared/e8cb/hdl/axi_dma_v7_1_vh_rfs.vhd:4837]
INFO: [Synth 8-256] done synthesizing module 'axi_dma_register_s2mm' (5#1) [d:/vivado_2017.1/DPR/PR_add_sub_int/PR_add_sub_int.srcs/sources_1/bd/design_1/ipshared/e8cb/hdl/axi_dma_v7_1_vh_rfs.vhd:4837]
INFO: [Synth 8-256] done synthesizing module 'axi_dma_reg_module' (6#1) [d:/vivado_2017.1/DPR/PR_add_sub_int/PR_add_sub_int.srcs/sources_1/bd/design_1/ipshared/e8cb/hdl/axi_dma_v7_1_vh_rfs.vhd:8254]
INFO: [Synth 8-638] synthesizing module 'axi_dma_s2mm_mngr' [d:/vivado_2017.1/DPR/PR_add_sub_int/PR_add_sub_int.srcs/sources_1/bd/design_1/ipshared/e8cb/hdl/axi_dma_v7_1_vh_rfs.vhd:20222]
INFO: [Synth 8-638] synthesizing module 'axi_dma_smple_sm' [d:/vivado_2017.1/DPR/PR_add_sub_int/PR_add_sub_int.srcs/sources_1/bd/design_1/ipshared/e8cb/hdl/axi_dma_v7_1_vh_rfs.vhd:11685]
INFO: [Synth 8-256] done synthesizing module 'axi_dma_smple_sm' (7#1) [d:/vivado_2017.1/DPR/PR_add_sub_int/PR_add_sub_int.srcs/sources_1/bd/design_1/ipshared/e8cb/hdl/axi_dma_v7_1_vh_rfs.vhd:11685]
INFO: [Synth 8-638] synthesizing module 'axi_dma_s2mm_cmdsts_if' [d:/vivado_2017.1/DPR/PR_add_sub_int/PR_add_sub_int.srcs/sources_1/bd/design_1/ipshared/e8cb/hdl/axi_dma_v7_1_vh_rfs.vhd:18487]
INFO: [Synth 8-256] done synthesizing module 'axi_dma_s2mm_cmdsts_if' (8#1) [d:/vivado_2017.1/DPR/PR_add_sub_int/PR_add_sub_int.srcs/sources_1/bd/design_1/ipshared/e8cb/hdl/axi_dma_v7_1_vh_rfs.vhd:18487]
INFO: [Synth 8-638] synthesizing module 'axi_dma_s2mm_sts_mngr' [d:/vivado_2017.1/DPR/PR_add_sub_int/PR_add_sub_int.srcs/sources_1/bd/design_1/ipshared/e8cb/hdl/axi_dma_v7_1_vh_rfs.vhd:18917]
INFO: [Synth 8-256] done synthesizing module 'axi_dma_s2mm_sts_mngr' (9#1) [d:/vivado_2017.1/DPR/PR_add_sub_int/PR_add_sub_int.srcs/sources_1/bd/design_1/ipshared/e8cb/hdl/axi_dma_v7_1_vh_rfs.vhd:18917]
INFO: [Synth 8-256] done synthesizing module 'axi_dma_s2mm_mngr' (10#1) [d:/vivado_2017.1/DPR/PR_add_sub_int/PR_add_sub_int.srcs/sources_1/bd/design_1/ipshared/e8cb/hdl/axi_dma_v7_1_vh_rfs.vhd:20222]
INFO: [Synth 8-638] synthesizing module 'axi_dma_sofeof_gen' [d:/vivado_2017.1/DPR/PR_add_sub_int/PR_add_sub_int.srcs/sources_1/bd/design_1/ipshared/e8cb/hdl/axi_dma_v7_1_vh_rfs.vhd:11155]
INFO: [Synth 8-256] done synthesizing module 'axi_dma_sofeof_gen' (11#1) [d:/vivado_2017.1/DPR/PR_add_sub_int/PR_add_sub_int.srcs/sources_1/bd/design_1/ipshared/e8cb/hdl/axi_dma_v7_1_vh_rfs.vhd:11155]
INFO: [Synth 8-638] synthesizing module 'axi_datamover' [d:/vivado_2017.1/DPR/PR_add_sub_int/PR_add_sub_int.srcs/sources_1/bd/design_1/ipshared/9afd/hdl/axi_datamover_v5_1_vh_rfs.vhd:55410]
INFO: [Synth 8-638] synthesizing module 'axi_datamover_mm2s_omit_wrap' [d:/vivado_2017.1/DPR/PR_add_sub_int/PR_add_sub_int.srcs/sources_1/bd/design_1/ipshared/9afd/hdl/axi_datamover_v5_1_vh_rfs.vhd:53186]
INFO: [Synth 8-256] done synthesizing module 'axi_datamover_mm2s_omit_wrap' (12#1) [d:/vivado_2017.1/DPR/PR_add_sub_int/PR_add_sub_int.srcs/sources_1/bd/design_1/ipshared/9afd/hdl/axi_datamover_v5_1_vh_rfs.vhd:53186]
INFO: [Synth 8-638] synthesizing module 'axi_datamover_s2mm_full_wrap' [d:/vivado_2017.1/DPR/PR_add_sub_int/PR_add_sub_int.srcs/sources_1/bd/design_1/ipshared/9afd/hdl/axi_datamover_v5_1_vh_rfs.vhd:49982]
INFO: [Synth 8-638] synthesizing module 'axi_datamover_reset' [d:/vivado_2017.1/DPR/PR_add_sub_int/PR_add_sub_int.srcs/sources_1/bd/design_1/ipshared/9afd/hdl/axi_datamover_v5_1_vh_rfs.vhd:153]
INFO: [Synth 8-256] done synthesizing module 'axi_datamover_reset' (13#1) [d:/vivado_2017.1/DPR/PR_add_sub_int/PR_add_sub_int.srcs/sources_1/bd/design_1/ipshared/9afd/hdl/axi_datamover_v5_1_vh_rfs.vhd:153]
INFO: [Synth 8-638] synthesizing module 'axi_datamover_cmd_status' [d:/vivado_2017.1/DPR/PR_add_sub_int/PR_add_sub_int.srcs/sources_1/bd/design_1/ipshared/9afd/hdl/axi_datamover_v5_1_vh_rfs.vhd:2693]
INFO: [Synth 8-638] synthesizing module 'axi_datamover_fifo' [d:/vivado_2017.1/DPR/PR_add_sub_int/PR_add_sub_int.srcs/sources_1/bd/design_1/ipshared/9afd/hdl/axi_datamover_v5_1_vh_rfs.vhd:1881]
INFO: [Synth 8-256] done synthesizing module 'axi_datamover_fifo' (14#1) [d:/vivado_2017.1/DPR/PR_add_sub_int/PR_add_sub_int.srcs/sources_1/bd/design_1/ipshared/9afd/hdl/axi_datamover_v5_1_vh_rfs.vhd:1881]
INFO: [Synth 8-638] synthesizing module 'axi_datamover_fifo__parameterized0' [d:/vivado_2017.1/DPR/PR_add_sub_int/PR_add_sub_int.srcs/sources_1/bd/design_1/ipshared/9afd/hdl/axi_datamover_v5_1_vh_rfs.vhd:1881]
INFO: [Synth 8-256] done synthesizing module 'axi_datamover_fifo__parameterized0' (14#1) [d:/vivado_2017.1/DPR/PR_add_sub_int/PR_add_sub_int.srcs/sources_1/bd/design_1/ipshared/9afd/hdl/axi_datamover_v5_1_vh_rfs.vhd:1881]
INFO: [Synth 8-256] done synthesizing module 'axi_datamover_cmd_status' (15#1) [d:/vivado_2017.1/DPR/PR_add_sub_int/PR_add_sub_int.srcs/sources_1/bd/design_1/ipshared/9afd/hdl/axi_datamover_v5_1_vh_rfs.vhd:2693]
INFO: [Synth 8-638] synthesizing module 'axi_datamover_wr_status_cntl' [d:/vivado_2017.1/DPR/PR_add_sub_int/PR_add_sub_int.srcs/sources_1/bd/design_1/ipshared/9afd/hdl/axi_datamover_v5_1_vh_rfs.vhd:17697]
INFO: [Synth 8-638] synthesizing module 'axi_datamover_fifo__parameterized1' [d:/vivado_2017.1/DPR/PR_add_sub_int/PR_add_sub_int.srcs/sources_1/bd/design_1/ipshared/9afd/hdl/axi_datamover_v5_1_vh_rfs.vhd:1881]
INFO: [Synth 8-638] synthesizing module 'srl_fifo_f' [d:/vivado_2017.1/DPR/PR_add_sub_int/PR_add_sub_int.srcs/sources_1/bd/design_1/ipshared/6039/hdl/lib_srl_fifo_v1_0_rfs.vhd:1000]
INFO: [Synth 8-638] synthesizing module 'srl_fifo_rbu_f' [d:/vivado_2017.1/DPR/PR_add_sub_int/PR_add_sub_int.srcs/sources_1/bd/design_1/ipshared/6039/hdl/lib_srl_fifo_v1_0_rfs.vhd:697]
INFO: [Synth 8-638] synthesizing module 'cntr_incr_decr_addn_f' [d:/vivado_2017.1/DPR/PR_add_sub_int/PR_add_sub_int.srcs/sources_1/bd/design_1/ipshared/6039/hdl/lib_srl_fifo_v1_0_rfs.vhd:143]
INFO: [Synth 8-256] done synthesizing module 'cntr_incr_decr_addn_f' (16#1) [d:/vivado_2017.1/DPR/PR_add_sub_int/PR_add_sub_int.srcs/sources_1/bd/design_1/ipshared/6039/hdl/lib_srl_fifo_v1_0_rfs.vhd:143]
INFO: [Synth 8-638] synthesizing module 'dynshreg_f' [d:/vivado_2017.1/DPR/PR_add_sub_int/PR_add_sub_int.srcs/sources_1/bd/design_1/ipshared/6039/hdl/lib_srl_fifo_v1_0_rfs.vhd:397]
INFO: [Synth 8-256] done synthesizing module 'dynshreg_f' (17#1) [d:/vivado_2017.1/DPR/PR_add_sub_int/PR_add_sub_int.srcs/sources_1/bd/design_1/ipshared/6039/hdl/lib_srl_fifo_v1_0_rfs.vhd:397]
INFO: [Synth 8-256] done synthesizing module 'srl_fifo_rbu_f' (18#1) [d:/vivado_2017.1/DPR/PR_add_sub_int/PR_add_sub_int.srcs/sources_1/bd/design_1/ipshared/6039/hdl/lib_srl_fifo_v1_0_rfs.vhd:697]
INFO: [Synth 8-256] done synthesizing module 'srl_fifo_f' (19#1) [d:/vivado_2017.1/DPR/PR_add_sub_int/PR_add_sub_int.srcs/sources_1/bd/design_1/ipshared/6039/hdl/lib_srl_fifo_v1_0_rfs.vhd:1000]
INFO: [Synth 8-256] done synthesizing module 'axi_datamover_fifo__parameterized1' (19#1) [d:/vivado_2017.1/DPR/PR_add_sub_int/PR_add_sub_int.srcs/sources_1/bd/design_1/ipshared/9afd/hdl/axi_datamover_v5_1_vh_rfs.vhd:1881]
INFO: [Synth 8-638] synthesizing module 'axi_datamover_fifo__parameterized2' [d:/vivado_2017.1/DPR/PR_add_sub_int/PR_add_sub_int.srcs/sources_1/bd/design_1/ipshared/9afd/hdl/axi_datamover_v5_1_vh_rfs.vhd:1881]
INFO: [Synth 8-638] synthesizing module 'srl_fifo_f__parameterized0' [d:/vivado_2017.1/DPR/PR_add_sub_int/PR_add_sub_int.srcs/sources_1/bd/design_1/ipshared/6039/hdl/lib_srl_fifo_v1_0_rfs.vhd:1000]
INFO: [Synth 8-638] synthesizing module 'srl_fifo_rbu_f__parameterized0' [d:/vivado_2017.1/DPR/PR_add_sub_int/PR_add_sub_int.srcs/sources_1/bd/design_1/ipshared/6039/hdl/lib_srl_fifo_v1_0_rfs.vhd:697]
INFO: [Synth 8-638] synthesizing module 'dynshreg_f__parameterized0' [d:/vivado_2017.1/DPR/PR_add_sub_int/PR_add_sub_int.srcs/sources_1/bd/design_1/ipshared/6039/hdl/lib_srl_fifo_v1_0_rfs.vhd:397]
INFO: [Synth 8-256] done synthesizing module 'dynshreg_f__parameterized0' (19#1) [d:/vivado_2017.1/DPR/PR_add_sub_int/PR_add_sub_int.srcs/sources_1/bd/design_1/ipshared/6039/hdl/lib_srl_fifo_v1_0_rfs.vhd:397]
INFO: [Synth 8-256] done synthesizing module 'srl_fifo_rbu_f__parameterized0' (19#1) [d:/vivado_2017.1/DPR/PR_add_sub_int/PR_add_sub_int.srcs/sources_1/bd/design_1/ipshared/6039/hdl/lib_srl_fifo_v1_0_rfs.vhd:697]
INFO: [Synth 8-256] done synthesizing module 'srl_fifo_f__parameterized0' (19#1) [d:/vivado_2017.1/DPR/PR_add_sub_int/PR_add_sub_int.srcs/sources_1/bd/design_1/ipshared/6039/hdl/lib_srl_fifo_v1_0_rfs.vhd:1000]
INFO: [Synth 8-256] done synthesizing module 'axi_datamover_fifo__parameterized2' (19#1) [d:/vivado_2017.1/DPR/PR_add_sub_int/PR_add_sub_int.srcs/sources_1/bd/design_1/ipshared/9afd/hdl/axi_datamover_v5_1_vh_rfs.vhd:1881]
INFO: [Synth 8-256] done synthesizing module 'axi_datamover_wr_status_cntl' (20#1) [d:/vivado_2017.1/DPR/PR_add_sub_int/PR_add_sub_int.srcs/sources_1/bd/design_1/ipshared/9afd/hdl/axi_datamover_v5_1_vh_rfs.vhd:17697]
INFO: [Synth 8-638] synthesizing module 'axi_datamover_ibttcc' [d:/vivado_2017.1/DPR/PR_add_sub_int/PR_add_sub_int.srcs/sources_1/bd/design_1/ipshared/9afd/hdl/axi_datamover_v5_1_vh_rfs.vhd:25723]
INFO: [Synth 8-256] done synthesizing module 'axi_datamover_ibttcc' (21#1) [d:/vivado_2017.1/DPR/PR_add_sub_int/PR_add_sub_int.srcs/sources_1/bd/design_1/ipshared/9afd/hdl/axi_datamover_v5_1_vh_rfs.vhd:25723]
INFO: [Synth 8-638] synthesizing module 'axi_datamover_skid_buf' [d:/vivado_2017.1/DPR/PR_add_sub_int/PR_add_sub_int.srcs/sources_1/bd/design_1/ipshared/9afd/hdl/axi_datamover_v5_1_vh_rfs.vhd:19492]
INFO: [Synth 8-256] done synthesizing module 'axi_datamover_skid_buf' (22#1) [d:/vivado_2017.1/DPR/PR_add_sub_int/PR_add_sub_int.srcs/sources_1/bd/design_1/ipshared/9afd/hdl/axi_datamover_v5_1_vh_rfs.vhd:19492]
INFO: [Synth 8-638] synthesizing module 'axi_datamover_s2mm_realign' [d:/vivado_2017.1/DPR/PR_add_sub_int/PR_add_sub_int.srcs/sources_1/bd/design_1/ipshared/9afd/hdl/axi_datamover_v5_1_vh_rfs.vhd:46998]
INFO: [Synth 8-638] synthesizing module 'axi_datamover_fifo__parameterized3' [d:/vivado_2017.1/DPR/PR_add_sub_int/PR_add_sub_int.srcs/sources_1/bd/design_1/ipshared/9afd/hdl/axi_datamover_v5_1_vh_rfs.vhd:1881]
INFO: [Synth 8-638] synthesizing module 'srl_fifo_f__parameterized1' [d:/vivado_2017.1/DPR/PR_add_sub_int/PR_add_sub_int.srcs/sources_1/bd/design_1/ipshared/6039/hdl/lib_srl_fifo_v1_0_rfs.vhd:1000]
INFO: [Synth 8-638] synthesizing module 'srl_fifo_rbu_f__parameterized1' [d:/vivado_2017.1/DPR/PR_add_sub_int/PR_add_sub_int.srcs/sources_1/bd/design_1/ipshared/6039/hdl/lib_srl_fifo_v1_0_rfs.vhd:697]
INFO: [Synth 8-638] synthesizing module 'cntr_incr_decr_addn_f__parameterized0' [d:/vivado_2017.1/DPR/PR_add_sub_int/PR_add_sub_int.srcs/sources_1/bd/design_1/ipshared/6039/hdl/lib_srl_fifo_v1_0_rfs.vhd:143]
INFO: [Synth 8-256] done synthesizing module 'cntr_incr_decr_addn_f__parameterized0' (22#1) [d:/vivado_2017.1/DPR/PR_add_sub_int/PR_add_sub_int.srcs/sources_1/bd/design_1/ipshared/6039/hdl/lib_srl_fifo_v1_0_rfs.vhd:143]
INFO: [Synth 8-638] synthesizing module 'dynshreg_f__parameterized1' [d:/vivado_2017.1/DPR/PR_add_sub_int/PR_add_sub_int.srcs/sources_1/bd/design_1/ipshared/6039/hdl/lib_srl_fifo_v1_0_rfs.vhd:397]
INFO: [Synth 8-256] done synthesizing module 'dynshreg_f__parameterized1' (22#1) [d:/vivado_2017.1/DPR/PR_add_sub_int/PR_add_sub_int.srcs/sources_1/bd/design_1/ipshared/6039/hdl/lib_srl_fifo_v1_0_rfs.vhd:397]
INFO: [Synth 8-256] done synthesizing module 'srl_fifo_rbu_f__parameterized1' (22#1) [d:/vivado_2017.1/DPR/PR_add_sub_int/PR_add_sub_int.srcs/sources_1/bd/design_1/ipshared/6039/hdl/lib_srl_fifo_v1_0_rfs.vhd:697]
INFO: [Synth 8-256] done synthesizing module 'srl_fifo_f__parameterized1' (22#1) [d:/vivado_2017.1/DPR/PR_add_sub_int/PR_add_sub_int.srcs/sources_1/bd/design_1/ipshared/6039/hdl/lib_srl_fifo_v1_0_rfs.vhd:1000]
INFO: [Synth 8-256] done synthesizing module 'axi_datamover_fifo__parameterized3' (22#1) [d:/vivado_2017.1/DPR/PR_add_sub_int/PR_add_sub_int.srcs/sources_1/bd/design_1/ipshared/9afd/hdl/axi_datamover_v5_1_vh_rfs.vhd:1881]
INFO: [Synth 8-638] synthesizing module 'axi_datamover_s2mm_scatter' [d:/vivado_2017.1/DPR/PR_add_sub_int/PR_add_sub_int.srcs/sources_1/bd/design_1/ipshared/9afd/hdl/axi_datamover_v5_1_vh_rfs.vhd:45105]
INFO: [Synth 8-638] synthesizing module 'axi_datamover_mssai_skid_buf' [d:/vivado_2017.1/DPR/PR_add_sub_int/PR_add_sub_int.srcs/sources_1/bd/design_1/ipshared/9afd/hdl/axi_datamover_v5_1_vh_rfs.vhd:44155]
INFO: [Synth 8-638] synthesizing module 'axi_datamover_ms_strb_set' [d:/vivado_2017.1/DPR/PR_add_sub_int/PR_add_sub_int.srcs/sources_1/bd/design_1/ipshared/9afd/hdl/axi_datamover_v5_1_vh_rfs.vhd:42595]
INFO: [Synth 8-256] done synthesizing module 'axi_datamover_ms_strb_set' (23#1) [d:/vivado_2017.1/DPR/PR_add_sub_int/PR_add_sub_int.srcs/sources_1/bd/design_1/ipshared/9afd/hdl/axi_datamover_v5_1_vh_rfs.vhd:42595]
INFO: [Synth 8-256] done synthesizing module 'axi_datamover_mssai_skid_buf' (24#1) [d:/vivado_2017.1/DPR/PR_add_sub_int/PR_add_sub_int.srcs/sources_1/bd/design_1/ipshared/9afd/hdl/axi_datamover_v5_1_vh_rfs.vhd:44155]
INFO: [Synth 8-638] synthesizing module 'axi_datamover_strb_gen2' [d:/vivado_2017.1/DPR/PR_add_sub_int/PR_add_sub_int.srcs/sources_1/bd/design_1/ipshared/9afd/hdl/axi_datamover_v5_1_vh_rfs.vhd:4337]
INFO: [Synth 8-256] done synthesizing module 'axi_datamover_strb_gen2' (25#1) [d:/vivado_2017.1/DPR/PR_add_sub_int/PR_add_sub_int.srcs/sources_1/bd/design_1/ipshared/9afd/hdl/axi_datamover_v5_1_vh_rfs.vhd:4337]
INFO: [Synth 8-638] synthesizing module 'axi_datamover_slice' [d:/vivado_2017.1/DPR/PR_add_sub_int/PR_add_sub_int.srcs/sources_1/bd/design_1/ipshared/9afd/hdl/axi_datamover_v5_1_vh_rfs.vhd:44844]
INFO: [Synth 8-256] done synthesizing module 'axi_datamover_slice' (26#1) [d:/vivado_2017.1/DPR/PR_add_sub_int/PR_add_sub_int.srcs/sources_1/bd/design_1/ipshared/9afd/hdl/axi_datamover_v5_1_vh_rfs.vhd:44844]
INFO: [Synth 8-638] synthesizing module 'axi_datamover_fifo__parameterized4' [d:/vivado_2017.1/DPR/PR_add_sub_int/PR_add_sub_int.srcs/sources_1/bd/design_1/ipshared/9afd/hdl/axi_datamover_v5_1_vh_rfs.vhd:1881]
INFO: [Synth 8-638] synthesizing module 'srl_fifo_f__parameterized2' [d:/vivado_2017.1/DPR/PR_add_sub_int/PR_add_sub_int.srcs/sources_1/bd/design_1/ipshared/6039/hdl/lib_srl_fifo_v1_0_rfs.vhd:1000]
INFO: [Synth 8-638] synthesizing module 'srl_fifo_rbu_f__parameterized2' [d:/vivado_2017.1/DPR/PR_add_sub_int/PR_add_sub_int.srcs/sources_1/bd/design_1/ipshared/6039/hdl/lib_srl_fifo_v1_0_rfs.vhd:697]
INFO: [Synth 8-638] synthesizing module 'cntr_incr_decr_addn_f__parameterized1' [d:/vivado_2017.1/DPR/PR_add_sub_int/PR_add_sub_int.srcs/sources_1/bd/design_1/ipshared/6039/hdl/lib_srl_fifo_v1_0_rfs.vhd:143]
INFO: [Synth 8-256] done synthesizing module 'cntr_incr_decr_addn_f__parameterized1' (26#1) [d:/vivado_2017.1/DPR/PR_add_sub_int/PR_add_sub_int.srcs/sources_1/bd/design_1/ipshared/6039/hdl/lib_srl_fifo_v1_0_rfs.vhd:143]
INFO: [Synth 8-638] synthesizing module 'dynshreg_f__parameterized2' [d:/vivado_2017.1/DPR/PR_add_sub_int/PR_add_sub_int.srcs/sources_1/bd/design_1/ipshared/6039/hdl/lib_srl_fifo_v1_0_rfs.vhd:397]
INFO: [Synth 8-256] done synthesizing module 'dynshreg_f__parameterized2' (26#1) [d:/vivado_2017.1/DPR/PR_add_sub_int/PR_add_sub_int.srcs/sources_1/bd/design_1/ipshared/6039/hdl/lib_srl_fifo_v1_0_rfs.vhd:397]
INFO: [Synth 8-256] done synthesizing module 'srl_fifo_rbu_f__parameterized2' (26#1) [d:/vivado_2017.1/DPR/PR_add_sub_int/PR_add_sub_int.srcs/sources_1/bd/design_1/ipshared/6039/hdl/lib_srl_fifo_v1_0_rfs.vhd:697]
INFO: [Synth 8-256] done synthesizing module 'srl_fifo_f__parameterized2' (26#1) [d:/vivado_2017.1/DPR/PR_add_sub_int/PR_add_sub_int.srcs/sources_1/bd/design_1/ipshared/6039/hdl/lib_srl_fifo_v1_0_rfs.vhd:1000]
INFO: [Synth 8-256] done synthesizing module 'axi_datamover_fifo__parameterized4' (26#1) [d:/vivado_2017.1/DPR/PR_add_sub_int/PR_add_sub_int.srcs/sources_1/bd/design_1/ipshared/9afd/hdl/axi_datamover_v5_1_vh_rfs.vhd:1881]
INFO: [Synth 8-256] done synthesizing module 'axi_datamover_s2mm_scatter' (27#1) [d:/vivado_2017.1/DPR/PR_add_sub_int/PR_add_sub_int.srcs/sources_1/bd/design_1/ipshared/9afd/hdl/axi_datamover_v5_1_vh_rfs.vhd:45105]
INFO: [Synth 8-256] done synthesizing module 'axi_datamover_s2mm_realign' (28#1) [d:/vivado_2017.1/DPR/PR_add_sub_int/PR_add_sub_int.srcs/sources_1/bd/design_1/ipshared/9afd/hdl/axi_datamover_v5_1_vh_rfs.vhd:46998]
INFO: [Synth 8-638] synthesizing module 'axi_datamover_indet_btt' [d:/vivado_2017.1/DPR/PR_add_sub_int/PR_add_sub_int.srcs/sources_1/bd/design_1/ipshared/9afd/hdl/axi_datamover_v5_1_vh_rfs.vhd:28422]
INFO: [Synth 8-638] synthesizing module 'axi_datamover_stbs_set_nodre' [d:/vivado_2017.1/DPR/PR_add_sub_int/PR_add_sub_int.srcs/sources_1/bd/design_1/ipshared/9afd/hdl/axi_datamover_v5_1_vh_rfs.vhd:24201]
INFO: [Synth 8-256] done synthesizing module 'axi_datamover_stbs_set_nodre' (29#1) [d:/vivado_2017.1/DPR/PR_add_sub_int/PR_add_sub_int.srcs/sources_1/bd/design_1/ipshared/9afd/hdl/axi_datamover_v5_1_vh_rfs.vhd:24201]
INFO: [Synth 8-638] synthesizing module 'axi_datamover_sfifo_autord' [d:/vivado_2017.1/DPR/PR_add_sub_int/PR_add_sub_int.srcs/sources_1/bd/design_1/ipshared/9afd/hdl/axi_datamover_v5_1_vh_rfs.vhd:1294]
INFO: [Synth 8-638] synthesizing module 'sync_fifo_fg' [d:/vivado_2017.1/DPR/PR_add_sub_int/PR_add_sub_int.srcs/sources_1/bd/design_1/ipshared/c387/hdl/lib_fifo_v1_0_rfs.vhd:2097]
INFO: [Synth 8-256] done synthesizing module 'sync_fifo_fg' (50#1) [d:/vivado_2017.1/DPR/PR_add_sub_int/PR_add_sub_int.srcs/sources_1/bd/design_1/ipshared/c387/hdl/lib_fifo_v1_0_rfs.vhd:2097]
INFO: [Synth 8-256] done synthesizing module 'axi_datamover_sfifo_autord' (51#1) [d:/vivado_2017.1/DPR/PR_add_sub_int/PR_add_sub_int.srcs/sources_1/bd/design_1/ipshared/9afd/hdl/axi_datamover_v5_1_vh_rfs.vhd:1294]
INFO: [Synth 8-638] synthesizing module 'axi_datamover_sfifo_autord__parameterized0' [d:/vivado_2017.1/DPR/PR_add_sub_int/PR_add_sub_int.srcs/sources_1/bd/design_1/ipshared/9afd/hdl/axi_datamover_v5_1_vh_rfs.vhd:1294]
INFO: [Synth 8-638] synthesizing module 'sync_fifo_fg__parameterized0' [d:/vivado_2017.1/DPR/PR_add_sub_int/PR_add_sub_int.srcs/sources_1/bd/design_1/ipshared/c387/hdl/lib_fifo_v1_0_rfs.vhd:2097]
INFO: [Synth 8-256] done synthesizing module 'sync_fifo_fg__parameterized0' (60#1) [d:/vivado_2017.1/DPR/PR_add_sub_int/PR_add_sub_int.srcs/sources_1/bd/design_1/ipshared/c387/hdl/lib_fifo_v1_0_rfs.vhd:2097]
INFO: [Synth 8-256] done synthesizing module 'axi_datamover_sfifo_autord__parameterized0' (60#1) [d:/vivado_2017.1/DPR/PR_add_sub_int/PR_add_sub_int.srcs/sources_1/bd/design_1/ipshared/9afd/hdl/axi_datamover_v5_1_vh_rfs.vhd:1294]
INFO: [Synth 8-638] synthesizing module 'axi_datamover_skid_buf__parameterized0' [d:/vivado_2017.1/DPR/PR_add_sub_int/PR_add_sub_int.srcs/sources_1/bd/design_1/ipshared/9afd/hdl/axi_datamover_v5_1_vh_rfs.vhd:19492]
INFO: [Synth 8-256] done synthesizing module 'axi_datamover_skid_buf__parameterized0' (60#1) [d:/vivado_2017.1/DPR/PR_add_sub_int/PR_add_sub_int.srcs/sources_1/bd/design_1/ipshared/9afd/hdl/axi_datamover_v5_1_vh_rfs.vhd:19492]
INFO: [Synth 8-256] done synthesizing module 'axi_datamover_indet_btt' (61#1) [d:/vivado_2017.1/DPR/PR_add_sub_int/PR_add_sub_int.srcs/sources_1/bd/design_1/ipshared/9afd/hdl/axi_datamover_v5_1_vh_rfs.vhd:28422]
INFO: [Synth 8-638] synthesizing module 'axi_datamover_addr_cntl' [d:/vivado_2017.1/DPR/PR_add_sub_int/PR_add_sub_int.srcs/sources_1/bd/design_1/ipshared/9afd/hdl/axi_datamover_v5_1_vh_rfs.vhd:9995]
INFO: [Synth 8-638] synthesizing module 'axi_datamover_fifo__parameterized5' [d:/vivado_2017.1/DPR/PR_add_sub_int/PR_add_sub_int.srcs/sources_1/bd/design_1/ipshared/9afd/hdl/axi_datamover_v5_1_vh_rfs.vhd:1881]
INFO: [Synth 8-638] synthesizing module 'srl_fifo_f__parameterized3' [d:/vivado_2017.1/DPR/PR_add_sub_int/PR_add_sub_int.srcs/sources_1/bd/design_1/ipshared/6039/hdl/lib_srl_fifo_v1_0_rfs.vhd:1000]
INFO: [Synth 8-638] synthesizing module 'srl_fifo_rbu_f__parameterized3' [d:/vivado_2017.1/DPR/PR_add_sub_int/PR_add_sub_int.srcs/sources_1/bd/design_1/ipshared/6039/hdl/lib_srl_fifo_v1_0_rfs.vhd:697]
INFO: [Synth 8-638] synthesizing module 'dynshreg_f__parameterized3' [d:/vivado_2017.1/DPR/PR_add_sub_int/PR_add_sub_int.srcs/sources_1/bd/design_1/ipshared/6039/hdl/lib_srl_fifo_v1_0_rfs.vhd:397]
INFO: [Synth 8-256] done synthesizing module 'dynshreg_f__parameterized3' (61#1) [d:/vivado_2017.1/DPR/PR_add_sub_int/PR_add_sub_int.srcs/sources_1/bd/design_1/ipshared/6039/hdl/lib_srl_fifo_v1_0_rfs.vhd:397]
INFO: [Synth 8-256] done synthesizing module 'srl_fifo_rbu_f__parameterized3' (61#1) [d:/vivado_2017.1/DPR/PR_add_sub_int/PR_add_sub_int.srcs/sources_1/bd/design_1/ipshared/6039/hdl/lib_srl_fifo_v1_0_rfs.vhd:697]
INFO: [Synth 8-256] done synthesizing module 'srl_fifo_f__parameterized3' (61#1) [d:/vivado_2017.1/DPR/PR_add_sub_int/PR_add_sub_int.srcs/sources_1/bd/design_1/ipshared/6039/hdl/lib_srl_fifo_v1_0_rfs.vhd:1000]
INFO: [Synth 8-256] done synthesizing module 'axi_datamover_fifo__parameterized5' (61#1) [d:/vivado_2017.1/DPR/PR_add_sub_int/PR_add_sub_int.srcs/sources_1/bd/design_1/ipshared/9afd/hdl/axi_datamover_v5_1_vh_rfs.vhd:1881]
INFO: [Synth 8-256] done synthesizing module 'axi_datamover_addr_cntl' (62#1) [d:/vivado_2017.1/DPR/PR_add_sub_int/PR_add_sub_int.srcs/sources_1/bd/design_1/ipshared/9afd/hdl/axi_datamover_v5_1_vh_rfs.vhd:9995]
INFO: [Synth 8-638] synthesizing module 'axi_datamover_wrdata_cntl' [d:/vivado_2017.1/DPR/PR_add_sub_int/PR_add_sub_int.srcs/sources_1/bd/design_1/ipshared/9afd/hdl/axi_datamover_v5_1_vh_rfs.vhd:15669]
INFO: [Synth 8-638] synthesizing module 'axi_datamover_fifo__parameterized6' [d:/vivado_2017.1/DPR/PR_add_sub_int/PR_add_sub_int.srcs/sources_1/bd/design_1/ipshared/9afd/hdl/axi_datamover_v5_1_vh_rfs.vhd:1881]
INFO: [Synth 8-638] synthesizing module 'srl_fifo_f__parameterized4' [d:/vivado_2017.1/DPR/PR_add_sub_int/PR_add_sub_int.srcs/sources_1/bd/design_1/ipshared/6039/hdl/lib_srl_fifo_v1_0_rfs.vhd:1000]
INFO: [Synth 8-638] synthesizing module 'srl_fifo_rbu_f__parameterized4' [d:/vivado_2017.1/DPR/PR_add_sub_int/PR_add_sub_int.srcs/sources_1/bd/design_1/ipshared/6039/hdl/lib_srl_fifo_v1_0_rfs.vhd:697]
INFO: [Synth 8-638] synthesizing module 'dynshreg_f__parameterized4' [d:/vivado_2017.1/DPR/PR_add_sub_int/PR_add_sub_int.srcs/sources_1/bd/design_1/ipshared/6039/hdl/lib_srl_fifo_v1_0_rfs.vhd:397]
INFO: [Synth 8-256] done synthesizing module 'dynshreg_f__parameterized4' (62#1) [d:/vivado_2017.1/DPR/PR_add_sub_int/PR_add_sub_int.srcs/sources_1/bd/design_1/ipshared/6039/hdl/lib_srl_fifo_v1_0_rfs.vhd:397]
INFO: [Synth 8-256] done synthesizing module 'srl_fifo_rbu_f__parameterized4' (62#1) [d:/vivado_2017.1/DPR/PR_add_sub_int/PR_add_sub_int.srcs/sources_1/bd/design_1/ipshared/6039/hdl/lib_srl_fifo_v1_0_rfs.vhd:697]
INFO: [Synth 8-256] done synthesizing module 'srl_fifo_f__parameterized4' (62#1) [d:/vivado_2017.1/DPR/PR_add_sub_int/PR_add_sub_int.srcs/sources_1/bd/design_1/ipshared/6039/hdl/lib_srl_fifo_v1_0_rfs.vhd:1000]
INFO: [Synth 8-256] done synthesizing module 'axi_datamover_fifo__parameterized6' (62#1) [d:/vivado_2017.1/DPR/PR_add_sub_int/PR_add_sub_int.srcs/sources_1/bd/design_1/ipshared/9afd/hdl/axi_datamover_v5_1_vh_rfs.vhd:1881]
INFO: [Synth 8-256] done synthesizing module 'axi_datamover_wrdata_cntl' (63#1) [d:/vivado_2017.1/DPR/PR_add_sub_int/PR_add_sub_int.srcs/sources_1/bd/design_1/ipshared/9afd/hdl/axi_datamover_v5_1_vh_rfs.vhd:15669]
INFO: [Synth 8-638] synthesizing module 'axi_datamover_skid2mm_buf' [d:/vivado_2017.1/DPR/PR_add_sub_int/PR_add_sub_int.srcs/sources_1/bd/design_1/ipshared/9afd/hdl/axi_datamover_v5_1_vh_rfs.vhd:18990]
INFO: [Synth 8-638] synthesizing module 'axi_datamover_wr_demux' [d:/vivado_2017.1/DPR/PR_add_sub_int/PR_add_sub_int.srcs/sources_1/bd/design_1/ipshared/9afd/hdl/axi_datamover_v5_1_vh_rfs.vhd:14112]
INFO: [Synth 8-256] done synthesizing module 'axi_datamover_wr_demux' (64#1) [d:/vivado_2017.1/DPR/PR_add_sub_int/PR_add_sub_int.srcs/sources_1/bd/design_1/ipshared/9afd/hdl/axi_datamover_v5_1_vh_rfs.vhd:14112]
INFO: [Synth 8-256] done synthesizing module 'axi_datamover_skid2mm_buf' (65#1) [d:/vivado_2017.1/DPR/PR_add_sub_int/PR_add_sub_int.srcs/sources_1/bd/design_1/ipshared/9afd/hdl/axi_datamover_v5_1_vh_rfs.vhd:18990]
INFO: [Synth 8-256] done synthesizing module 'axi_datamover_s2mm_full_wrap' (66#1) [d:/vivado_2017.1/DPR/PR_add_sub_int/PR_add_sub_int.srcs/sources_1/bd/design_1/ipshared/9afd/hdl/axi_datamover_v5_1_vh_rfs.vhd:49982]
INFO: [Synth 8-256] done synthesizing module 'axi_datamover' (67#1) [d:/vivado_2017.1/DPR/PR_add_sub_int/PR_add_sub_int.srcs/sources_1/bd/design_1/ipshared/9afd/hdl/axi_datamover_v5_1_vh_rfs.vhd:55410]
INFO: [Synth 8-256] done synthesizing module 'axi_dma' (68#1) [d:/vivado_2017.1/DPR/PR_add_sub_int/PR_add_sub_int.srcs/sources_1/bd/design_1/ipshared/e8cb/hdl/axi_dma_v7_1_vh_rfs.vhd:21830]
INFO: [Synth 8-256] done synthesizing module 'design_1_dma_in1_1' (69#1) [d:/vivado_2017.1/DPR/PR_add_sub_int/PR_add_sub_int.srcs/sources_1/bd/design_1/ip/design_1_dma_in1_1/synth/design_1_dma_in1_1.vhd:107]
Finished RTL Elaboration : Time (s): cpu = 00:03:42 ; elapsed = 00:03:46 . Memory (MB): peak = 652.266 ; gain = 347.152
Finished RTL Optimization Phase 1 : Time (s): cpu = 00:03:43 ; elapsed = 00:03:47 . Memory (MB): peak = 652.266 ; gain = 347.152
INFO: [Device 21-403] Loading part xc7z020clg484-1
Constraint Validation Runtime : Time (s): cpu = 00:00:00 ; elapsed = 00:00:00.082 . Memory (MB): peak = 795.789 ; gain = 0.000
Finished Constraint Validation : Time (s): cpu = 00:03:58 ; elapsed = 00:04:03 . Memory (MB): peak = 795.789 ; gain = 490.676
Finished Loading Part and Timing Information : Time (s): cpu = 00:03:58 ; elapsed = 00:04:03 . Memory (MB): peak = 795.789 ; gain = 490.676
Finished applying 'set_property' XDC Constraints : Time (s): cpu = 00:03:58 ; elapsed = 00:04:03 . Memory (MB): peak = 795.789 ; gain = 490.676
Finished RTL Optimization Phase 2 : Time (s): cpu = 00:04:01 ; elapsed = 00:04:07 . Memory (MB): peak = 795.789 ; gain = 490.676
Finished Cross Boundary and Area Optimization : Time (s): cpu = 00:04:06 ; elapsed = 00:04:12 . Memory (MB): peak = 795.789 ; gain = 490.676
---------------------------------------------------------------------------------
Start ROM, RAM, DSP and Shift Register Reporting
---------------------------------------------------------------------------------

Distributed RAM: Preliminary Mapping  Report (see note below)
+------------+---------------------------------------------------------------------------------------------------------------------------------------------------------------------------------------------------------------------------------------------------+----------------+----------------------+--------------+
|Module Name | RTL Object                                                                                                                                                                                                                                        | Inference      | Size (Depth x Width) | Primitives   | 
+------------+---------------------------------------------------------------------------------------------------------------------------------------------------------------------------------------------------------------------------------------------------+----------------+----------------------+--------------+
|U0          | I_PRMRY_DATAMOVER/GEN_S2MM_FULL.I_S2MM_FULL_WRAPPER/GEN_ENABLE_INDET_BTT_SF.I_INDET_BTT/I_XD_FIFO/NON_BLK_MEM.I_SYNC_FIFOGEN_FIFO/FAMILY_SUPPORTED.I_SYNC_FIFO_BRAM/inst_fifo_gen/gconvfifo.rf/grf.rf/gntv_or_sync_fifo.mem/gdm.dm_gen.dm/RAM_reg | User Attribute | 8 x 9                | RAM32M x 2   | 
+------------+---------------------------------------------------------------------------------------------------------------------------------------------------------------------------------------------------------------------------------------------------+----------------+----------------------+--------------+

Note: The table above is a preliminary report that shows the Distributed RAMs at the current stage of the synthesis flow. Some Distributed RAMs may be reimplemented as non Distributed RAM primitives later in the synthesis flow. Multiple instantiated RAMs are reported only once.
---------------------------------------------------------------------------------
Finished ROM, RAM, DSP and Shift Register Reporting
---------------------------------------------------------------------------------
Finished Applying XDC Timing Constraints : Time (s): cpu = 00:04:20 ; elapsed = 00:04:26 . Memory (MB): peak = 795.789 ; gain = 490.676
Finished Timing Optimization : Time (s): cpu = 00:04:24 ; elapsed = 00:04:30 . Memory (MB): peak = 829.926 ; gain = 524.813
Finished Technology Mapping : Time (s): cpu = 00:04:25 ; elapsed = 00:04:31 . Memory (MB): peak = 829.926 ; gain = 524.813
Finished IO Insertion : Time (s): cpu = 00:04:26 ; elapsed = 00:04:32 . Memory (MB): peak = 829.926 ; gain = 524.813
Finished Renaming Generated Instances : Time (s): cpu = 00:04:26 ; elapsed = 00:04:32 . Memory (MB): peak = 829.926 ; gain = 524.813
Finished Rebuilding User Hierarchy : Time (s): cpu = 00:04:27 ; elapsed = 00:04:32 . Memory (MB): peak = 829.926 ; gain = 524.813
Finished Renaming Generated Ports : Time (s): cpu = 00:04:27 ; elapsed = 00:04:32 . Memory (MB): peak = 829.926 ; gain = 524.813
Finished Handling Custom Attributes : Time (s): cpu = 00:04:27 ; elapsed = 00:04:33 . Memory (MB): peak = 829.926 ; gain = 524.813
Finished Renaming Generated Nets : Time (s): cpu = 00:04:27 ; elapsed = 00:04:33 . Memory (MB): peak = 829.926 ; gain = 524.813

Report Cell Usage: 
+------+---------+------+
|      |Cell     |Count |
+------+---------+------+
|1     |CARRY4   |    28|
|2     |LUT1     |    64|
|3     |LUT2     |   115|
|4     |LUT3     |   278|
|5     |LUT4     |   142|
|6     |LUT5     |   113|
|7     |LUT6     |   182|
|8     |MUXF7    |     1|
|9     |RAM32M   |     2|
|10    |RAMB36E1 |     1|
|11    |SRL16E   |    95|
|12    |FDR      |     8|
|13    |FDRE     |  1161|
|14    |FDSE     |    49|
+------+---------+------+
Finished Writing Synthesis Report : Time (s): cpu = 00:04:27 ; elapsed = 00:04:33 . Memory (MB): peak = 829.926 ; gain = 524.813
synth_design: Time (s): cpu = 00:04:30 ; elapsed = 00:04:36 . Memory (MB): peak = 829.926 ; gain = 530.770
