
*** Running vivado
    with args -log design_1_sub_0_0.vds -m64 -product Vivado -mode batch -messageDb vivado.pb -notrace -source design_1_sub_0_0.tcl


****** Vivado v2017.1 (64-bit)
  **** SW Build 1846317 on Fri Apr 14 18:55:03 MDT 2017
  **** IP Build 1846188 on Fri Apr 14 20:52:08 MDT 2017
    ** Copyright 1986-2017 Xilinx, Inc. All Rights Reserved.

source design_1_sub_0_0.tcl -notrace
Command: synth_design -top design_1_sub_0_0 -part xc7z020clg484-1 -mode out_of_context
Starting synth_design
Attempting to get a license for feature 'Synthesis' and/or device 'xc7z020-clg484'
INFO: [Common 17-349] Got license for feature 'Synthesis' and/or device 'xc7z020-clg484'
INFO: Launching helper process for spawning children vivado processes
INFO: Helper process launched with PID 3520 
---------------------------------------------------------------------------------
Starting RTL Elaboration : Time (s): cpu = 00:00:04 ; elapsed = 00:00:04 . Memory (MB): peak = 375.949 ; gain = 81.891
---------------------------------------------------------------------------------
INFO: [Synth 8-638] synthesizing module 'design_1_sub_0_0' [d:/vivado_2017.1/DPR/PR_add_sub_int/PR_add_sub_int.srcs/sources_1/bd/design_1/ip/design_1_sub_0_0/synth/design_1_sub_0_0.vhd:75]
INFO: [Synth 8-3491] module 'sub' declared at 'd:/vivado_2017.1/DPR/PR_add_sub_int/PR_add_sub_int.srcs/sources_1/bd/design_1/ipshared/a58d/hdl/vhdl/sub.vhd:12' bound to instance 'U0' of component 'sub' [d:/vivado_2017.1/DPR/PR_add_sub_int/PR_add_sub_int.srcs/sources_1/bd/design_1/ip/design_1_sub_0_0/synth/design_1_sub_0_0.vhd:118]
INFO: [Synth 8-638] synthesizing module 'sub' [d:/vivado_2017.1/DPR/PR_add_sub_int/PR_add_sub_int.srcs/sources_1/bd/design_1/ipshared/a58d/hdl/vhdl/sub.vhd:31]
INFO: [Synth 8-5534] Detected attribute (* fsm_encoding = "none" *) [d:/vivado_2017.1/DPR/PR_add_sub_int/PR_add_sub_int.srcs/sources_1/bd/design_1/ipshared/a58d/hdl/vhdl/sub.vhd:125]
INFO: [Synth 8-5534] Detected attribute (* fsm_encoding = "none" *) [d:/vivado_2017.1/DPR/PR_add_sub_int/PR_add_sub_int.srcs/sources_1/bd/design_1/ipshared/a58d/hdl/vhdl/sub.vhd:128]
INFO: [Synth 8-5534] Detected attribute (* fsm_encoding = "none" *) [d:/vivado_2017.1/DPR/PR_add_sub_int/PR_add_sub_int.srcs/sources_1/bd/design_1/ipshared/a58d/hdl/vhdl/sub.vhd:132]
WARNING: [Synth 8-6014] Unused sequential element ap_block_state2_reg was removed.  [d:/vivado_2017.1/DPR/PR_add_sub_int/PR_add_sub_int.srcs/sources_1/bd/design_1/ipshared/a58d/hdl/vhdl/sub.vhd:523]
WARNING: [Synth 8-6014] Unused sequential element ap_block_state3_reg was removed.  [d:/vivado_2017.1/DPR/PR_add_sub_int/PR_add_sub_int.srcs/sources_1/bd/design_1/ipshared/a58d/hdl/vhdl/sub.vhd:529]
WARNING: [Synth 8-6014] Unused sequential element in1_TDATA_blk_n_reg was removed.  [d:/vivado_2017.1/DPR/PR_add_sub_int/PR_add_sub_int.srcs/sources_1/bd/design_1/ipshared/a58d/hdl/vhdl/sub.vhd:542]
WARNING: [Synth 8-6014] Unused sequential element in2_TDATA_blk_n_reg was removed.  [d:/vivado_2017.1/DPR/PR_add_sub_int/PR_add_sub_int.srcs/sources_1/bd/design_1/ipshared/a58d/hdl/vhdl/sub.vhd:607]
WARNING: [Synth 8-6014] Unused sequential element out_r_TDATA_blk_n_reg was removed.  [d:/vivado_2017.1/DPR/PR_add_sub_int/PR_add_sub_int.srcs/sources_1/bd/design_1/ipshared/a58d/hdl/vhdl/sub.vhd:712]
WARNING: [Synth 8-6014] Unused sequential element in1_last_V_0_ack_out_reg was removed.  [d:/vivado_2017.1/DPR/PR_add_sub_int/PR_add_sub_int.srcs/sources_1/bd/design_1/ipshared/a58d/hdl/vhdl/sub.vhd:211]
WARNING: [Synth 8-6014] Unused sequential element in2_data_0_ack_out_reg was removed.  [d:/vivado_2017.1/DPR/PR_add_sub_int/PR_add_sub_int.srcs/sources_1/bd/design_1/ipshared/a58d/hdl/vhdl/sub.vhd:259]
WARNING: [Synth 8-6014] Unused sequential element in2_last_V_0_ack_out_reg was removed.  [d:/vivado_2017.1/DPR/PR_add_sub_int/PR_add_sub_int.srcs/sources_1/bd/design_1/ipshared/a58d/hdl/vhdl/sub.vhd:307]
WARNING: [Synth 8-6014] Unused sequential element out_data_1_vld_in_reg was removed.  [d:/vivado_2017.1/DPR/PR_add_sub_int/PR_add_sub_int.srcs/sources_1/bd/design_1/ipshared/a58d/hdl/vhdl/sub.vhd:341]
WARNING: [Synth 8-6014] Unused sequential element out_last_V_1_vld_in_reg was removed.  [d:/vivado_2017.1/DPR/PR_add_sub_int/PR_add_sub_int.srcs/sources_1/bd/design_1/ipshared/a58d/hdl/vhdl/sub.vhd:389]
INFO: [Synth 8-256] done synthesizing module 'sub' (1#1) [d:/vivado_2017.1/DPR/PR_add_sub_int/PR_add_sub_int.srcs/sources_1/bd/design_1/ipshared/a58d/hdl/vhdl/sub.vhd:31]
INFO: [Synth 8-256] done synthesizing module 'design_1_sub_0_0' (2#1) [d:/vivado_2017.1/DPR/PR_add_sub_int/PR_add_sub_int.srcs/sources_1/bd/design_1/ip/design_1_sub_0_0/synth/design_1_sub_0_0.vhd:75]
WARNING: [Synth 8-3331] design sub has unconnected port in2_TLAST[0]
---------------------------------------------------------------------------------
Finished RTL Elaboration : Time (s): cpu = 00:00:05 ; elapsed = 00:00:06 . Memory (MB): peak = 416.281 ; gain = 122.223
---------------------------------------------------------------------------------

Report Check Netlist: 
+------+------------------+-------+---------+-------+------------------+
|      |Item              |Errors |Warnings |Status |Description       |
+------+------------------+-------+---------+-------+------------------+
|1     |multi_driven_nets |      0|        0|Passed |Multi driven nets |
+------+------------------+-------+---------+-------+------------------+
---------------------------------------------------------------------------------
Finished RTL Optimization Phase 1 : Time (s): cpu = 00:00:05 ; elapsed = 00:00:06 . Memory (MB): peak = 416.281 ; gain = 122.223
---------------------------------------------------------------------------------
INFO: [Device 21-403] Loading part xc7z020clg484-1
INFO: [Project 1-570] Preparing netlist for logic optimization

Processing XDC Constraints
Initializing timing engine
Parsing XDC File [d:/vivado_2017.1/DPR/PR_add_sub_int/PR_add_sub_int.srcs/sources_1/bd/design_1/ip/design_1_sub_0_0/constraints/sub_ooc.xdc] for cell 'U0'
Finished Parsing XDC File [d:/vivado_2017.1/DPR/PR_add_sub_int/PR_add_sub_int.srcs/sources_1/bd/design_1/ip/design_1_sub_0_0/constraints/sub_ooc.xdc] for cell 'U0'
Parsing XDC File [D:/vivado_2017.1/DPR/PR_add_sub_int/PR_add_sub_int.runs/design_1_sub_0_0_synth_1/dont_touch.xdc]
Finished Parsing XDC File [D:/vivado_2017.1/DPR/PR_add_sub_int/PR_add_sub_int.runs/design_1_sub_0_0_synth_1/dont_touch.xdc]
Completed Processing XDC Constraints

INFO: [Project 1-111] Unisim Transformation Summary:
No Unisim elements were transformed.

Constraint Validation Runtime : Time (s): cpu = 00:00:00 ; elapsed = 00:00:00.023 . Memory (MB): peak = 740.438 ; gain = 0.000
---------------------------------------------------------------------------------
Finished Constraint Validation : Time (s): cpu = 00:00:17 ; elapsed = 00:00:19 . Memory (MB): peak = 740.438 ; gain = 446.379
---------------------------------------------------------------------------------
---------------------------------------------------------------------------------
Start Loading Part and Timing Information
---------------------------------------------------------------------------------
Loading part: xc7z020clg484-1
---------------------------------------------------------------------------------
Finished Loading Part and Timing Information : Time (s): cpu = 00:00:17 ; elapsed = 00:00:19 . Memory (MB): peak = 740.438 ; gain = 446.379
---------------------------------------------------------------------------------
---------------------------------------------------------------------------------
Start Applying 'set_property' XDC Constraints
---------------------------------------------------------------------------------
Applied set_property DONT_TOUCH = true for U0. (constraint file  D:/vivado_2017.1/DPR/PR_add_sub_int/PR_add_sub_int.runs/design_1_sub_0_0_synth_1/dont_touch.xdc, line 9).
---------------------------------------------------------------------------------
Finished applying 'set_property' XDC Constraints : Time (s): cpu = 00:00:17 ; elapsed = 00:00:19 . Memory (MB): peak = 740.438 ; gain = 446.379
---------------------------------------------------------------------------------
INFO: [Synth 8-4490] FSM extraction disabled for register 'ap_CS_fsm_reg' through user attribute
INFO: [Synth 8-5544] ROM "in1_data_0_state_cmp_full" won't be mapped to Block RAM because address size (2) smaller than threshold (5)
INFO: [Synth 8-5544] ROM "in1_last_V_0_state_cmp_full" won't be mapped to Block RAM because address size (2) smaller than threshold (5)
INFO: [Synth 8-5544] ROM "in2_data_0_state_cmp_full" won't be mapped to Block RAM because address size (2) smaller than threshold (5)
INFO: [Synth 8-5544] ROM "out_data_1_state_cmp_full" won't be mapped to Block RAM because address size (2) smaller than threshold (5)
INFO: [Synth 8-5544] ROM "out_last_V_1_state_cmp_full" won't be mapped to Block RAM because address size (2) smaller than threshold (5)
---------------------------------------------------------------------------------
Finished RTL Optimization Phase 2 : Time (s): cpu = 00:00:18 ; elapsed = 00:00:19 . Memory (MB): peak = 740.438 ; gain = 446.379
---------------------------------------------------------------------------------

Report RTL Partitions: 
+-+--------------+------------+----------+
| |RTL Partition |Replication |Instances |
+-+--------------+------------+----------+
+-+--------------+------------+----------+
---------------------------------------------------------------------------------
Start RTL Component Statistics 
---------------------------------------------------------------------------------
Detailed RTL Component Info : 
+---Adders : 
	   3 Input     32 Bit       Adders := 1     
+---Registers : 
	               32 Bit    Registers := 6     
	                3 Bit    Registers := 1     
	                2 Bit    Registers := 6     
	                1 Bit    Registers := 14    
+---Muxes : 
	   2 Input     32 Bit        Muxes := 3     
	   5 Input      3 Bit        Muxes := 1     
	   2 Input      3 Bit        Muxes := 1     
	   2 Input      2 Bit        Muxes := 9     
	   4 Input      2 Bit        Muxes := 5     
	   2 Input      1 Bit        Muxes := 13    
---------------------------------------------------------------------------------
Finished RTL Component Statistics 
---------------------------------------------------------------------------------
---------------------------------------------------------------------------------
Start RTL Hierarchical Component Statistics 
---------------------------------------------------------------------------------
Hierarchical RTL Component report 
Module sub 
Detailed RTL Component Info : 
+---Adders : 
	   3 Input     32 Bit       Adders := 1     
+---Registers : 
	               32 Bit    Registers := 6     
	                3 Bit    Registers := 1     
	                2 Bit    Registers := 6     
	                1 Bit    Registers := 14    
+---Muxes : 
	   2 Input     32 Bit        Muxes := 3     
	   5 Input      3 Bit        Muxes := 1     
	   2 Input      3 Bit        Muxes := 1     
	   2 Input      2 Bit        Muxes := 9     
	   4 Input      2 Bit        Muxes := 5     
	   2 Input      1 Bit        Muxes := 13    
---------------------------------------------------------------------------------
Finished RTL Hierarchical Component Statistics
---------------------------------------------------------------------------------
---------------------------------------------------------------------------------
Start Part Resource Summary
---------------------------------------------------------------------------------
Part Resources:
DSPs: 220 (col length:60)
BRAMs: 280 (col length: RAMB18 60 RAMB36 30)
---------------------------------------------------------------------------------
Finished Part Resource Summary
---------------------------------------------------------------------------------
---------------------------------------------------------------------------------
Start Cross Boundary and Area Optimization
---------------------------------------------------------------------------------
WARNING: [Synth 8-3331] design sub has unconnected port in2_TLAST[0]
---------------------------------------------------------------------------------
Finished Cross Boundary and Area Optimization : Time (s): cpu = 00:00:18 ; elapsed = 00:00:20 . Memory (MB): peak = 740.438 ; gain = 446.379
---------------------------------------------------------------------------------

Report RTL Partitions: 
+-+--------------+------------+----------+
| |RTL Partition |Replication |Instances |
+-+--------------+------------+----------+
+-+--------------+------------+----------+
---------------------------------------------------------------------------------
Start Applying XDC Timing Constraints
---------------------------------------------------------------------------------
---------------------------------------------------------------------------------
Finished Applying XDC Timing Constraints : Time (s): cpu = 00:00:32 ; elapsed = 00:00:34 . Memory (MB): peak = 740.438 ; gain = 446.379
---------------------------------------------------------------------------------
---------------------------------------------------------------------------------
Start Timing Optimization
---------------------------------------------------------------------------------
---------------------------------------------------------------------------------
Finished Timing Optimization : Time (s): cpu = 00:00:32 ; elapsed = 00:00:34 . Memory (MB): peak = 740.438 ; gain = 446.379
---------------------------------------------------------------------------------

Report RTL Partitions: 
+-+--------------+------------+----------+
| |RTL Partition |Replication |Instances |
+-+--------------+------------+----------+
+-+--------------+------------+----------+
---------------------------------------------------------------------------------
Start Technology Mapping
---------------------------------------------------------------------------------
---------------------------------------------------------------------------------
Finished Technology Mapping : Time (s): cpu = 00:00:32 ; elapsed = 00:00:34 . Memory (MB): peak = 740.438 ; gain = 446.379
---------------------------------------------------------------------------------

Report RTL Partitions: 
+-+--------------+------------+----------+
| |RTL Partition |Replication |Instances |
+-+--------------+------------+----------+
+-+--------------+------------+----------+
---------------------------------------------------------------------------------
Start IO Insertion
---------------------------------------------------------------------------------
---------------------------------------------------------------------------------
Start Flattening Before IO Insertion
---------------------------------------------------------------------------------
---------------------------------------------------------------------------------
Finished Flattening Before IO Insertion
---------------------------------------------------------------------------------
---------------------------------------------------------------------------------
Start Final Netlist Cleanup
---------------------------------------------------------------------------------
---------------------------------------------------------------------------------
Finished Final Netlist Cleanup
---------------------------------------------------------------------------------
---------------------------------------------------------------------------------
Finished IO Insertion : Time (s): cpu = 00:00:33 ; elapsed = 00:00:35 . Memory (MB): peak = 740.438 ; gain = 446.379
---------------------------------------------------------------------------------

Report Check Netlist: 
+------+------------------+-------+---------+-------+------------------+
|      |Item              |Errors |Warnings |Status |Description       |
+------+------------------+-------+---------+-------+------------------+
|1     |multi_driven_nets |      0|        0|Passed |Multi driven nets |
+------+------------------+-------+---------+-------+------------------+
---------------------------------------------------------------------------------
Start Renaming Generated Instances
---------------------------------------------------------------------------------
---------------------------------------------------------------------------------
Finished Renaming Generated Instances : Time (s): cpu = 00:00:33 ; elapsed = 00:00:35 . Memory (MB): peak = 740.438 ; gain = 446.379
---------------------------------------------------------------------------------

Report RTL Partitions: 
+-+--------------+------------+----------+
| |RTL Partition |Replication |Instances |
+-+--------------+------------+----------+
+-+--------------+------------+----------+
---------------------------------------------------------------------------------
Start Rebuilding User Hierarchy
---------------------------------------------------------------------------------
---------------------------------------------------------------------------------
Finished Rebuilding User Hierarchy : Time (s): cpu = 00:00:33 ; elapsed = 00:00:35 . Memory (MB): peak = 740.438 ; gain = 446.379
---------------------------------------------------------------------------------
---------------------------------------------------------------------------------
Start Renaming Generated Ports
---------------------------------------------------------------------------------
---------------------------------------------------------------------------------
Finished Renaming Generated Ports : Time (s): cpu = 00:00:33 ; elapsed = 00:00:35 . Memory (MB): peak = 740.438 ; gain = 446.379
---------------------------------------------------------------------------------
---------------------------------------------------------------------------------
Start Handling Custom Attributes
---------------------------------------------------------------------------------
---------------------------------------------------------------------------------
Finished Handling Custom Attributes : Time (s): cpu = 00:00:33 ; elapsed = 00:00:35 . Memory (MB): peak = 740.438 ; gain = 446.379
---------------------------------------------------------------------------------
---------------------------------------------------------------------------------
Start Renaming Generated Nets
---------------------------------------------------------------------------------
---------------------------------------------------------------------------------
Finished Renaming Generated Nets : Time (s): cpu = 00:00:33 ; elapsed = 00:00:35 . Memory (MB): peak = 740.438 ; gain = 446.379
---------------------------------------------------------------------------------
---------------------------------------------------------------------------------
Start Writing Synthesis Report
---------------------------------------------------------------------------------

Report BlackBoxes: 
+-+--------------+----------+
| |BlackBox name |Instances |
+-+--------------+----------+
+-+--------------+----------+

Report Cell Usage: 
+------+-------+------+
|      |Cell   |Count |
+------+-------+------+
|1     |CARRY4 |     8|
|2     |LUT1   |     1|
|3     |LUT2   |     1|
|4     |LUT3   |    76|
|5     |LUT4   |     4|
|6     |LUT5   |    11|
|7     |LUT6   |    41|
|8     |FDRE   |   220|
|9     |FDSE   |     1|
+------+-------+------+

Report Instance Areas: 
+------+---------+-------+------+
|      |Instance |Module |Cells |
+------+---------+-------+------+
|1     |top      |       |   363|
|2     |  U0     |sub    |   363|
+------+---------+-------+------+
---------------------------------------------------------------------------------
Finished Writing Synthesis Report : Time (s): cpu = 00:00:33 ; elapsed = 00:00:35 . Memory (MB): peak = 740.438 ; gain = 446.379
---------------------------------------------------------------------------------
Synthesis finished with 0 errors, 0 critical warnings and 1 warnings.
Synthesis Optimization Runtime : Time (s): cpu = 00:00:20 ; elapsed = 00:00:26 . Memory (MB): peak = 740.438 ; gain = 122.223
Synthesis Optimization Complete : Time (s): cpu = 00:00:33 ; elapsed = 00:00:35 . Memory (MB): peak = 740.438 ; gain = 446.379
INFO: [Project 1-571] Translating synthesized netlist
INFO: [Netlist 29-17] Analyzing 8 Unisim elements for replacement
INFO: [Netlist 29-28] Unisim Transformation completed in 0 CPU seconds
INFO: [Project 1-570] Preparing netlist for logic optimization
INFO: [Opt 31-138] Pushed 0 inverter(s) to 0 load pin(s).
INFO: [Project 1-111] Unisim Transformation Summary:
No Unisim elements were transformed.

24 Infos, 12 Warnings, 0 Critical Warnings and 0 Errors encountered.
synth_design completed successfully
synth_design: Time (s): cpu = 00:00:35 ; elapsed = 00:00:37 . Memory (MB): peak = 740.438 ; gain = 446.379
INFO: [Common 17-1381] The checkpoint 'D:/vivado_2017.1/DPR/PR_add_sub_int/PR_add_sub_int.runs/design_1_sub_0_0_synth_1/design_1_sub_0_0.dcp' has been generated.
INFO: [Coretcl 2-1482] Added synthesis output to IP cache for IP d:/vivado_2017.1/DPR/PR_add_sub_int/PR_add_sub_int.srcs/sources_1/bd/design_1/ip/design_1_sub_0_0/design_1_sub_0_0.xci
INFO: [Common 17-1381] The checkpoint 'D:/vivado_2017.1/DPR/PR_add_sub_int/PR_add_sub_int.runs/design_1_sub_0_0_synth_1/design_1_sub_0_0.dcp' has been generated.
report_utilization: Time (s): cpu = 00:00:00 ; elapsed = 00:00:00.020 . Memory (MB): peak = 740.438 ; gain = 0.000
INFO: [Common 17-206] Exiting Vivado at Mon Jun 17 10:41:05 2019...
