13:42:43 **** Auto Build of project ucos_dma_bsp ****
make -k all 
"Running Make include in ps7_cortexa9_0/libsrc/axidma_v9_3/src"
make -C ps7_cortexa9_0/libsrc/axidma_v9_3/src -s include  "SHELL=CMD" "COMPILER=arm-none-eabi-gcc" "ARCHIVER=arm-none-eabi-ar" "COMPILER_FLAGS=  -O2 -c" "EXTRA_COMPILER_FLAGS=-g -mcpu=cortex-a9 -mfpu=vfpv3 -mfloat-abi=hard"
"Running Make include in ps7_cortexa9_0/libsrc/coresightps_dcc_v1_4/src"
make -C ps7_cortexa9_0/libsrc/coresightps_dcc_v1_4/src -s include  "SHELL=CMD" "COMPILER=arm-none-eabi-gcc" "ARCHIVER=arm-none-eabi-ar" "COMPILER_FLAGS=  -O2 -c" "EXTRA_COMPILER_FLAGS=-g -mcpu=cortex-a9 -mfpu=vfpv3 -mfloat-abi=hard"
"Running Make include in ps7_cortexa9_0/libsrc/ddrps_v1_0/src"
make -C ps7_cortexa9_0/libsrc/ddrps_v1_0/src -s include  "SHELL=CMD" "COMPILER=arm-none-eabi-gcc" "ARCHIVER=arm-none-eabi-ar" "COMPILER_FLAGS=  -O2 -c" "EXTRA_COMPILER_FLAGS=-g -mcpu=cortex-a9 -mfpu=vfpv3 -mfloat-abi=hard"
"Running Make include in ps7_cortexa9_0/libsrc/devcfg_v3_4/src"
make -C ps7_cortexa9_0/libsrc/devcfg_v3_4/src -s include  "SHELL=CMD" "COMPILER=arm-none-eabi-gcc" "ARCHIVER=arm-none-eabi-ar" "COMPILER_FLAGS=  -O2 -c" "EXTRA_COMPILER_FLAGS=-g -mcpu=cortex-a9 -mfpu=vfpv3 -mfloat-abi=hard"
"Running Make include in ps7_cortexa9_0/libsrc/dmaps_v2_3/src"
make -C ps7_cortexa9_0/libsrc/dmaps_v2_3/src -s include  "SHELL=CMD" "COMPILER=arm-none-eabi-gcc" "ARCHIVER=arm-none-eabi-ar" "COMPILER_FLAGS=  -O2 -c" "EXTRA_COMPILER_FLAGS=-g -mcpu=cortex-a9 -mfpu=vfpv3 -mfloat-abi=hard"
"Running Make include in ps7_cortexa9_0/libsrc/gpiops_v3_2/src"
make -C ps7_cortexa9_0/libsrc/gpiops_v3_2/src -s include  "SHELL=CMD" "COMPILER=arm-none-eabi-gcc" "ARCHIVER=arm-none-eabi-ar" "COMPILER_FLAGS=  -O2 -c" "EXTRA_COMPILER_FLAGS=-g -mcpu=cortex-a9 -mfpu=vfpv3 -mfloat-abi=hard"
"Running Make include in ps7_cortexa9_0/libsrc/qspips_v3_3/src"
make -C ps7_cortexa9_0/libsrc/qspips_v3_3/src -s include  "SHELL=CMD" "COMPILER=arm-none-eabi-gcc" "ARCHIVER=arm-none-eabi-ar" "COMPILER_FLAGS=  -O2 -c" "EXTRA_COMPILER_FLAGS=-g -mcpu=cortex-a9 -mfpu=vfpv3 -mfloat-abi=hard"
"Running Make include in ps7_cortexa9_0/libsrc/scuwdt_v2_1/src"
make -C ps7_cortexa9_0/libsrc/scuwdt_v2_1/src -s include  "SHELL=CMD" "COMPILER=arm-none-eabi-gcc" "ARCHIVER=arm-none-eabi-ar" "COMPILER_FLAGS=  -O2 -c" "EXTRA_COMPILER_FLAGS=-g -mcpu=cortex-a9 -mfpu=vfpv3 -mfloat-abi=hard"
"Running Make include in ps7_cortexa9_0/libsrc/ucos_common_v1_43/src"
make -C ps7_cortexa9_0/libsrc/ucos_common_v1_43/src -s include  "SHELL=CMD" "COMPILER=arm-none-eabi-gcc" "ARCHIVER=arm-none-eabi-ar" "COMPILER_FLAGS=  -O2 -c" "EXTRA_COMPILER_FLAGS=-g -mcpu=cortex-a9 -mfpu=vfpv3 -mfloat-abi=hard"
"Running Make include in ps7_cortexa9_0/libsrc/ucos_cpu_cortexa9_v1_43/src"
make -C ps7_cortexa9_0/libsrc/ucos_cpu_cortexa9_v1_43/src -s include  "SHELL=CMD" "COMPILER=arm-none-eabi-gcc" "ARCHIVER=arm-none-eabi-ar" "COMPILER_FLAGS=  -O2 -c" "EXTRA_COMPILER_FLAGS=-g -mcpu=cortex-a9 -mfpu=vfpv3 -mfloat-abi=hard"
"Running Make include in ps7_cortexa9_0/libsrc/ucos_emacps_v1_43/src"
make -C ps7_cortexa9_0/libsrc/ucos_emacps_v1_43/src -s include  "SHELL=CMD" "COMPILER=arm-none-eabi-gcc" "ARCHIVER=arm-none-eabi-ar" "COMPILER_FLAGS=  -O2 -c" "EXTRA_COMPILER_FLAGS=-g -mcpu=cortex-a9 -mfpu=vfpv3 -mfloat-abi=hard"
"Running Make include in ps7_cortexa9_0/libsrc/ucos_l2cachec_v1_43/src"
make -C ps7_cortexa9_0/libsrc/ucos_l2cachec_v1_43/src -s include  "SHELL=CMD" "COMPILER=arm-none-eabi-gcc" "ARCHIVER=arm-none-eabi-ar" "COMPILER_FLAGS=  -O2 -c" "EXTRA_COMPILER_FLAGS=-g -mcpu=cortex-a9 -mfpu=vfpv3 -mfloat-abi=hard"
"Running Make include in ps7_cortexa9_0/libsrc/ucos_osii_v1_43/src"
make -C ps7_cortexa9_0/libsrc/ucos_osii_v1_43/src -s include  "SHELL=CMD" "COMPILER=arm-none-eabi-gcc" "ARCHIVER=arm-none-eabi-ar" "COMPILER_FLAGS=  -O2 -c" "EXTRA_COMPILER_FLAGS=-g -mcpu=cortex-a9 -mfpu=vfpv3 -mfloat-abi=hard"
"Running Make include in ps7_cortexa9_0/libsrc/ucos_scuc_v1_43/src"
make -C ps7_cortexa9_0/libsrc/ucos_scuc_v1_43/src -s include  "SHELL=CMD" "COMPILER=arm-none-eabi-gcc" "ARCHIVER=arm-none-eabi-ar" "COMPILER_FLAGS=  -O2 -c" "EXTRA_COMPILER_FLAGS=-g -mcpu=cortex-a9 -mfpu=vfpv3 -mfloat-abi=hard"
"Running Make include in ps7_cortexa9_0/libsrc/ucos_scugic_v1_43/src"
make -C ps7_cortexa9_0/libsrc/ucos_scugic_v1_43/src -s include  "SHELL=CMD" "COMPILER=arm-none-eabi-gcc" "ARCHIVER=arm-none-eabi-ar" "COMPILER_FLAGS=  -O2 -c" "EXTRA_COMPILER_FLAGS=-g -mcpu=cortex-a9 -mfpu=vfpv3 -mfloat-abi=hard"
"Running Make include in ps7_cortexa9_0/libsrc/ucos_scutimer_v1_43/src"
make -C ps7_cortexa9_0/libsrc/ucos_scutimer_v1_43/src -s include  "SHELL=CMD" "COMPILER=arm-none-eabi-gcc" "ARCHIVER=arm-none-eabi-ar" "COMPILER_FLAGS=  -O2 -c" "EXTRA_COMPILER_FLAGS=-g -mcpu=cortex-a9 -mfpu=vfpv3 -mfloat-abi=hard"
"Running Make include in ps7_cortexa9_0/libsrc/ucos_standalone_v1_43/src"
make -C ps7_cortexa9_0/libsrc/ucos_standalone_v1_43/src -s include  "SHELL=CMD" "COMPILER=arm-none-eabi-gcc" "ARCHIVER=arm-none-eabi-ar" "COMPILER_FLAGS=  -O2 -c" "EXTRA_COMPILER_FLAGS=-g -mcpu=cortex-a9 -mfpu=vfpv3 -mfloat-abi=hard"
"Running Make include in ps7_cortexa9_0/libsrc/ucos_ttcps_v1_43/src"
make -C ps7_cortexa9_0/libsrc/ucos_ttcps_v1_43/src -s include  "SHELL=CMD" "COMPILER=arm-none-eabi-gcc" "ARCHIVER=arm-none-eabi-ar" "COMPILER_FLAGS=  -O2 -c" "EXTRA_COMPILER_FLAGS=-g -mcpu=cortex-a9 -mfpu=vfpv3 -mfloat-abi=hard"
"Running Make include in ps7_cortexa9_0/libsrc/ucos_uartps_v1_43/src"
make -C ps7_cortexa9_0/libsrc/ucos_uartps_v1_43/src -s include  "SHELL=CMD" "COMPILER=arm-none-eabi-gcc" "ARCHIVER=arm-none-eabi-ar" "COMPILER_FLAGS=  -O2 -c" "EXTRA_COMPILER_FLAGS=-g -mcpu=cortex-a9 -mfpu=vfpv3 -mfloat-abi=hard"
"Running Make include in ps7_cortexa9_0/libsrc/ucos_usbps_v1_43/src"
make -C ps7_cortexa9_0/libsrc/ucos_usbps_v1_43/src -s include  "SHELL=CMD" "COMPILER=arm-none-eabi-gcc" "ARCHIVER=arm-none-eabi-ar" "COMPILER_FLAGS=  -O2 -c" "EXTRA_COMPILER_FLAGS=-g -mcpu=cortex-a9 -mfpu=vfpv3 -mfloat-abi=hard"
"Running Make include in ps7_cortexa9_0/libsrc/ucos_v1_43/src"
make -C ps7_cortexa9_0/libsrc/ucos_v1_43/src -s include  "SHELL=CMD" "COMPILER=arm-none-eabi-gcc" "ARCHIVER=arm-none-eabi-ar" "COMPILER_FLAGS=  -O2 -c" "EXTRA_COMPILER_FLAGS=-g -mcpu=cortex-a9 -mfpu=vfpv3 -mfloat-abi=hard"
"Running Make include in ps7_cortexa9_0/libsrc/xadcps_v2_2/src"
make -C ps7_cortexa9_0/libsrc/xadcps_v2_2/src -s include  "SHELL=CMD" "COMPILER=arm-none-eabi-gcc" "ARCHIVER=arm-none-eabi-ar" "COMPILER_FLAGS=  -O2 -c" "EXTRA_COMPILER_FLAGS=-g -mcpu=cortex-a9 -mfpu=vfpv3 -mfloat-abi=hard"
"Running Make libs in ps7_cortexa9_0/libsrc/axidma_v9_3/src"
make -C ps7_cortexa9_0/libsrc/axidma_v9_3/src -s libs  "SHELL=CMD" "COMPILER=arm-none-eabi-gcc" "ARCHIVER=arm-none-eabi-ar" "COMPILER_FLAGS=  -O2 -c" "EXTRA_COMPILER_FLAGS=-g -mcpu=cortex-a9 -mfpu=vfpv3 -mfloat-abi=hard"
"Compiling axidma"
"Running Make libs in ps7_cortexa9_0/libsrc/coresightps_dcc_v1_4/src"
make -C ps7_cortexa9_0/libsrc/coresightps_dcc_v1_4/src -s libs  "SHELL=CMD" "COMPILER=arm-none-eabi-gcc" "ARCHIVER=arm-none-eabi-ar" "COMPILER_FLAGS=  -O2 -c" "EXTRA_COMPILER_FLAGS=-g -mcpu=cortex-a9 -mfpu=vfpv3 -mfloat-abi=hard"
"Compiling coresightps_dcc"
"Running Make libs in ps7_cortexa9_0/libsrc/ddrps_v1_0/src"
make -C ps7_cortexa9_0/libsrc/ddrps_v1_0/src -s libs  "SHELL=CMD" "COMPILER=arm-none-eabi-gcc" "ARCHIVER=arm-none-eabi-ar" "COMPILER_FLAGS=  -O2 -c" "EXTRA_COMPILER_FLAGS=-g -mcpu=cortex-a9 -mfpu=vfpv3 -mfloat-abi=hard"
"Compiling ddrps"
"Running Make libs in ps7_cortexa9_0/libsrc/devcfg_v3_4/src"
make -C ps7_cortexa9_0/libsrc/devcfg_v3_4/src -s libs  "SHELL=CMD" "COMPILER=arm-none-eabi-gcc" "ARCHIVER=arm-none-eabi-ar" "COMPILER_FLAGS=  -O2 -c" "EXTRA_COMPILER_FLAGS=-g -mcpu=cortex-a9 -mfpu=vfpv3 -mfloat-abi=hard"
"Compiling devcfg"
"Running Make libs in ps7_cortexa9_0/libsrc/dmaps_v2_3/src"
make -C ps7_cortexa9_0/libsrc/dmaps_v2_3/src -s libs  "SHELL=CMD" "COMPILER=arm-none-eabi-gcc" "ARCHIVER=arm-none-eabi-ar" "COMPILER_FLAGS=  -O2 -c" "EXTRA_COMPILER_FLAGS=-g -mcpu=cortex-a9 -mfpu=vfpv3 -mfloat-abi=hard"
"Compiling dmaps"
"Running Make libs in ps7_cortexa9_0/libsrc/gpiops_v3_2/src"
make -C ps7_cortexa9_0/libsrc/gpiops_v3_2/src -s libs  "SHELL=CMD" "COMPILER=arm-none-eabi-gcc" "ARCHIVER=arm-none-eabi-ar" "COMPILER_FLAGS=  -O2 -c" "EXTRA_COMPILER_FLAGS=-g -mcpu=cortex-a9 -mfpu=vfpv3 -mfloat-abi=hard"
"Compiling gpiops"
"Running Make libs in ps7_cortexa9_0/libsrc/qspips_v3_3/src"
make -C ps7_cortexa9_0/libsrc/qspips_v3_3/src -s libs  "SHELL=CMD" "COMPILER=arm-none-eabi-gcc" "ARCHIVER=arm-none-eabi-ar" "COMPILER_FLAGS=  -O2 -c" "EXTRA_COMPILER_FLAGS=-g -mcpu=cortex-a9 -mfpu=vfpv3 -mfloat-abi=hard"
"Compiling qspips"
"Running Make libs in ps7_cortexa9_0/libsrc/scuwdt_v2_1/src"
make -C ps7_cortexa9_0/libsrc/scuwdt_v2_1/src -s libs  "SHELL=CMD" "COMPILER=arm-none-eabi-gcc" "ARCHIVER=arm-none-eabi-ar" "COMPILER_FLAGS=  -O2 -c" "EXTRA_COMPILER_FLAGS=-g -mcpu=cortex-a9 -mfpu=vfpv3 -mfloat-abi=hard"
"Compiling scuwdt"
"Running Make libs in ps7_cortexa9_0/libsrc/ucos_common_v1_43/src"
make -C ps7_cortexa9_0/libsrc/ucos_common_v1_43/src -s libs  "SHELL=CMD" "COMPILER=arm-none-eabi-gcc" "ARCHIVER=arm-none-eabi-ar" "COMPILER_FLAGS=  -O2 -c" "EXTRA_COMPILER_FLAGS=-g -mcpu=cortex-a9 -mfpu=vfpv3 -mfloat-abi=hard"
"Compiling uC/OS Common Components"
"Running Make libs in ps7_cortexa9_0/libsrc/ucos_cpu_cortexa9_v1_43/src"
make -C ps7_cortexa9_0/libsrc/ucos_cpu_cortexa9_v1_43/src -s libs  "SHELL=CMD" "COMPILER=arm-none-eabi-gcc" "ARCHIVER=arm-none-eabi-ar" "COMPILER_FLAGS=  -O2 -c" "EXTRA_COMPILER_FLAGS=-g -mcpu=cortex-a9 -mfpu=vfpv3 -mfloat-abi=hard"
"Compiling ucos_cpu_cortexa9"
"Running Make libs in ps7_cortexa9_0/libsrc/ucos_emacps_v1_43/src"
make -C ps7_cortexa9_0/libsrc/ucos_emacps_v1_43/src -s libs  "SHELL=CMD" "COMPILER=arm-none-eabi-gcc" "ARCHIVER=arm-none-eabi-ar" "COMPILER_FLAGS=  -O2 -c" "EXTRA_COMPILER_FLAGS=-g -mcpu=cortex-a9 -mfpu=vfpv3 -mfloat-abi=hard"
"Compiling ucos_usbps"
"Running Make libs in ps7_cortexa9_0/libsrc/ucos_l2cachec_v1_43/src"
make -C ps7_cortexa9_0/libsrc/ucos_l2cachec_v1_43/src -s libs  "SHELL=CMD" "COMPILER=arm-none-eabi-gcc" "ARCHIVER=arm-none-eabi-ar" "COMPILER_FLAGS=  -O2 -c" "EXTRA_COMPILER_FLAGS=-g -mcpu=cortex-a9 -mfpu=vfpv3 -mfloat-abi=hard"
"Compiling ucos_scuc"
"Running Make libs in ps7_cortexa9_0/libsrc/ucos_osii_v1_43/src"
make -C ps7_cortexa9_0/libsrc/ucos_osii_v1_43/src -s libs  "SHELL=CMD" "COMPILER=arm-none-eabi-gcc" "ARCHIVER=arm-none-eabi-ar" "COMPILER_FLAGS=  -O2 -c" "EXTRA_COMPILER_FLAGS=-g -mcpu=cortex-a9 -mfpu=vfpv3 -mfloat-abi=hard"
"Compiling uC/OS-II"
"Running Make libs in ps7_cortexa9_0/libsrc/ucos_scuc_v1_43/src"
make -C ps7_cortexa9_0/libsrc/ucos_scuc_v1_43/src -s libs  "SHELL=CMD" "COMPILER=arm-none-eabi-gcc" "ARCHIVER=arm-none-eabi-ar" "COMPILER_FLAGS=  -O2 -c" "EXTRA_COMPILER_FLAGS=-g -mcpu=cortex-a9 -mfpu=vfpv3 -mfloat-abi=hard"
"Compiling ucos_l2cachec"
"Running Make libs in ps7_cortexa9_0/libsrc/ucos_scugic_v1_43/src"
make -C ps7_cortexa9_0/libsrc/ucos_scugic_v1_43/src -s libs  "SHELL=CMD" "COMPILER=arm-none-eabi-gcc" "ARCHIVER=arm-none-eabi-ar" "COMPILER_FLAGS=  -O2 -c" "EXTRA_COMPILER_FLAGS=-g -mcpu=cortex-a9 -mfpu=vfpv3 -mfloat-abi=hard"
"Compiling scugic"
"Running Make libs in ps7_cortexa9_0/libsrc/ucos_scutimer_v1_43/src"
make -C ps7_cortexa9_0/libsrc/ucos_scutimer_v1_43/src -s libs  "SHELL=CMD" "COMPILER=arm-none-eabi-gcc" "ARCHIVER=arm-none-eabi-ar" "COMPILER_FLAGS=  -O2 -c" "EXTRA_COMPILER_FLAGS=-g -mcpu=cortex-a9 -mfpu=vfpv3 -mfloat-abi=hard"
"Compiling scutimer"
"Running Make libs in ps7_cortexa9_0/libsrc/ucos_standalone_v1_43/src"
make -C ps7_cortexa9_0/libsrc/ucos_standalone_v1_43/src -s libs  "SHELL=CMD" "COMPILER=arm-none-eabi-gcc" "ARCHIVER=arm-none-eabi-ar" "COMPILER_FLAGS=  -O2 -c" "EXTRA_COMPILER_FLAGS=-g -mcpu=cortex-a9 -mfpu=vfpv3 -mfloat-abi=hard"
"Compiling standalone"
"Running Make libs in ps7_cortexa9_0/libsrc/ucos_ttcps_v1_43/src"
make -C ps7_cortexa9_0/libsrc/ucos_ttcps_v1_43/src -s libs  "SHELL=CMD" "COMPILER=arm-none-eabi-gcc" "ARCHIVER=arm-none-eabi-ar" "COMPILER_FLAGS=  -O2 -c" "EXTRA_COMPILER_FLAGS=-g -mcpu=cortex-a9 -mfpu=vfpv3 -mfloat-abi=hard"
"Compiling ucos_ttcps"
"Running Make libs in ps7_cortexa9_0/libsrc/ucos_uartps_v1_43/src"
make -C ps7_cortexa9_0/libsrc/ucos_uartps_v1_43/src -s libs  "SHELL=CMD" "COMPILER=arm-none-eabi-gcc" "ARCHIVER=arm-none-eabi-ar" "COMPILER_FLAGS=  -O2 -c" "EXTRA_COMPILER_FLAGS=-g -mcpu=cortex-a9 -mfpu=vfpv3 -mfloat-abi=hard"
"Compiling ucos_emacps"
"Running Make libs in ps7_cortexa9_0/libsrc/ucos_usbps_v1_43/src"
make -C ps7_cortexa9_0/libsrc/ucos_usbps_v1_43/src -s libs  "SHELL=CMD" "COMPILER=arm-none-eabi-gcc" "ARCHIVER=arm-none-eabi-ar" "COMPILER_FLAGS=  -O2 -c" "EXTRA_COMPILER_FLAGS=-g -mcpu=cortex-a9 -mfpu=vfpv3 -mfloat-abi=hard"
"Compiling ucos_usbps"
"Running Make libs in ps7_cortexa9_0/libsrc/ucos_v1_43/src"
make -C ps7_cortexa9_0/libsrc/ucos_v1_43/src -s libs  "SHELL=CMD" "COMPILER=arm-none-eabi-gcc" "ARCHIVER=arm-none-eabi-ar" "COMPILER_FLAGS=  -O2 -c" "EXTRA_COMPILER_FLAGS=-g -mcpu=cortex-a9 -mfpu=vfpv3 -mfloat-abi=hard"
"Compiling uC/OS"
ucos_startup.c: In function 'UCOSStartup':
ucos_startup.c:82:5: warning: implicit declaration of function 'guest_CPU_IntDis' [-Wimplicit-function-declaration]
     guest_CPU_IntDis();
     ^~~~~~~~~~~~~~~~
ucos_startup.c:118:5: warning: implicit declaration of function 'guest_CPU_IntEn' [-Wimplicit-function-declaration]
     guest_CPU_IntEn();
     ^~~~~~~~~~~~~~~
"Running Make libs in ps7_cortexa9_0/libsrc/xadcps_v2_2/src"
make -C ps7_cortexa9_0/libsrc/xadcps_v2_2/src -s libs  "SHELL=CMD" "COMPILER=arm-none-eabi-gcc" "ARCHIVER=arm-none-eabi-ar" "COMPILER_FLAGS=  -O2 -c" "EXTRA_COMPILER_FLAGS=-g -mcpu=cortex-a9 -mfpu=vfpv3 -mfloat-abi=hard"
"Compiling xadcps"
'Finished building libraries'

13:43:35 Build Finished (took 52s.316ms)

