#-----------------------------------------------------------
# Webtalk v2017.1 (64-bit)
# SW Build 1846317 on Fri Apr 14 18:55:03 MDT 2017
# 
# Start of session at: Tue Jun 18 14:51:27 2019
# Process ID: 8336
# Current directory: D:/vivado_2017.1/DPR/PR_add_sub_int/PR_add_sub_int.sdk/webtalk
# Command line: wbtcv.exe -mode batch -source sdk_webtalk.tcl
# Log file: D:/vivado_2017.1/DPR/PR_add_sub_int/PR_add_sub_int.sdk/webtalk/webtalk.log
# Journal file: D:/vivado_2017.1/DPR/PR_add_sub_int/PR_add_sub_int.sdk/webtalk\webtalk.jou
#-----------------------------------------------------------
source sdk_webtalk.tcl
# webtalk_init -webtalk_dir D:\\vivado_2017.1\\DPR\\PR_add_sub_int\\PR_add_sub_int.sdk\\webtalk
# webtalk_register_client -client project
# webtalk_add_data -client project -key date_generated -value "2019-06-18 14:51:25" -context "software_version_and_target_device"
# webtalk_add_data -client project -key product_version -value "SDK v2017.1" -context "software_version_and_target_device"
# webtalk_add_data -client project -key build_version -value "2017.1" -context "software_version_and_target_device"
# webtalk_add_data -client project -key os_platform -value "amd64" -context "software_version_and_target_device"
# webtalk_add_data -client project -key registration_id -value "202731612_205625137_210692307_906" -context "software_version_and_target_device"
# webtalk_add_data -client project -key tool_flow -value "SDK" -context "software_version_and_target_device"
# webtalk_add_data -client project -key beta -value "false" -context "software_version_and_target_device"
# webtalk_add_data -client project -key route_design -value "NA" -context "software_version_and_target_device"
# webtalk_add_data -client project -key target_family -value "NA" -context "software_version_and_target_device"
# webtalk_add_data -client project -key target_device -value "NA" -context "software_version_and_target_device"
# webtalk_add_data -client project -key target_package -value "NA" -context "software_version_and_target_device"
# webtalk_add_data -client project -key target_speed -value "NA" -context "software_version_and_target_device"
# webtalk_add_data -client project -key random_id -value "ptom815onor4ada28seogvkctc" -context "software_version_and_target_device"
# webtalk_add_data -client project -key project_id -value "2017.1_106" -context "software_version_and_target_device"
# webtalk_add_data -client project -key project_iteration -value "106" -context "software_version_and_target_device"
# webtalk_add_data -client project -key os_name -value "Microsoft Windows 7 , 64-bit" -context "user_environment"
# webtalk_add_data -client project -key os_release -value "Service Pack 1  (build 7601)" -context "user_environment"
# webtalk_add_data -client project -key cpu_name -value "Intel(R) Core(TM) i3-2100 CPU @ 3.10GHz" -context "user_environment"
# webtalk_add_data -client project -key cpu_speed -value "3093 MHz" -context "user_environment"
# webtalk_add_data -client project -key total_processors -value "1" -context "user_environment"
# webtalk_add_data -client project -key system_ram -value "8.000 GB" -context "user_environment"
# webtalk_register_client -client sdk
# webtalk_add_data -client sdk -key uid -value "1560763903285" -context "sdk\\\\hardware/1560763903285"
# webtalk_add_data -client sdk -key isZynq -value "true" -context "sdk\\\\hardware/1560763903285"
# webtalk_add_data -client sdk -key isZynqMP -value "false" -context "sdk\\\\hardware/1560763903285"
# webtalk_add_data -client sdk -key Processors -value "2" -context "sdk\\\\hardware/1560763903285"
# webtalk_add_data -client sdk -key VivadoVersion -value "2017.1" -context "sdk\\\\hardware/1560763903285"
# webtalk_add_data -client sdk -key Arch -value "zynq" -context "sdk\\\\hardware/1560763903285"
# webtalk_add_data -client sdk -key Device -value "7z020" -context "sdk\\\\hardware/1560763903285"
# webtalk_add_data -client sdk -key IsHandoff -value "true" -context "sdk\\\\hardware/1560763903285"
# webtalk_add_data -client sdk -key os -value "NA" -context "sdk\\\\hardware/1560763903285"
# webtalk_add_data -client sdk -key apptemplate -value "NA" -context "sdk\\\\hardware/1560763903285"
# webtalk_add_data -client sdk -key RecordType -value "HWCreation" -context "sdk\\\\hardware/1560763903285"
# webtalk_add_data -client sdk -key uid -value "1560763919746" -context "sdk\\\\bsp/1560763919746"
# webtalk_add_data -client sdk -key hwid -value "1560763903285" -context "sdk\\\\bsp/1560763919746"
# webtalk_add_data -client sdk -key os -value "standalone" -context "sdk\\\\bsp/1560763919746"
# webtalk_add_data -client sdk -key apptemplate -value "hello_world" -context "sdk\\\\bsp/1560763919746"
# webtalk_add_data -client sdk -key RecordType -value "BSPCreation" -context "sdk\\\\bsp/1560763919746"
# webtalk_add_data -client sdk -key uid -value "1560763921730" -context "sdk\\\\application/1560763921730"
# webtalk_add_data -client sdk -key hwid -value "1560763903285" -context "sdk\\\\application/1560763921730"
# webtalk_add_data -client sdk -key bspid -value "1560763919746" -context "sdk\\\\application/1560763921730"
# webtalk_add_data -client sdk -key newbsp -value "true" -context "sdk\\\\application/1560763921730"
# webtalk_add_data -client sdk -key os -value "standalone" -context "sdk\\\\application/1560763921730"
# webtalk_add_data -client sdk -key apptemplate -value "hello_world" -context "sdk\\\\application/1560763921730"
# webtalk_add_data -client sdk -key RecordType -value "APPCreation" -context "sdk\\\\application/1560763921730"
# webtalk_add_data -client sdk -key LangUsed -value "C" -context "sdk\\\\application/1560763921730"
# webtalk_add_data -client sdk -key Procused -value "ps7_cortexa9" -context "sdk\\\\application/1560763921730"
# webtalk_add_data -client sdk -key projSize -value "285.5390625" -context "sdk\\\\application/1560763921730"
# webtalk_add_data -client sdk -key uid -value "1560764930368" -context "sdk\\\\application/1560764930368"
# webtalk_add_data -client sdk -key hwid -value "1560763903285" -context "sdk\\\\application/1560764930368"
# webtalk_add_data -client sdk -key bspid -value "1560763919746" -context "sdk\\\\application/1560764930368"
# webtalk_add_data -client sdk -key newbsp -value "false" -context "sdk\\\\application/1560764930368"
# webtalk_add_data -client sdk -key os -value "standalone" -context "sdk\\\\application/1560764930368"
# webtalk_add_data -client sdk -key apptemplate -value "hello_world" -context "sdk\\\\application/1560764930368"
# webtalk_add_data -client sdk -key RecordType -value "APPCreation" -context "sdk\\\\application/1560764930368"
# webtalk_add_data -client sdk -key LangUsed -value "C" -context "sdk\\\\application/1560764930368"
# webtalk_add_data -client sdk -key Procused -value "ps7_cortexa9" -context "sdk\\\\application/1560764930368"
# webtalk_add_data -client sdk -key uid -value "1560772063958" -context "sdk\\\\bsp/1560772063958"
# webtalk_add_data -client sdk -key hwid -value "1560763903285" -context "sdk\\\\bsp/1560772063958"
# webtalk_add_data -client sdk -key os -value "standalone" -context "sdk\\\\bsp/1560772063958"
# webtalk_add_data -client sdk -key apptemplate -value "null" -context "sdk\\\\bsp/1560772063958"
# webtalk_add_data -client sdk -key RecordType -value "BSPCreation" -context "sdk\\\\bsp/1560772063958"
# webtalk_add_data -client sdk -key uid -value "NA" -context "sdk\\\\bsp/1560862285657"
# webtalk_add_data -client sdk -key RecordType -value "ToolUsage" -context "sdk\\\\bsp/1560862285657"
# webtalk_add_data -client sdk -key BootgenCount -value "0" -context "sdk\\\\bsp/1560862285657"
# webtalk_add_data -client sdk -key DebugCount -value "61" -context "sdk\\\\bsp/1560862285657"
# webtalk_add_data -client sdk -key PerfCount -value "0" -context "sdk\\\\bsp/1560862285657"
# webtalk_add_data -client sdk -key FlashCount -value "0" -context "sdk\\\\bsp/1560862285657"
# webtalk_add_data -client sdk -key CrossTriggCount -value "0" -context "sdk\\\\bsp/1560862285657"
# webtalk_add_data -client sdk -key QemuDebugCount -value "0" -context "sdk\\\\bsp/1560862285657"
# webtalk_transmit -clientid 120527904 -regid "202731612_205625137_210692307_906" -xml D:\\vivado_2017.1\\DPR\\PR_add_sub_int\\PR_add_sub_int.sdk\\webtalk\\usage_statistics_ext_sdk.xml -html D:\\vivado_2017.1\\DPR\\PR_add_sub_int\\PR_add_sub_int.sdk\\webtalk\\usage_statistics_ext_sdk.html -wdm D:\\vivado_2017.1\\DPR\\PR_add_sub_int\\PR_add_sub_int.sdk\\webtalk\\sdk_webtalk.wdm -intro "<H3>SDK Usage Report</H3><BR>"
INFO: [Common 17-186] 'D:\vivado_2017.1\DPR\PR_add_sub_int\PR_add_sub_int.sdk\webtalk\usage_statistics_ext_sdk.xml' has been successfully sent to Xilinx on Tue Jun 18 14:51:44 2019. For additional details about this file, please refer to the WebTalk help file at D:/xilinx/SDK/2017.1/doc/webtalk_introduction.html.
webtalk_transmit: Time (s): cpu = 00:00:00 ; elapsed = 00:00:13 . Memory (MB): peak = 62.141 ; gain = 0.195
# webtalk_terminate
INFO: [Common 17-206] Exiting Webtalk at Tue Jun 18 14:51:44 2019...
