#
# A fatal error has been detected by the Java Runtime Environment:
#
#  EXCEPTION_ACCESS_VIOLATION (0xc0000005) at pc=0x000007fee23345a6, pid=8200, tid=0x0000000000001764
#
# JRE version: Java(TM) SE Runtime Environment (8.0_112-b15) (build 1.8.0_112-b15)
# Java VM: Java HotSpot(TM) 64-Bit Server VM (25.112-b15 mixed mode windows-amd64 compressed oops)
# Problematic frame:
# C  [pthreadVC2.dll+0x45a6]
#
# Failed to write core dump. Minidumps are not enabled by default on client versions of Windows
#
# If you would like to submit a bug report, please visit:
#   http://bugreport.java.com/bugreport/crash.jsp
# The crash happened outside the Java Virtual Machine in native code.
# See problematic frame for where to report the bug.
#

---------------  T H R E A D  ---------------

Current thread (0x00000000559b4800):  JavaThread "Update Design Hierarchy" [_thread_in_native, id=5988, stack(0x0000000097f20000,0x0000000098420000)]

siginfo: ExceptionCode=0xc0000005, reading address 0x0000000000000008

Registers:
RAX=0x000055dbb1991b4d, RBX=0x0000000000000000, RCX=0x00000000228fcd50, RDX=0x00000000228fcd50
RSP=0x000000009841e420, RBP=0x000000009841e740, RSI=0x0000000023bf9968, RDI=0x0000000000000000
R8 =0x0000000000000000, R9 =0x000000009841eb20, R10=0x0000000000000000, R11=0x000000000000004d
R12=0x00000000228fcc80, R13=0x0000000000000000, R14=0x00000000228fcd50, R15=0x00000000308b3878
RIP=0x000007fee23345a6, EFLAGS=0x0000000000010217

Top of Stack: (sp=0x000000009841e420)
0x000000009841e420:   0000000000000000 000000000a90306d
0x000000009841e430:   0000000000000000 00000000228fcc80
0x000000009841e440:   0000000002940020 0000000000000000
0x000000009841e450:   0000000000000010 000000000a907971
0x000000009841e460:   0000000000000080 000000009841eb08
0x000000009841e470:   fffffffffffffffe 000000000a901b5c
0x000000009841e480:   0000000000000010 000007fec653a4d0
0x000000009841e490:   0000000000000080 000000000a90cd48
0x000000009841e4a0:   00000000308b3878 0000000000000000
0x000000009841e4b0:   ffffffffffffff80 000007fec653f480
0x000000009841e4c0:   00000000308b3878 fffffffffffffffe
0x000000009841e4d0:   0000000000000000 0000000000000001
0x000000009841e4e0:   0000000000000000 000007fed978217e
0x000000009841e4f0:   00000000228fcd50 000000009841e740
0x000000009841e500:   000000009841eb10 000007fec65db2c1
0x000000009841e510:   0000000023c3e4a0 0000000000000008 

Instructions: (pc=0x000007fee23345a6)
0x000007fee2334586:   85 e6 01 00 00 48 89 9c 24 d0 00 00 00 49 8b 1e
0x000007fee2334596:   48 89 ac 24 d8 00 00 00 4c 89 bc 24 a0 00 00 00
0x000007fee23345a6:   44 8b 7b 08 45 85 ff 78 7c bd 01 00 00 00 33 c0
0x000007fee23345b6:   f0 0f b1 2b 75 2a 45 85 ff 0f 84 92 01 00 00 48 


Register to memory mapping:

RAX=0x000055dbb1991b4d is an unknown value
RBX=0x0000000000000000 is an unknown value
RCX=0x00000000228fcd50 is an unknown value
RDX=0x00000000228fcd50 is an unknown value
RSP=0x000000009841e420 is pointing into the stack for thread: 0x00000000559b4800
RBP=0x000000009841e740 is pointing into the stack for thread: 0x00000000559b4800
RSI=0x0000000023bf9968 is an unknown value
RDI=0x0000000000000000 is an unknown value
R8 =0x0000000000000000 is an unknown value
R9 =0x000000009841eb20 is pointing into the stack for thread: 0x00000000559b4800
R10=0x0000000000000000 is an unknown value
R11=0x000000000000004d is an unknown value
R12=0x00000000228fcc80 is an unknown value
R13=0x0000000000000000 is an unknown value
R14=0x00000000228fcd50 is an unknown value
R15=0x00000000308b3878 is an unknown value


Stack: [0x0000000097f20000,0x0000000098420000],  sp=0x000000009841e420,  free space=5113k
Native frames: (J=compiled Java code, j=interpreted, Vv=VM code, C=native code)
C  [pthreadVC2.dll+0x45a6]
C  [librdi_common.dll+0x4217e]
C  [librdi_common.dll+0x3ec20]
C  [librdi_common.dll+0x317b4]
C  [librdi_filemgmt.dll+0xd2243]
C  [librdi_filemgmt.dll+0x144656]
C  [librdi_tcltasks.dll+0x2fe380]
C  [librdi_tcltasks.dll+0x421162]
C  0x0000000012297f74

Java frames: (J=compiled Java code, j=interpreted, Vv=VM code)
j  ui.frmwork.designcmds.HTCDesignCommands_updateGraphFilesets(JI)Z+0
j  ui.a.e.a(Lui/project/r;Lui/data/design/c;)Z+11
j  ui.data.design.n.dR(Z)V+343
j  ui.data.design.n.dQ(Z)V+2
j  ui.data.design.n.aps()V+22
j  ui.views.p.X.K()V+11
j  ui.b.c.bB.construct()Ljava/lang/Object;+13
j  ui.frmwork.D.run()V+23
j  java.lang.Thread.run()V+11
v  ~StubRoutines::call_stub

---------------  P R O C E S S  ---------------

Java Threads: ( => current thread )
=>0x00000000559b4800 JavaThread "Update Design Hierarchy" [_thread_in_native, id=5988, stack(0x0000000097f20000,0x0000000098420000)]
  0x0000000055e70800 JavaThread "Image Fetcher 0" daemon [_thread_blocked, id=8808, stack(0x0000000097990000,0x0000000097e90000)]
  0x000000007be33800 JavaThread "Thread-382" [_thread_in_native, id=6664, stack(0x000000003cc30000,0x000000003cd30000)]
  0x000000004fee4000 JavaThread "Thread-381" [_thread_in_native, id=4036, stack(0x000000003ce20000,0x000000003cf20000)]
  0x00000000266b8800 JavaThread "Thread-297" [_thread_in_native, id=5992, stack(0x000000003c2e0000,0x000000003c3e0000)]
  0x0000000080ec6800 JavaThread "Timer-32" [_thread_blocked, id=8228, stack(0x000000003bb10000,0x000000003c010000)]
  0x0000000039215800 JavaThread "Timer-31" [_thread_blocked, id=7792, stack(0x000000008a540000,0x000000008aa40000)]
  0x000000003921b000 JavaThread "Timer-30" [_thread_blocked, id=836, stack(0x0000000089f50000,0x000000008a450000)]
  0x0000000082fe1800 JavaThread "Timer-29" [_thread_blocked, id=6484, stack(0x0000000089980000,0x0000000089e80000)]
  0x0000000082fe2800 JavaThread "Timer-28" [_thread_blocked, id=4984, stack(0x0000000089310000,0x0000000089810000)]
  0x0000000082fe3800 JavaThread "Timer-27" [_thread_blocked, id=4676, stack(0x0000000088d60000,0x0000000089260000)]
  0x0000000082fe5800 JavaThread "Timer-26" [_thread_blocked, id=5196, stack(0x0000000088770000,0x0000000088c70000)]
  0x0000000082fe6000 JavaThread "Timer-25" [_thread_blocked, id=7260, stack(0x0000000088100000,0x0000000088600000)]
  0x0000000082fe7000 JavaThread "Timer-24" [_thread_blocked, id=3044, stack(0x0000000087a40000,0x0000000087f40000)]
  0x0000000082fe7800 JavaThread "Timer-23" [_thread_blocked, id=5332, stack(0x00000000873e0000,0x00000000878e0000)]
  0x000000007be35800 JavaThread "Timer-22" [_thread_blocked, id=7860, stack(0x0000000086e70000,0x0000000087370000)]
  0x0000000037d53800 JavaThread "Update Runs Swing Worker" [_thread_blocked, id=7364, stack(0x000000002ec30000,0x000000002f130000)]
  0x000000003e95b000 JavaThread "Swing-Shell" daemon [_thread_blocked, id=7864, stack(0x0000000077170000,0x0000000077670000)]
  0x0000000038691800 JavaThread "Thread-193" [_thread_in_native, id=7340, stack(0x0000000043f80000,0x0000000044080000)]
  0x000000005a782800 JavaThread "Thread-192" [_thread_in_native, id=3188, stack(0x0000000070fc0000,0x00000000710c0000)]
  0x00000000379e4800 JavaThread "SyntheticaAnimation 50" daemon [_thread_blocked, id=8776, stack(0x00000000432f0000,0x00000000437f0000)]
  0x0000000038b74000 JavaThread "Thread-43" [_thread_in_native, id=5032, stack(0x0000000033ca0000,0x0000000033da0000)]
  0x000000003b8c5800 JavaThread "Thread-42" [_thread_in_native, id=4392, stack(0x000000002a350000,0x000000002a450000)]
  0x0000000022fb1000 JavaThread "hw_ila_monitor" [_thread_blocked, id=3432, stack(0x0000000036cc0000,0x00000000371c0000)]
  0x00000000275fd800 JavaThread "Refresh Filesets Swing Worker" [_thread_blocked, id=2764, stack(0x000000002e680000,0x000000002eb80000)]
  0x00000000287af800 JavaThread "SyntheticaAnimation 70" daemon [_thread_blocked, id=3548, stack(0x00000000341d0000,0x00000000346d0000)]
  0x000000002b527800 JavaThread "SyntheticaAnimation 25" daemon [_thread_blocked, id=8036, stack(0x00000000316c0000,0x0000000031bc0000)]
  0x0000000027575000 JavaThread "SyntheticaAnimation 50" daemon [_thread_blocked, id=6604, stack(0x000000002fd60000,0x0000000030260000)]
  0x000000002896b000 JavaThread "Monitor File Timestamp Swing Worker" [_thread_blocked, id=7532, stack(0x000000002e110000,0x000000002e610000)]
  0x000000002896b800 JavaThread "Timer-0" [_thread_blocked, id=7208, stack(0x000000002da90000,0x000000002df90000)]
  0x0000000027d23800 JavaThread "Batik CleanerThread" daemon [_thread_blocked, id=5688, stack(0x000000002bd70000,0x000000002c270000)]
  0x00000000277ff800 JavaThread "SyntheticaCleanerThread" daemon [_thread_blocked, id=8284, stack(0x0000000029a50000,0x0000000029f50000)]
  0x00000000276b2000 JavaThread "Process Messages" [_thread_blocked, id=624, stack(0x0000000027d80000,0x0000000028280000)]
  0x0000000005da1000 JavaThread "Thread-2" [_thread_in_native, id=3180, stack(0x00000000031b0000,0x00000000045b0000)]
  0x0000000026331800 JavaThread "AWT-EventQueue-0" [_thread_blocked, id=5840, stack(0x0000000026dc0000,0x00000000272c0000)]
  0x000000002336a800 JavaThread "AWT-Windows" daemon [_thread_in_native, id=8404, stack(0x00000000250d0000,0x00000000255d0000)]
  0x000000002336b000 JavaThread "AWT-Shutdown" [_thread_blocked, id=5516, stack(0x0000000024bc0000,0x00000000250c0000)]
  0x000000002336c000 JavaThread "Java2D Disposer" daemon [_thread_blocked, id=8588, stack(0x0000000024620000,0x0000000024b20000)]
  0x0000000023185800 JavaThread "TimerQueue" daemon [_thread_blocked, id=5256, stack(0x00000000240d0000,0x00000000245d0000)]
  0x00000000117f7000 JavaThread "Service Thread" daemon [_thread_blocked, id=8308, stack(0x0000000022930000,0x0000000022e30000)]
  0x000000001180b000 JavaThread "C1 CompilerThread2" daemon [_thread_blocked, id=8396, stack(0x0000000022710000,0x0000000022810000)]
  0x000000001180c000 JavaThread "C2 CompilerThread1" daemon [_thread_blocked, id=7436, stack(0x0000000021830000,0x0000000021930000)]
  0x000000001180d000 JavaThread "C2 CompilerThread0" daemon [_thread_blocked, id=4020, stack(0x00000000225c0000,0x00000000226c0000)]
  0x000000001180e800 JavaThread "Attach Listener" daemon [_thread_blocked, id=6596, stack(0x0000000021f90000,0x0000000022490000)]
  0x000000001180f800 JavaThread "Signal Dispatcher" daemon [_thread_blocked, id=4832, stack(0x00000000219b0000,0x0000000021eb0000)]
  0x0000000009152000 JavaThread "Finalizer" daemon [_thread_blocked, id=7088, stack(0x0000000011ac0000,0x0000000011fc0000)]
  0x0000000009155000 JavaThread "Reference Handler" daemon [_thread_blocked, id=8628, stack(0x0000000021310000,0x0000000021810000)]
  0x00000000045c4000 JavaThread "main" [_thread_blocked, id=4412, stack(0x0000000009210000,0x0000000009310000)]

Other Threads:
  0x000000000915b000 VMThread [stack: 0x0000000011950000,0x0000000011a50000] [id=8444]
  0x0000000009065800 WatcherThread [stack: 0x0000000022e70000,0x0000000022f70000] [id=7660]

VM state:not at safepoint (normal execution)

VM Mutex/Monitor currently owned by a thread: None

Heap:
 PSYoungGen      total 50176K, used 17988K [0x00000007bc400000, 0x00000007c0000000, 0x00000007c0000000)
  eden space 39424K, 35% used [0x00000007bc400000,0x00000007bd181030,0x00000007bea80000)
  from space 10752K, 38% used [0x00000007bea80000,0x00000007bee90000,0x00000007bf500000)
  to   space 10240K, 0% used [0x00000007bf600000,0x00000007bf600000,0x00000007c0000000)
 ParOldGen       total 142848K, used 115448K [0x0000000700000000, 0x0000000708b80000, 0x00000007bc400000)
  object space 142848K, 80% used [0x0000000700000000,0x00000007070be040,0x0000000708b80000)
 Metaspace       used 87379K, capacity 88217K, committed 88832K, reserved 1124352K
  class space    used 12876K, capacity 13034K, committed 13056K, reserved 1048576K

Card table byte_map: [0x00000000096d0000,0x0000000009ce0000] byte_map_base: 0x0000000005ed0000

Marking Bits: (ParMarkBitMap*) 0x00000000627ba6d0
 Begin Bits: [0x000000000a990000, 0x000000000d990000)
 End Bits:   [0x000000000d990000, 0x0000000010990000)

Polling page: 0x0000000000260000

CodeCache: size=245760Kb used=74671Kb max_used=74671Kb free=171088Kb
 bounds [0x0000000012280000, 0x0000000016c00000, 0x0000000021280000]
 total_blobs=19579 nmethods=18576 adapters=905
 compilation: enabled

Compilation events (10 events):
Event: 2403.849 Thread 0x000000001180b000 25617       3       ui.views.o.f.b::c (10 bytes)
Event: 2403.849 Thread 0x000000001180b000 nmethod 25617 0x0000000016a060d0 code [0x0000000016a06240, 0x0000000016a06548]
Event: 2404.226 Thread 0x000000001180d000 25618       4       ui.g.n.j.b::addNotify (74 bytes)
Event: 2404.227 Thread 0x000000001180d000 nmethod 25618 0x0000000012fc1ed0 code [0x0000000012fc2020, 0x0000000012fc20c8]
Event: 2404.290 Thread 0x000000001180b000 25619  s    3       ui.views.p.K::no (122 bytes)
Event: 2404.291 Thread 0x000000001180b000 nmethod 25619 0x0000000016a03dd0 code [0x0000000016a04060, 0x0000000016a05788]
Event: 2404.291 Thread 0x000000001180b000 25620       3       ui.views.p.K::eKN (5 bytes)
Event: 2404.291 Thread 0x000000001180b000 nmethod 25620 0x0000000016a03810 code [0x0000000016a03980, 0x0000000016a03cc8]
Event: 2404.354 Thread 0x000000001180b000 25621       3       javax.swing.plaf.basic.BasicScrollPaneUI$Handler::hsbStateChanged (155 bytes)
Event: 2404.355 Thread 0x000000001180b000 nmethod 25621 0x0000000014e052d0 code [0x0000000014e054e0, 0x0000000014e06328]

GC Heap History (10 events):
Event: 2396.676 GC heap before
{Heap before GC invocations=397 (full 43):
 PSYoungGen      total 49664K, used 24500K [0x00000007bc400000, 0x00000007c0000000, 0x00000007c0000000)
  eden space 37888K, 60% used [0x00000007bc400000,0x00000007bda3cf30,0x00000007be900000)
  from space 11776K, 14% used [0x00000007be900000,0x00000007beab0388,0x00000007bf480000)
  to   space 11776K, 0% used [0x00000007bf480000,0x00000007bf480000,0x00000007c0000000)
 ParOldGen       total 142848K, used 120840K [0x0000000700000000, 0x0000000708b80000, 0x00000007bc400000)
  object space 142848K, 84% used [0x0000000700000000,0x00000007076020a8,0x0000000708b80000)
 Metaspace       used 87344K, capacity 88153K, committed 88832K, reserved 1124352K
  class space    used 12875K, capacity 13034K, committed 13056K, reserved 1048576K
Event: 2396.681 GC heap after
Heap after GC invocations=397 (full 43):
 PSYoungGen      total 50176K, used 1952K [0x00000007bc400000, 0x00000007c0000000, 0x00000007c0000000)
  eden space 38400K, 0% used [0x00000007bc400000,0x00000007bc400000,0x00000007be980000)
  from space 11776K, 16% used [0x00000007bf480000,0x00000007bf668388,0x00000007c0000000)
  to   space 11264K, 0% used [0x00000007be980000,0x00000007be980000,0x00000007bf480000)
 ParOldGen       total 142848K, used 120840K [0x0000000700000000, 0x0000000708b80000, 0x00000007bc400000)
  object space 142848K, 84% used [0x0000000700000000,0x00000007076020a8,0x0000000708b80000)
 Metaspace       used 87344K, capacity 88153K, committed 88832K, reserved 1124352K
  class space    used 12875K, capacity 13034K, committed 13056K, reserved 1048576K
}
Event: 2396.681 GC heap before
{Heap before GC invocations=398 (full 44):
 PSYoungGen      total 50176K, used 1952K [0x00000007bc400000, 0x00000007c0000000, 0x00000007c0000000)
  eden space 38400K, 0% used [0x00000007bc400000,0x00000007bc400000,0x00000007be980000)
  from space 11776K, 16% used [0x00000007bf480000,0x00000007bf668388,0x00000007c0000000)
  to   space 11264K, 0% used [0x00000007be980000,0x00000007be980000,0x00000007bf480000)
 ParOldGen       total 142848K, used 120840K [0x0000000700000000, 0x0000000708b80000, 0x00000007bc400000)
  object space 142848K, 84% used [0x0000000700000000,0x00000007076020a8,0x0000000708b80000)
 Metaspace       used 87344K, capacity 88153K, committed 88832K, reserved 1124352K
  class space    used 12875K, capacity 13034K, committed 13056K, reserved 1048576K
Event: 2397.019 GC heap after
Heap after GC invocations=398 (full 44):
 PSYoungGen      total 50176K, used 0K [0x00000007bc400000, 0x00000007c0000000, 0x00000007c0000000)
  eden space 38400K, 0% used [0x00000007bc400000,0x00000007bc400000,0x00000007be980000)
  from space 11776K, 0% used [0x00000007bf480000,0x00000007bf480000,0x00000007c0000000)
  to   space 11264K, 0% used [0x00000007be980000,0x00000007be980000,0x00000007bf480000)
 ParOldGen       total 142848K, used 115448K [0x0000000700000000, 0x0000000708b80000, 0x00000007bc400000)
  object space 142848K, 80% used [0x0000000700000000,0x00000007070be040,0x0000000708b80000)
 Metaspace       used 87344K, capacity 88153K, committed 88832K, reserved 1124352K
  class space    used 12875K, capacity 13034K, committed 13056K, reserved 1048576K
}
Event: 2403.036 GC heap before
{Heap before GC invocations=399 (full 44):
 PSYoungGen      total 50176K, used 38400K [0x00000007bc400000, 0x00000007c0000000, 0x00000007c0000000)
  eden space 38400K, 100% used [0x00000007bc400000,0x00000007be980000,0x00000007be980000)
  from space 11776K, 0% used [0x00000007bf480000,0x00000007bf480000,0x00000007c0000000)
  to   space 11264K, 0% used [0x00000007be980000,0x00000007be980000,0x00000007bf480000)
 ParOldGen       total 142848K, used 115448K [0x0000000700000000, 0x0000000708b80000, 0x00000007bc400000)
  object space 142848K, 80% used [0x0000000700000000,0x00000007070be040,0x0000000708b80000)
 Metaspace       used 87364K, capacity 88217K, committed 88832K, reserved 1124352K
  class space    used 12875K, capacity 13034K, committed 13056K, reserved 1048576K
Event: 2403.050 GC heap after
Heap after GC invocations=399 (full 44):
 PSYoungGen      total 49664K, used 2240K [0x00000007bc400000, 0x00000007c0000000, 0x00000007c0000000)
  eden space 38400K, 0% used [0x00000007bc400000,0x00000007bc400000,0x00000007be980000)
  from space 11264K, 19% used [0x00000007be980000,0x00000007bebb0000,0x00000007bf480000)
  to   space 11264K, 0% used [0x00000007bf500000,0x00000007bf500000,0x00000007c0000000)
 ParOldGen       total 142848K, used 115448K [0x0000000700000000, 0x0000000708b80000, 0x00000007bc400000)
  object space 142848K, 80% used [0x0000000700000000,0x00000007070be040,0x0000000708b80000)
 Metaspace       used 87364K, capacity 88217K, committed 88832K, reserved 1124352K
  class space    used 12875K, capacity 13034K, committed 13056K, reserved 1048576K
}
Event: 2403.687 GC heap before
{Heap before GC invocations=400 (full 44):
 PSYoungGen      total 49664K, used 40640K [0x00000007bc400000, 0x00000007c0000000, 0x00000007c0000000)
  eden space 38400K, 100% used [0x00000007bc400000,0x00000007be980000,0x00000007be980000)
  from space 11264K, 19% used [0x00000007be980000,0x00000007bebb0000,0x00000007bf480000)
  to   space 11264K, 0% used [0x00000007bf500000,0x00000007bf500000,0x00000007c0000000)
 ParOldGen       total 142848K, used 115448K [0x0000000700000000, 0x0000000708b80000, 0x00000007bc400000)
  object space 142848K, 80% used [0x0000000700000000,0x00000007070be040,0x0000000708b80000)
 Metaspace       used 87377K, capacity 88217K, committed 88832K, reserved 1124352K
  class space    used 12876K, capacity 13034K, committed 13056K, reserved 1048576K
Event: 2403.694 GC heap after
Heap after GC invocations=400 (full 44):
 PSYoungGen      total 50688K, used 3136K [0x00000007bc400000, 0x00000007c0000000, 0x00000007c0000000)
  eden space 39424K, 0% used [0x00000007bc400000,0x00000007bc400000,0x00000007bea80000)
  from space 11264K, 27% used [0x00000007bf500000,0x00000007bf810000,0x00000007c0000000)
  to   space 10752K, 0% used [0x00000007bea80000,0x00000007bea80000,0x00000007bf500000)
 ParOldGen       total 142848K, used 115448K [0x0000000700000000, 0x0000000708b80000, 0x00000007bc400000)
  object space 142848K, 80% used [0x0000000700000000,0x00000007070be040,0x0000000708b80000)
 Metaspace       used 87377K, capacity 88217K, committed 88832K, reserved 1124352K
  class space    used 12876K, capacity 13034K, committed 13056K, reserved 1048576K
}
Event: 2404.296 GC heap before
{Heap before GC invocations=401 (full 44):
 PSYoungGen      total 50688K, used 42560K [0x00000007bc400000, 0x00000007c0000000, 0x00000007c0000000)
  eden space 39424K, 100% used [0x00000007bc400000,0x00000007bea80000,0x00000007bea80000)
  from space 11264K, 27% used [0x00000007bf500000,0x00000007bf810000,0x00000007c0000000)
  to   space 10752K, 0% used [0x00000007bea80000,0x00000007bea80000,0x00000007bf500000)
 ParOldGen       total 142848K, used 115448K [0x0000000700000000, 0x0000000708b80000, 0x00000007bc400000)
  object space 142848K, 80% used [0x0000000700000000,0x00000007070be040,0x0000000708b80000)
 Metaspace       used 87379K, capacity 88217K, committed 88832K, reserved 1124352K
  class space    used 12876K, capacity 13034K, committed 13056K, reserved 1048576K
Event: 2404.306 GC heap after
Heap after GC invocations=401 (full 44):
 PSYoungGen      total 50176K, used 4160K [0x00000007bc400000, 0x00000007c0000000, 0x00000007c0000000)
  eden space 39424K, 0% used [0x00000007bc400000,0x00000007bc400000,0x00000007bea80000)
  from space 10752K, 38% used [0x00000007bea80000,0x00000007bee90000,0x00000007bf500000)
  to   space 10240K, 0% used [0x00000007bf600000,0x00000007bf600000,0x00000007c0000000)
 ParOldGen       total 142848K, used 115448K [0x0000000700000000, 0x0000000708b80000, 0x00000007bc400000)
  object space 142848K, 80% used [0x0000000700000000,0x00000007070be040,0x0000000708b80000)
 Metaspace       used 87379K, capacity 88217K, committed 88832K, reserved 1124352K
  class space    used 12876K, capacity 13034K, committed 13056K, reserved 1048576K
}

Deoptimization events (10 events):
Event: 2371.992 Thread 0x0000000026331800 Uncommon trap: reason=bimorphic action=maybe_recompile pc=0x000000001350c0a0 method=ui.views.o.c.b.c.a(IIIZZ)Ljava/awt/Shape; @ 344
Event: 2372.537 Thread 0x0000000026331800 Uncommon trap: reason=class_check action=maybe_recompile pc=0x00000000138ad590 method=java.awt.Component.addMouseListener(Ljava/awt/event/MouseListener;)V @ 26
Event: 2374.417 Thread 0x0000000026331800 Uncommon trap: reason=unstable_if action=reinterpret pc=0x000000001332185c method=ui.data.fed.b.ag.bgO()Z @ 11
Event: 2374.417 Thread 0x0000000026331800 Uncommon trap: reason=unstable_if action=reinterpret pc=0x000000001441b374 method=sun.dc.DuctusRenderingEngine.strokeTo(Ljava/awt/Shape;Ljava/awt/geom/AffineTransform;Ljava/awt/BasicStroke;ZZZLsun/awt/geom/PathConsumer2D;)V @ 127
Event: 2374.417 Thread 0x0000000026331800 Uncommon trap: reason=unstable_if action=reinterpret pc=0x000000001612cd5c method=sun.dc.DuctusRenderingEngine.strokeTo(Ljava/awt/Shape;Ljava/awt/geom/AffineTransform;Ljava/awt/BasicStroke;ZZZLsun/awt/geom/PathConsumer2D;)V @ 127
Event: 2374.689 Thread 0x0000000026331800 Uncommon trap: reason=unstable_if action=reinterpret pc=0x0000000014757fd8 method=ui.data.fed.b.aa.bgO()Z @ 9
Event: 2399.514 Thread 0x0000000026331800 Uncommon trap: reason=unstable_if action=reinterpret pc=0x00000000152b6078 method=sun.nio.cs.SingleByte$Encoder.encodeArrayLoop(Ljava/nio/CharBuffer;Ljava/nio/ByteBuffer;)Ljava/nio/charset/CoderResult; @ 70
Event: 2402.988 Thread 0x0000000026331800 Uncommon trap: reason=class_check action=maybe_recompile pc=0x0000000013fe19dc method=java.util.HashMap.removeNode(ILjava/lang/Object;Ljava/lang/Object;ZZ)Ljava/util/HashMap$Node; @ 143
Event: 2404.190 Thread 0x0000000026331800 Uncommon trap: reason=unstable_if action=reinterpret pc=0x00000000165236d8 method=ui.views.w.b.a.tI(Z)Ljava/util/Collection; @ 52
Event: 2404.191 Thread 0x0000000026331800 Uncommon trap: reason=unstable_if action=reinterpret pc=0x00000000166eee68 method=ui.frmwork.c.c.isError()Z @ 10

Internal exceptions (10 events):
Event: 2357.072 Thread 0x0000000026331800 Exception <a 'java/io/FileNotFoundException'> (0x00000007bcb0b260) thrown at [C:\re\workspace\8-2-build-windows-amd64-cygwin\jdk8u112\7884\hotspot\src\share\vm\prims\jni.cpp, line 709]
Event: 2362.073 Thread 0x0000000026331800 Exception <a 'java/io/FileNotFoundException'> (0x00000007bdeab840) thrown at [C:\re\workspace\8-2-build-windows-amd64-cygwin\jdk8u112\7884\hotspot\src\share\vm\prims\jni.cpp, line 709]
Event: 2367.074 Thread 0x0000000026331800 Exception <a 'java/io/FileNotFoundException'> (0x00000007be1c7e58) thrown at [C:\re\workspace\8-2-build-windows-amd64-cygwin\jdk8u112\7884\hotspot\src\share\vm\prims\jni.cpp, line 709]
Event: 2372.074 Thread 0x0000000026331800 Exception <a 'java/io/FileNotFoundException'> (0x00000007bcbbb5c0) thrown at [C:\re\workspace\8-2-build-windows-amd64-cygwin\jdk8u112\7884\hotspot\src\share\vm\prims\jni.cpp, line 709]
Event: 2377.074 Thread 0x0000000026331800 Exception <a 'java/io/FileNotFoundException'> (0x00000007be4fef18) thrown at [C:\re\workspace\8-2-build-windows-amd64-cygwin\jdk8u112\7884\hotspot\src\share\vm\prims\jni.cpp, line 709]
Event: 2382.075 Thread 0x0000000026331800 Exception <a 'java/io/FileNotFoundException'> (0x00000007be7d3728) thrown at [C:\re\workspace\8-2-build-windows-amd64-cygwin\jdk8u112\7884\hotspot\src\share\vm\prims\jni.cpp, line 709]
Event: 2387.076 Thread 0x0000000026331800 Exception <a 'java/io/FileNotFoundException'> (0x00000007bc5efd40) thrown at [C:\re\workspace\8-2-build-windows-amd64-cygwin\jdk8u112\7884\hotspot\src\share\vm\prims\jni.cpp, line 709]
Event: 2392.076 Thread 0x0000000026331800 Exception <a 'java/io/FileNotFoundException'> (0x00000007bccca5d8) thrown at [C:\re\workspace\8-2-build-windows-amd64-cygwin\jdk8u112\7884\hotspot\src\share\vm\prims\jni.cpp, line 709]
Event: 2397.077 Thread 0x0000000026331800 Exception <a 'java/io/FileNotFoundException'> (0x00000007bc6022c8) thrown at [C:\re\workspace\8-2-build-windows-amd64-cygwin\jdk8u112\7884\hotspot\src\share\vm\prims\jni.cpp, line 709]
Event: 2402.077 Thread 0x0000000026331800 Exception <a 'java/io/FileNotFoundException'> (0x00000007bd21de00) thrown at [C:\re\workspace\8-2-build-windows-amd64-cygwin\jdk8u112\7884\hotspot\src\share\vm\prims\jni.cpp, line 709]

Events (10 events):
Event: 2404.190 Thread 0x0000000026331800 DEOPT UNPACKING pc=0x00000000122c582a sp=0x00000000272bdf50 mode 2
Event: 2404.191 Thread 0x0000000026331800 Uncommon trap: trap_request=0xffffff65 fr.pc=0x00000000166eee68
Event: 2404.191 Thread 0x0000000026331800 DEOPT PACKING pc=0x00000000166eee68 sp=0x00000000272bde40
Event: 2404.191 Thread 0x0000000026331800 DEOPT UNPACKING pc=0x00000000122c582a sp=0x00000000272bddb0 mode 2
Event: 2404.195 Thread 0x0000000055e70800 Thread added: 0x0000000055e70800
Event: 2404.296 Executing VM operation: ParallelGCFailedAllocation
Event: 2404.306 Executing VM operation: ParallelGCFailedAllocation done
Event: 2404.352 Thread 0x00000000559b4800 Thread added: 0x00000000559b4800
Event: 2404.353 Executing VM operation: RevokeBias
Event: 2404.354 Executing VM operation: RevokeBias done


Dynamic libraries:
0x000000013f520000 - 0x000000013f552000 	D:\xilinx\Vivado\2017.1\bin\unwrapped\win64.o\vivado.exe
0x0000000076ee0000 - 0x000000007707f000 	C:\Windows\SYSTEM32\ntdll.dll
0x0000000076dc0000 - 0x0000000076edf000 	C:\Windows\system32\kernel32.dll
0x000007fefcd30000 - 0x000007fefcd97000 	C:\Windows\system32\KERNELBASE.dll
0x0000000074720000 - 0x00000000747a9000 	C:\Windows\System32\SYSFER.DLL
0x000000000a900000 - 0x000000000a983000 	D:\xilinx\Vivado\2017.1\lib\win64.o\SHSMP64.dll
0x0000000076cc0000 - 0x0000000076dba000 	C:\Windows\system32\USER32.dll
0x000007fefdff0000 - 0x000007fefe057000 	C:\Windows\system32\GDI32.dll
0x000007fefdf40000 - 0x000007fefdf4e000 	C:\Windows\system32\LPK.dll
0x000007fefd2a0000 - 0x000007fefd36b000 	C:\Windows\system32\USP10.dll
0x000007fefdf50000 - 0x000007fefdfef000 	C:\Windows\system32\msvcrt.dll
0x000007fefd4f0000 - 0x000007fefd5cb000 	C:\Windows\system32\ADVAPI32.dll
0x000007fefe270000 - 0x000007fefe28f000 	C:\Windows\SYSTEM32\sechost.dll
0x000007fefd8c0000 - 0x000007fefd9ec000 	C:\Windows\system32\RPCRT4.dll
0x000007fefbc60000 - 0x000007fefbc6c000 	C:\Windows\system32\VERSION.dll
0x000007fef4c20000 - 0x000007fef4c34000 	D:\xilinx\Vivado\2017.1\lib\win64.o\libboost_signals.dll
0x000007fef0c60000 - 0x000007fef0cfd000 	C:\Windows\system32\MSVCP140.dll
0x000007fef5430000 - 0x000007fef5447000 	C:\Windows\system32\VCRUNTIME140.dll
0x000007fef5420000 - 0x000007fef5424000 	C:\Windows\system32\api-ms-win-crt-runtime-l1-1-0.dll
0x000007fef1950000 - 0x000007fef1a44000 	C:\Windows\system32\ucrtbase.DLL
0x000007fef5410000 - 0x000007fef5413000 	C:\Windows\system32\api-ms-win-core-timezone-l1-1-0.dll
0x000007fef5400000 - 0x000007fef5403000 	C:\Windows\system32\api-ms-win-core-file-l2-1-0.dll
0x000007fef53f0000 - 0x000007fef53f3000 	C:\Windows\system32\api-ms-win-core-localization-l1-2-0.dll
0x000007fefbc30000 - 0x000007fefbc33000 	C:\Windows\system32\api-ms-win-core-synch-l1-2-0.dll
0x000007fef53e0000 - 0x000007fef53e3000 	C:\Windows\system32\api-ms-win-core-processthreads-l1-1-1.dll
0x000007fef53d0000 - 0x000007fef53d3000 	C:\Windows\system32\api-ms-win-core-file-l1-2-0.dll
0x000007fef1cb0000 - 0x000007fef1cb4000 	C:\Windows\system32\api-ms-win-crt-string-l1-1-0.dll
0x000007fef1ca0000 - 0x000007fef1ca3000 	C:\Windows\system32\api-ms-win-crt-heap-l1-1-0.dll
0x000007fef1c90000 - 0x000007fef1c94000 	C:\Windows\system32\api-ms-win-crt-stdio-l1-1-0.dll
0x000007fef1c80000 - 0x000007fef1c84000 	C:\Windows\system32\api-ms-win-crt-convert-l1-1-0.dll
0x000007fef1910000 - 0x000007fef1913000 	C:\Windows\system32\api-ms-win-crt-locale-l1-1-0.dll
0x000007fef1900000 - 0x000007fef1905000 	C:\Windows\system32\api-ms-win-crt-math-l1-1-0.dll
0x000007fef18f0000 - 0x000007fef18f5000 	C:\Windows\system32\api-ms-win-crt-multibyte-l1-1-0.dll
0x000007fef18e0000 - 0x000007fef18e3000 	C:\Windows\system32\api-ms-win-crt-time-l1-1-0.dll
0x000007fef18d0000 - 0x000007fef18d3000 	C:\Windows\system32\api-ms-win-crt-filesystem-l1-1-0.dll
0x000007fef18c0000 - 0x000007fef18c3000 	C:\Windows\system32\api-ms-win-crt-environment-l1-1-0.dll
0x000007fef0c50000 - 0x000007fef0c53000 	C:\Windows\system32\api-ms-win-crt-utility-l1-1-0.dll
0x000007fed9740000 - 0x000007feda34f000 	D:\xilinx\Vivado\2017.1\lib\win64.o\librdi_common.dll
0x000007fed93d0000 - 0x000007fed973e000 	D:\xilinx\Vivado\2017.1\lib\win64.o\libCOIN-all.dll
0x000007fed90e0000 - 0x000007fed93d0000 	D:\xilinx\Vivado\2017.1\lib\win64.o\libXil_lmgr11.dll
0x000007fefa900000 - 0x000007fefa916000 	C:\Windows\system32\NETAPI32.dll
0x000007fefbe50000 - 0x000007fefbe5c000 	C:\Windows\system32\netutils.dll
0x000007fefc730000 - 0x000007fefc753000 	C:\Windows\system32\srvcli.dll
0x000007fefa8e0000 - 0x000007fefa8f5000 	C:\Windows\system32\wkscli.dll
0x000007fefd9f0000 - 0x000007fefda87000 	C:\Windows\system32\COMDLG32.dll
0x000007fefd5d0000 - 0x000007fefd641000 	C:\Windows\system32\SHLWAPI.dll
0x000007fef8250000 - 0x000007fef82f0000 	C:\Windows\WinSxS\amd64_microsoft.windows.common-controls_6595b64144ccf1df_5.82.7601.18837_none_a4d981ff711297b6\COMCTL32.dll
0x000007fefe440000 - 0x000007feff1cb000 	C:\Windows\system32\SHELL32.dll
0x000007fef8700000 - 0x000007fef8709000 	C:\Windows\system32\WSOCK32.dll
0x000007fefd670000 - 0x000007fefd6bd000 	C:\Windows\system32\WS2_32.dll
0x000007fefe290000 - 0x000007fefe298000 	C:\Windows\system32\NSI.dll
0x000007fefd370000 - 0x000007fefd44b000 	C:\Windows\system32\OLEAUT32.dll
0x000007fefd6c0000 - 0x000007fefd8bf000 	C:\Windows\system32\ole32.dll
0x000007fef49e0000 - 0x000007fef4ab4000 	C:\Windows\system32\MSVCR110.dll
0x000007fefcdb0000 - 0x000007fefcdeb000 	C:\Windows\system32\WINTRUST.dll
0x000007fefcb80000 - 0x000007fefcced000 	C:\Windows\system32\CRYPT32.dll
0x000007fefca40000 - 0x000007fefca4f000 	C:\Windows\system32\MSASN1.dll
0x000007fef4c00000 - 0x000007fef4c14000 	D:\xilinx\Vivado\2017.1\lib\win64.o\libboost_date_time.dll
0x000007fef4bd0000 - 0x000007fef4bf6000 	D:\xilinx\Vivado\2017.1\lib\win64.o\libboost_filesystem.dll
0x000007fef49d0000 - 0x000007fef49db000 	D:\xilinx\Vivado\2017.1\lib\win64.o\libboost_system.dll
0x000007fee2280000 - 0x000007fee22fe000 	D:\xilinx\Vivado\2017.1\lib\win64.o\libboost_program_options.dll
0x000007fed8fd0000 - 0x000007fed90dd000 	D:\xilinx\Vivado\2017.1\lib\win64.o\libboost_regex.dll
0x000007fef49b0000 - 0x000007fef49d0000 	D:\xilinx\Vivado\2017.1\lib\win64.o\libboost_thread.dll
0x000007fef1f20000 - 0x000007fef1f2d000 	D:\xilinx\Vivado\2017.1\lib\win64.o\libboost_chrono.dll
0x000007fef1f10000 - 0x000007fef1f1f000 	D:\xilinx\Vivado\2017.1\lib\win64.o\libboost_xilinx.dll
0x000007fed8f40000 - 0x000007fed8fc2000 	D:\xilinx\Vivado\2017.1\lib\win64.o\libhdlpsolve.dll
0x000007fed8e90000 - 0x000007fed8f35000 	D:\xilinx\Vivado\2017.1\lib\win64.o\libhdxml.dll
0x000007fed8a90000 - 0x000007fed8e84000 	D:\xilinx\Vivado\2017.1\lib\win64.o\libisl_iostreams.dll
0x000007fef1ef0000 - 0x000007fef1f0b000 	D:\xilinx\Vivado\2017.1\lib\win64.o\libboost_iostreams.dll
0x000007fee2350000 - 0x000007fee2371000 	D:\xilinx\Vivado\2017.1\lib\win64.o\librdizlib.dll
0x000007fee2250000 - 0x000007fee2275000 	D:\xilinx\Vivado\2017.1\lib\win64.o\libisl_iosutils.dll
0x000007fef1ee0000 - 0x000007fef1ee3000 	C:\Windows\system32\api-ms-win-crt-conio-l1-1-0.dll
0x000007fed8a60000 - 0x000007fed8a8e000 	D:\xilinx\Vivado\2017.1\lib\win64.o\libisl_sysinfo.dll
0x0000000061fa0000 - 0x000000006283a000 	D:\xilinx\Vivado\2017.1\tps\win64\jre\bin\server\jvm.dll
0x000007fefa3f0000 - 0x000007fefa42b000 	C:\Windows\system32\WINMM.dll
0x0000000077090000 - 0x0000000077097000 	C:\Windows\system32\PSAPI.DLL
0x0000000073e40000 - 0x0000000073f12000 	C:\Windows\system32\MSVCR100.dll
0x000007fee2330000 - 0x000007fee2345000 	D:\xilinx\Vivado\2017.1\lib\win64.o\pthreadVC2.dll
0x000007fed8950000 - 0x000007fed8a51000 	D:\xilinx\Vivado\2017.1\lib\win64.o\librdi_commonxillic.dll
0x000007fed87f0000 - 0x000007fed8941000 	D:\xilinx\Vivado\2017.1\lib\win64.o\librdi_curl.dll
0x000007fed87d0000 - 0x000007fed87ec000 	D:\xilinx\Vivado\2017.1\lib\win64.o\librdiconfig.dll
0x0000000066330000 - 0x000000006645b000 	D:\xilinx\Vivado\2017.1\lib\win64.o\tcl85t.dll
0x0000000012000000 - 0x0000000012272000 	D:\xilinx\Vivado\2017.1\lib\win64.o\xerces-c_3_1.dll
0x000007fefcdf0000 - 0x000007fefd29c000 	C:\Windows\system32\WININET.dll
0x000007fefcd10000 - 0x000007fefcd14000 	C:\Windows\system32\api-ms-win-downlevel-user32-l1-1-0.dll
0x000007fefccf0000 - 0x000007fefccf4000 	C:\Windows\system32\api-ms-win-downlevel-shlwapi-l1-1-0.dll
0x000007fefcd20000 - 0x000007fefcd24000 	C:\Windows\system32\api-ms-win-downlevel-version-l1-1-0.dll
0x000007fefca50000 - 0x000007fefca53000 	C:\Windows\system32\api-ms-win-downlevel-normaliz-l1-1-0.dll
0x0000000077080000 - 0x0000000077083000 	C:\Windows\system32\normaliz.DLL
0x000007fefdc70000 - 0x000007fefdf3a000 	C:\Windows\system32\iertutil.dll
0x000007fefcda0000 - 0x000007fefcda5000 	C:\Windows\system32\api-ms-win-downlevel-advapi32-l1-1-0.dll
0x000007fefca60000 - 0x000007fefca7f000 	C:\Windows\system32\USERENV.dll
0x000007fefca30000 - 0x000007fefca3f000 	C:\Windows\system32\profapi.dll
0x000007fef8d50000 - 0x000007fef8dc1000 	C:\Windows\system32\WINHTTP.dll
0x000007fef8ce0000 - 0x000007fef8d45000 	C:\Windows\system32\webio.dll
0x000007fefe0e0000 - 0x000007fefe268000 	C:\Windows\system32\urlmon.dll
0x000007fefcd00000 - 0x000007fefcd04000 	C:\Windows\system32\api-ms-win-downlevel-ole32-l1-1-0.dll
0x000007fed7930000 - 0x000007fed87c1000 	D:\xilinx\Vivado\2017.1\lib\win64.o\gurobi65.dll
0x000007fed7900000 - 0x000007fed792e000 	C:\Windows\system32\VCOMP140.DLL
0x000007fed78e0000 - 0x000007fed78f4000 	D:\xilinx\Vivado\2017.1\lib\win64.o\librdi_commonmain.dll
0x000007fee2240000 - 0x000007fee224a000 	D:\xilinx\Vivado\2017.1\lib\win64.o\librdi_commonversion.dll
0x000007fefe300000 - 0x000007fefe32e000 	C:\Windows\system32\IMM32.DLL
0x000007fefe330000 - 0x000007fefe439000 	C:\Windows\system32\MSCTF.dll
0x000007fed7470000 - 0x000007fed78d3000 	D:\xilinx\Vivado\2017.1\lib\win64.o\librdi_commontasks.dll
0x000007fed7240000 - 0x000007fed746a000 	D:\xilinx\Vivado\2017.1\lib\win64.o\librdi_sio.dll
0x000007fef9490000 - 0x000007fef94b7000 	C:\Windows\system32\IPHLPAPI.DLL
0x000007fef9460000 - 0x000007fef946b000 	C:\Windows\system32\WINNSI.DLL
0x000007fed52c0000 - 0x000007fed723b000 	D:\xilinx\Vivado\2017.1\lib\win64.o\librdi_tcltasks.dll
0x000007fed4f60000 - 0x000007fed52c0000 	D:\xilinx\Vivado\2017.1\lib\win64.o\librdi_bitstream.dll
0x000007fec8e80000 - 0x000007fed4f5a000 	D:\xilinx\Vivado\2017.1\lib\win64.o\librdi_device.dll
0x000007fec8e30000 - 0x000007fec8e7b000 	D:\xilinx\Vivado\2017.1\lib\win64.o\libboost_serialization.dll
0x000007fec83b0000 - 0x000007fec8e22000 	D:\xilinx\Vivado\2017.1\lib\win64.o\libverific.dll
0x000007fec8230000 - 0x000007fec83a5000 	D:\xilinx\Vivado\2017.1\lib\win64.o\librdi_board.dll
0x000007fec81c0000 - 0x000007fec8228000 	D:\xilinx\Vivado\2017.1\lib\win64.o\librdi_boarddep.dll
0x000007fec7fa0000 - 0x000007fec81b7000 	D:\xilinx\Vivado\2017.1\lib\win64.o\librdi_chipscope.dll
0x000007fec7f30000 - 0x000007fec7f95000 	D:\xilinx\Vivado\2017.1\lib\win64.o\liblmx6.0.dll
0x000007fec6a40000 - 0x000007fec7f28000 	D:\xilinx\Vivado\2017.1\lib\win64.o\librdi_constraints.dll
0x000007fec6500000 - 0x000007fec6a40000 	D:\xilinx\Vivado\2017.1\lib\win64.o\librdi_filemgmt.dll
0x000007fec6070000 - 0x000007fec64f5000 	D:\xilinx\Vivado\2017.1\lib\win64.o\librdi_netlist.dll
0x000007fec5a80000 - 0x000007fec6062000 	D:\xilinx\Vivado\2017.1\lib\win64.o\librdi_psta.dll
0x000007fec2f90000 - 0x000007fec5a77000 	D:\xilinx\Vivado\2017.1\lib\win64.o\librdi_coregen.dll
0x000007fec28c0000 - 0x000007fec2f86000 	D:\xilinx\Vivado\2017.1\lib\win64.o\librdi_coregenipxact.dll
0x000007febee40000 - 0x000007fec28be000 	D:\xilinx\Vivado\2017.1\lib\win64.o\librdi_designutils.dll
0x000007febe8f0000 - 0x000007febee3e000 	D:\xilinx\Vivado\2017.1\lib\win64.o\librdi_xdm.dll
0x000007febe2f0000 - 0x000007febe8e4000 	D:\xilinx\Vivado\2017.1\lib\win64.o\librdi_memdata.dll
0x000007febdde0000 - 0x000007febe2e2000 	D:\xilinx\Vivado\2017.1\lib\win64.o\librdi_drc.dll
0x000007febd210000 - 0x000007febddd8000 	D:\xilinx\Vivado\2017.1\lib\win64.o\librdi_timing.dll
0x000007febcfb0000 - 0x000007febd20f000 	D:\xilinx\Vivado\2017.1\lib\win64.o\librdi_dlyest.dll

VM Arguments:
jvm_args: -Dsun.java2d.pmoffscreen=false -Dsun.java2d.d3d=false -Dsun.awt.nopixfmt=true -Xverify:none -Dswing.aatext=true -XX:-UsePerfData -Djdk.map.althashing.threshold=512 -XX:StringTableSize=4072 -XX:NewSize=60m -XX:MaxNewSize=60m -Xms128m -Xmx3072m -Xss5m 
java_command: <unknown>
java_class_path (initial): D:/xilinx/Vivado/2017.1\lib\classes\alloy.jar;D:/xilinx/Vivado/2017.1\lib\classes\batik-anim.jar;D:/xilinx/Vivado/2017.1\lib\classes\batik-awt-util.jar;D:/xilinx/Vivado/2017.1\lib\classes\batik-bridge.jar;D:/xilinx/Vivado/2017.1\lib\classes\batik-codec.jar;D:/xilinx/Vivado/2017.1\lib\classes\batik-css.jar;D:/xilinx/Vivado/2017.1\lib\classes\batik-dom.jar;D:/xilinx/Vivado/2017.1\lib\classes\batik-ext.jar;D:/xilinx/Vivado/2017.1\lib\classes\batik-gui-util.jar;D:/xilinx/Vivado/2017.1\lib\classes\batik-gvt.jar;D:/xilinx/Vivado/2017.1\lib\classes\batik-parser.jar;D:/xilinx/Vivado/2017.1\lib\classes\batik-script.jar;D:/xilinx/Vivado/2017.1\lib\classes\batik-svg-dom.jar;D:/xilinx/Vivado/2017.1\lib\classes\batik-swing.jar;D:/xilinx/Vivado/2017.1\lib\classes\batik-transcoder.jar;D:/xilinx/Vivado/2017.1\lib\classes\batik-util.jar;D:/xilinx/Vivado/2017.1\lib\classes\batik-xml.jar;D:/xilinx/Vivado/2017.1\lib\classes\commons-math-2.2.jar;D:/xilinx/Vivado/2017.1\lib\classes\dom4j-1.6.1.jar;D:/xilinx/Vivado/2017.1\lib\classes\forms.jar;D:/xilinx/Vivado/2017.1\lib\classes\guava-18.0.jar;D:/xilinx/Vivado/2017.1\lib\classes\help.jar;D:/xilinx/Vivado/2017.1\lib\classes\hsqldb.jar;D:/xilinx/Vivado/2017.1\lib\classes\jh.jar;D:/xilinx/Vivado/2017.1\lib\classes\jide-action.jar;D:/xilinx/Vivado/2017.1\lib\classes\jide-charts.jar;D:/xilinx/Vivado/2017.1\lib\classes\jide-common.jar;D:/xilinx/Vivado/2017.1\lib\classes\jide-components.jar;D:/xilinx/Vivado/2017.1\lib\classes\jide-dashboard.jar;D:/xilinx/Vivado/2017.1\lib\classes\jide-data.jar;D:/xilinx/Vivado/2017.1\lib\classes\jide-dialogs.jar;D:/xilinx/Vivado/2017.1\lib\classes\jide-diff.jar;D:/xilinx/Vivado/2017.1\lib\classes\jide-dock.jar;D:/xilinx/Vivado/2017.1\lib\classes\jide-editor.jar;D:/xilinx/Vivado/2017.1\lib\classes\jide-gantt.jar;D:/xilinx/Vivado/2017.1\lib\classes\jide-grids.jar;D:/xilinx/Vivado/2017.1\lib\classes\jide-pivot.jar;D:/xilinx/Vivado/2017.1\lib\classes\jide-plaf-jdk7.jar;D:/xilinx/Vivado/2
Launcher Type: generic

Environment Variables:
PATH=D:/xilinx/Vivado/2017.1/bin;D:/xilinx/Vivado/2017.1/lib/win64.o;D:/xilinx/Vivado/2017.1/tps/win64/jre/bin/server;D:/xilinx/Vivado/2017.1/tps/win64/jre/bin;D:/xilinx/SDK/2017.1/bin;D:/xilinx/Vivado/2017.1/ids_lite/ISE/bin/nt64;D:/xilinx/Vivado/2017.1/ids_lite/ISE/lib/nt64;D:/xilinx/Vivado_HLS/2017.1/bin;C:\Program Files (x86)\Common Files\Oracle\Java\javapath;C:\Program Files (x86)\Intel\iCLS Client\;C:\Program Files\Intel\iCLS Client\;C:\Windows\system32;C:\Windows;C:\Windows\System32\Wbem;C:\wapt;C:\Program Files\Intel\Intel(R) Management Engine Components\DAL;C:\Program Files (x86)\Intel\Intel(R) Management Engine Components\DAL;C:\Program Files\Intel\Intel(R) Management Engine Components\IPT;C:\Program Files (x86)\Intel\Intel(R) Management Engine Components\IPT;C:\Windows\twain_32\ebscan\;C:\Windows\twain_32\erscan\;C:\Program Files\TOSHIBA\TOSHIBA e-STUDIO Client\TOSHIBA e-STUDIO AddressBook Viewer\Shared;C:\Program Files (x86)\MiKTeX 2.9\miktex\bin\;C:\Program Files\MATLAB\R2015a\bin;D:\tortoisegit\TortoiseGit\bin;C:\Windows\System32\WindowsPowerShell\v1.0\;C:\ProgramData\Oracle\Java\javapath;D:\git\Git\cmd;D:/xilinx/Vivado/2017.1\tps\mingw\6.2.0\win64.o\nt\bin;D:/xilinx/Vivado/2017.1\tps\mingw\6.2.0\win64.o\nt\libexec\gcc\x86_64-w64-mingw32\6.2.0
USERNAME=yetian
OS=Windows_NT
PROCESSOR_IDENTIFIER=Intel64 Family 6 Model 42 Stepping 7, GenuineIntel



---------------  S Y S T E M  ---------------

OS: Windows 7 , 64 bit Build 7601 (6.1.7601.24475)

CPU:total 4 (2 cores per cpu, 2 threads per core) family 6 model 42 stepping 7, cmov, cx8, fxsr, mmx, sse, sse2, sse3, ssse3, sse4.1, sse4.2, popcnt, avx, clmul, ht, tsc, tscinvbit

Memory: 4k page, physical 8344628k(2153584k free), swap 10439880k(3491340k free)

vm_info: Java HotSpot(TM) 64-Bit Server VM (25.112-b15) for windows-amd64 JRE (1.8.0_112-b15), built on Sep 22 2016 21:31:56 by "java_re" with MS VC++ 10.0 (VS2010)

time: Mon Jun 17 10:57:14 2019
elapsed time: 2404 seconds (0d 0h 40m 4s)

