	#HD: Parsing log file "./Synth/Static/create_project.log":


	#HD: Parsing log file "./Synth/Static/top_synth_design.rds":
	CRITICAL WARNING: [Project 1-486] Could not resolve non-primitive black box cell 'count' instantiated as 'inst_count' [D:/vivado_2017.1/DPR/led_shift_count/Sources/hdl/top/top.v:66]
	CRITICAL WARNING: [Project 1-486] Could not resolve non-primitive black box cell 'shift' instantiated as 'inst_shift' [D:/vivado_2017.1/DPR/led_shift_count/Sources/hdl/top/top.v:58]


	#HD: Parsing log file "./Synth/Static/temp.log":


	#HD: Parsing log file "./Synth/Static/temp.log":


	#HD: Parsing log file "./Synth/shift_right/create_project.log":


	#HD: Parsing log file "./Synth/shift_right/shift_synth_design.rds":


	#HD: Parsing log file "./Synth/shift_right/temp.log":


	#HD: Parsing log file "./Synth/shift_right/temp.log":


	#HD: Parsing log file "./Synth/shift_left/create_project.log":


	#HD: Parsing log file "./Synth/shift_left/shift_synth_design.rds":


	#HD: Parsing log file "./Synth/shift_left/temp.log":


	#HD: Parsing log file "./Synth/shift_left/temp.log":


	#HD: Parsing log file "./Synth/count_up/create_project.log":


	#HD: Parsing log file "./Synth/count_up/count_synth_design.rds":


	#HD: Parsing log file "./Synth/count_up/temp.log":


	#HD: Parsing log file "./Synth/count_up/temp.log":


	#HD: Parsing log file "./Synth/count_down/create_project.log":


	#HD: Parsing log file "./Synth/count_down/count_synth_design.rds":


	#HD: Parsing log file "./Synth/count_down/temp.log":


	#HD: Parsing log file "./Synth/count_down/temp.log":


