14:11:23 INFO  : Launching XSDB server: xsdb.bat C:/Xilinx/SDK/2015.4/scripts/xsdb/xsdb/xsdb-server.tcl
14:11:25 INFO  : XSDB server has started successfully.
14:11:25 INFO  : Processing command line option -hwspec D:/Xilinx_Vivado/PS_PL_SharebyBRAM/PS_PL_SharebyBRAM.sdk/design_1_wrapper.hdf.
14:20:38 INFO  : Connected to target on host '127.0.0.1' and port '3121'.
14:20:38 INFO  : 'targets -set -filter {jtag_cable_name =~ "Digilent Zed 210248445567" && level==0} -index 1' command is executed.
14:20:41 INFO  : FPGA configured successfully with bitstream "D:/Xilinx_Vivado/PS_PL_SharebyBRAM/PS_PL_SharebyBRAM.sdk/design_1_wrapper_hw_platform_0/design_1_wrapper.bit"
14:22:47 INFO  : ps7_init is completed.
14:22:47 INFO  : ps7_post_config is completed.
14:22:48 INFO  : Processor reset is completed for ps7_cortexa9_0
14:23:57 ERROR : Unexpected error while parsing XMD response ?: com.google.gson.JsonSyntaxException: com.google.gson.stream.MalformedJsonException: invalid number or unquoted string near 
14:26:01 INFO  : Launching XSDB server: xsdb.bat C:/Xilinx/SDK/2015.4/scripts/xsdb/xsdb/xsdb-server.tcl
14:26:03 INFO  : XSDB server has started successfully.
14:26:03 INFO  : Processing command line option -hwspec D:/Xilinx_Vivado/PS_PL_SharebyBRAM/PS_PL_SharebyBRAM.sdk/design_1_wrapper.hdf.
14:26:04 INFO  : Checking for hwspec changes in the project design_1_wrapper_hw_platform_0.
14:26:19 INFO  : Connected to target on host '127.0.0.1' and port '3121'.
14:26:23 INFO  : 'targets -set -filter {jtag_cable_name =~ "Digilent Zed 210248445567" && level==0} -index 1' command is executed.
14:26:26 INFO  : FPGA configured successfully with bitstream "D:/Xilinx_Vivado/PS_PL_SharebyBRAM/PS_PL_SharebyBRAM.sdk/design_1_wrapper_hw_platform_0/design_1_wrapper.bit"
14:26:44 INFO  : Processor reset is completed for ps7_cortexa9_0
14:47:23 ERROR : Unexpected error while launching program.
java.lang.RuntimeException: Error in Resetting Target

    Could not stop the processor after reset


	at com.xilinx.sdk.targetmanager.internal.TM.doProcessorReset(TM.java:1011)
	at com.xilinx.sdk.debug.core.XilinxAppLaunchConfigurationDelegate.runTargetSetup(XilinxAppLaunchConfigurationDelegate.java:534)
	at com.xilinx.sdk.debug.core.XilinxAppLaunchConfigurationDelegate.runApplication(XilinxAppLaunchConfigurationDelegate.java:616)
	at com.xilinx.sdk.debug.core.XilinxAppLaunchConfigurationDelegate.launch(XilinxAppLaunchConfigurationDelegate.java:309)
	at com.xilinx.sdk.debug.ui.XilinxAppLaunchDelegateWrapper.launch(XilinxAppLaunchDelegateWrapper.java:31)
	at org.eclipse.debug.internal.core.LaunchConfiguration.launch(LaunchConfiguration.java:858)
	at org.eclipse.debug.internal.core.LaunchConfiguration.launch(LaunchConfiguration.java:707)
	at org.eclipse.debug.internal.ui.DebugUIPlugin.buildAndLaunch(DebugUIPlugin.java:1018)
	at org.eclipse.debug.internal.ui.DebugUIPlugin$8.run(DebugUIPlugin.java:1222)
	at org.eclipse.core.internal.jobs.Worker.run(Worker.java:53)
14:49:29 INFO  : Connected to target on host '127.0.0.1' and port '3121'.
14:49:30 INFO  : 'targets -set -filter {jtag_cable_name =~ "Digilent Zed 210248445567" && level==0} -index 1' command is executed.
14:49:32 INFO  : FPGA configured successfully with bitstream "D:/Xilinx_Vivado/PS_PL_SharebyBRAM/PS_PL_SharebyBRAM.sdk/design_1_wrapper_hw_platform_0/design_1_wrapper.bit"
14:49:53 INFO  : ps7_init is completed.
14:49:53 INFO  : ps7_post_config is completed.
14:49:53 INFO  : Processor reset is completed for ps7_cortexa9_0
14:50:20 ERROR : Unexpected error while launching program.
java.lang.RuntimeException: Error in Resetting Target

    Could not stop the processor after reset


	at com.xilinx.sdk.targetmanager.internal.TM.doProcessorReset(TM.java:1011)
	at com.xilinx.sdk.debug.core.XilinxAppLaunchConfigurationDelegate.runTargetSetup(XilinxAppLaunchConfigurationDelegate.java:534)
	at com.xilinx.sdk.debug.core.XilinxAppLaunchConfigurationDelegate.runApplication(XilinxAppLaunchConfigurationDelegate.java:616)
	at com.xilinx.sdk.debug.core.XilinxAppLaunchConfigurationDelegate.launch(XilinxAppLaunchConfigurationDelegate.java:309)
	at com.xilinx.sdk.debug.ui.XilinxAppLaunchDelegateWrapper.launch(XilinxAppLaunchDelegateWrapper.java:31)
	at org.eclipse.debug.internal.core.LaunchConfiguration.launch(LaunchConfiguration.java:858)
	at org.eclipse.debug.internal.core.LaunchConfiguration.launch(LaunchConfiguration.java:707)
	at org.eclipse.debug.internal.ui.DebugUIPlugin.buildAndLaunch(DebugUIPlugin.java:1018)
	at org.eclipse.debug.internal.ui.DebugUIPlugin$8.run(DebugUIPlugin.java:1222)
	at org.eclipse.core.internal.jobs.Worker.run(Worker.java:53)
14:50:54 INFO  : Connected to target on host '127.0.0.1' and port '3121'.
14:50:54 INFO  : 'targets -set -filter {jtag_cable_name =~ "Digilent Zed 210248445567" && level==0} -index 1' command is executed.
14:50:57 INFO  : FPGA configured successfully with bitstream "D:/Xilinx_Vivado/PS_PL_SharebyBRAM/PS_PL_SharebyBRAM.sdk/design_1_wrapper_hw_platform_0/design_1_wrapper.bit"
14:51:04 INFO  : ps7_init is completed.
14:51:04 INFO  : ps7_post_config is completed.
14:51:04 INFO  : Processor reset is completed for ps7_cortexa9_0
14:51:26 INFO  : Processor reset is completed for ps7_cortexa9_0
14:56:29 ERROR : Unexpected error while parsing XMD response ?: com.google.gson.JsonSyntaxException: com.google.gson.stream.MalformedJsonException: invalid number or unquoted string near 
15:07:41 INFO  : Launching XSDB server: xsdb.bat C:/Xilinx/SDK/2015.4/scripts/xsdb/xsdb/xsdb-server.tcl
15:07:43 INFO  : XSDB server has started successfully.
15:07:43 INFO  : Processing command line option -hwspec D:/Xilinx_Vivado/PS_PL_SharebyBRAM/PS_PL_SharebyBRAM.sdk/design_1_wrapper.hdf.
15:07:43 INFO  : Checking for hwspec changes in the project design_1_wrapper_hw_platform_0.
15:09:43 INFO  : Connected to target on host '127.0.0.1' and port '3121'.
15:09:48 INFO  : 'targets -set -filter {jtag_cable_name =~ "Digilent Zed 210248445567" && level==0} -index 1' command is executed.
15:09:51 INFO  : FPGA configured successfully with bitstream "D:/Xilinx_Vivado/PS_PL_SharebyBRAM/PS_PL_SharebyBRAM.sdk/design_1_wrapper_hw_platform_0/design_1_wrapper.bit"
15:09:51 INFO  : ps7_init is completed.
15:09:51 INFO  : ps7_post_config is completed.
15:09:51 INFO  : Processor reset is completed for ps7_cortexa9_0
15:09:52 ERROR : No such port: COM5
15:10:11 INFO  : Processor reset is completed for ps7_cortexa9_0
15:10:29 INFO  : Processor reset is completed for ps7_cortexa9_0
15:11:55 ERROR : Unexpected error while parsing XMD response ?: com.google.gson.JsonSyntaxException: com.google.gson.stream.MalformedJsonException: invalid number or unquoted string near 
15:38:00 INFO  : Launching XSDB server: xsdb.bat C:/Xilinx/SDK/2015.4/scripts/xsdb/xsdb/xsdb-server.tcl
15:38:02 INFO  : XSDB server has started successfully.
15:38:02 INFO  : Processing command line option -hwspec D:/Xilinx_Vivado/PS_PL_SharebyBRAM/PS_PL_SharebyBRAM.sdk/design_1_wrapper.hdf.
15:38:02 INFO  : Checking for hwspec changes in the project design_1_wrapper_hw_platform_0.
15:44:51 INFO  : Connected to target on host '127.0.0.1' and port '3121'.
15:44:51 INFO  : 'targets -set -filter {jtag_cable_name =~ "Digilent Zed 210248445567" && level==0} -index 1' command is executed.
15:44:54 INFO  : FPGA configured successfully with bitstream "D:/Xilinx_Vivado/PS_PL_SharebyBRAM/PS_PL_SharebyBRAM.sdk/design_1_wrapper_hw_platform_0/design_1_wrapper.bit"
15:45:04 WARN  : Unable to obtain port 2350 for use by XMD, java.net.SocketException: Unrecognized Windows Sockets error: 0: JVM_Bind
15:45:10 INFO  : ps7_init is completed.
15:45:10 INFO  : ps7_post_config is completed.
15:45:10 INFO  : Processor reset is completed for ps7_cortexa9_0
15:45:11 ERROR : No such port: COM5
15:45:14 ERROR : Unexpected error while launching program.
java.lang.RuntimeException: Failed to download ELF file


    AP transaction error (DP CTRL_STAT=0xf0000021)
    Error Address = 0x00100000, Size = 0x00000004


	at com.xilinx.sdk.targetmanager.internal.TM.downloadELF(TM.java:686)
	at com.xilinx.sdk.debug.core.internal.AppRunner.run(AppRunner.java:129)
	at com.xilinx.sdk.debug.core.XilinxAppLaunchConfigurationDelegate.runApplication(XilinxAppLaunchConfigurationDelegate.java:637)
	at com.xilinx.sdk.debug.core.XilinxAppLaunchConfigurationDelegate.launch(XilinxAppLaunchConfigurationDelegate.java:309)
	at com.xilinx.sdk.debug.ui.XilinxAppLaunchDelegateWrapper.launch(XilinxAppLaunchDelegateWrapper.java:31)
	at org.eclipse.debug.internal.core.LaunchConfiguration.launch(LaunchConfiguration.java:858)
	at org.eclipse.debug.internal.core.LaunchConfiguration.launch(LaunchConfiguration.java:707)
	at org.eclipse.debug.internal.ui.DebugUIPlugin.buildAndLaunch(DebugUIPlugin.java:1018)
	at org.eclipse.debug.internal.ui.DebugUIPlugin$8.run(DebugUIPlugin.java:1222)
	at org.eclipse.core.internal.jobs.Worker.run(Worker.java:53)
15:45:38 INFO  : Connected to target on host '127.0.0.1' and port '3121'.
15:45:39 INFO  : 'targets -set -filter {jtag_cable_name =~ "Digilent Zed 210248445567" && level==0} -index 1' command is executed.
15:45:39 ERROR : Error occured during Prog B register check
15:45:48 INFO  : Connected to target on host '127.0.0.1' and port '3121'.
15:45:49 INFO  : 'targets -set -filter {jtag_cable_name =~ "Digilent Zed 210248445567" && level==0} -index 1' command is executed.
15:45:51 INFO  : FPGA configured successfully with bitstream "D:/Xilinx_Vivado/PS_PL_SharebyBRAM/PS_PL_SharebyBRAM.sdk/design_1_wrapper_hw_platform_0/design_1_wrapper.bit"
15:46:35 ERROR : Unexpected error while parsing XMD response ?: com.google.gson.JsonSyntaxException: com.google.gson.stream.MalformedJsonException: invalid number or unquoted string near 
15:46:49 INFO  : Launching XSDB server: xsdb.bat C:/Xilinx/SDK/2015.4/scripts/xsdb/xsdb/xsdb-server.tcl
15:46:51 INFO  : XSDB server has started successfully.
15:46:51 INFO  : Processing command line option -hwspec D:/Xilinx_Vivado/PS_PL_SharebyBRAM/PS_PL_SharebyBRAM.sdk/design_1_wrapper.hdf.
15:46:52 INFO  : Checking for hwspec changes in the project design_1_wrapper_hw_platform_0.
15:49:43 INFO  : Connected to target on host '127.0.0.1' and port '3121'.
15:49:44 INFO  : 'targets -set -filter {jtag_cable_name =~ "Digilent Zed 210248445567" && level==0} -index 1' command is executed.
15:49:46 INFO  : FPGA configured successfully with bitstream "D:/Xilinx_Vivado/PS_PL_SharebyBRAM/PS_PL_SharebyBRAM.sdk/design_1_wrapper_hw_platform_0/design_1_wrapper.bit"
15:49:57 WARN  : Unable to obtain port 2350 for use by XMD, java.net.SocketException: Unrecognized Windows Sockets error: 0: JVM_Bind
15:50:01 INFO  : ps7_init is completed.
15:50:01 INFO  : ps7_post_config is completed.
15:50:01 INFO  : Processor reset is completed for ps7_cortexa9_0
16:10:47 INFO  : Connected to target on host '127.0.0.1' and port '3121'.
16:10:54 INFO  : Connected to target on host '127.0.0.1' and port '3121'.
16:10:54 INFO  : 'targets -set -filter {jtag_cable_name =~ "Digilent Zed 210248445567" && level==0} -index 1' command is executed.
16:10:57 INFO  : FPGA configured successfully with bitstream "D:/Xilinx_Vivado/PS_PL_SharebyBRAM/PS_PL_SharebyBRAM.sdk/design_1_wrapper_hw_platform_0/design_1_wrapper.bit"
16:11:32 INFO  : ps7_init is completed.
16:11:32 INFO  : ps7_post_config is completed.
16:11:33 INFO  : Processor reset is completed for ps7_cortexa9_0
16:13:41 ERROR : Unexpected error while parsing XMD response ?: com.google.gson.JsonSyntaxException: com.google.gson.stream.MalformedJsonException: invalid number or unquoted string near 
16:08:03 INFO  : Launching XSDB server: xsdb.bat C:/Xilinx/SDK/2015.4/scripts/xsdb/xsdb/xsdb-server.tcl
16:08:05 INFO  : XSDB server has started successfully.
16:08:05 INFO  : Processing command line option -hwspec D:/Xilinx_Vivado/PS_PL_SharebyBRAM/PS_PL_SharebyBRAM.sdk/design_1_wrapper.hdf.
16:08:05 INFO  : Checking for hwspec changes in the project design_1_wrapper_hw_platform_0.
16:08:22 INFO  : Connected to target on host '127.0.0.1' and port '3121'.
16:08:23 INFO  : 'targets -set -filter {jtag_cable_name =~ "Digilent Zed 210248445567" && level==0} -index 1' command is executed.
16:08:25 INFO  : FPGA configured successfully with bitstream "D:/Xilinx_Vivado/PS_PL_SharebyBRAM/PS_PL_SharebyBRAM.sdk/design_1_wrapper_hw_platform_0/design_1_wrapper.bit"
16:08:39 WARN  : Unable to obtain port 2350 for use by XMD, java.net.SocketException: Unrecognized Windows Sockets error: 0: JVM_Bind
16:08:42 ERROR : Unexpected error while launching program.
com.xilinx.sdk.targetmanager.TMException: 
    Failed to claim JTAG Device 1 for debug. Check if it's
    in use by other client for debug


	at com.xilinx.sdk.targetmanager.internal.TM.connectToProcessor(TM.java:484)
	at com.xilinx.sdk.debug.core.XilinxAppLaunchConfigurationDelegate.runTargetSetup(XilinxAppLaunchConfigurationDelegate.java:503)
	at com.xilinx.sdk.debug.core.XilinxAppLaunchConfigurationDelegate.runApplication(XilinxAppLaunchConfigurationDelegate.java:616)
	at com.xilinx.sdk.debug.core.XilinxAppLaunchConfigurationDelegate.launch(XilinxAppLaunchConfigurationDelegate.java:309)
	at com.xilinx.sdk.debug.ui.XilinxAppLaunchDelegateWrapper.launch(XilinxAppLaunchDelegateWrapper.java:31)
	at org.eclipse.debug.internal.core.LaunchConfiguration.launch(LaunchConfiguration.java:858)
	at org.eclipse.debug.internal.core.LaunchConfiguration.launch(LaunchConfiguration.java:707)
	at org.eclipse.debug.internal.ui.DebugUIPlugin.buildAndLaunch(DebugUIPlugin.java:1018)
	at org.eclipse.debug.internal.ui.DebugUIPlugin$8.run(DebugUIPlugin.java:1222)
	at org.eclipse.core.internal.jobs.Worker.run(Worker.java:53)
16:09:09 ERROR : Unexpected error while launching program.
com.xilinx.sdk.targetmanager.TMException: 
    Failed to claim JTAG Device 1 for debug. Check if it's
    in use by other client for debug


	at com.xilinx.sdk.targetmanager.internal.TM.connectToProcessor(TM.java:484)
	at com.xilinx.sdk.debug.core.XilinxAppLaunchConfigurationDelegate.runTargetSetup(XilinxAppLaunchConfigurationDelegate.java:503)
	at com.xilinx.sdk.debug.core.XilinxAppLaunchConfigurationDelegate.runApplication(XilinxAppLaunchConfigurationDelegate.java:616)
	at com.xilinx.sdk.debug.core.XilinxAppLaunchConfigurationDelegate.launch(XilinxAppLaunchConfigurationDelegate.java:309)
	at com.xilinx.sdk.debug.ui.XilinxAppLaunchDelegateWrapper.launch(XilinxAppLaunchDelegateWrapper.java:31)
	at org.eclipse.debug.internal.core.LaunchConfiguration.launch(LaunchConfiguration.java:858)
	at org.eclipse.debug.internal.core.LaunchConfiguration.launch(LaunchConfiguration.java:707)
	at org.eclipse.debug.internal.ui.DebugUIPlugin.buildAndLaunch(DebugUIPlugin.java:1018)
	at org.eclipse.debug.internal.ui.DebugUIPlugin$8.run(DebugUIPlugin.java:1222)
	at org.eclipse.core.internal.jobs.Worker.run(Worker.java:53)
16:09:15 ERROR : Unexpected error while parsing XMD response ?: com.google.gson.JsonSyntaxException: com.google.gson.stream.MalformedJsonException: invalid number or unquoted string near 
16:41:38 INFO  : Launching XSDB server: xsdb.bat C:/Xilinx/SDK/2015.4/scripts/xsdb/xsdb/xsdb-server.tcl
16:41:40 INFO  : XSDB server has started successfully.
16:41:41 INFO  : Processing command line option -hwspec D:/Xilinx_Vivado/PS_PL_SharebyBRAM/PS_PL_SharebyBRAM.sdk/design_1_wrapper.hdf.
16:41:41 INFO  : Checking for hwspec changes in the project design_1_wrapper_hw_platform_0.
16:42:02 INFO  : Connected to target on host '127.0.0.1' and port '3121'.
16:42:06 INFO  : 'targets -set -filter {jtag_cable_name =~ "Digilent Zed 210248445567" && level==0} -index 1' command is executed.
16:42:08 INFO  : FPGA configured successfully with bitstream "D:/Xilinx_Vivado/PS_PL_SharebyBRAM/PS_PL_SharebyBRAM.sdk/design_1_wrapper_hw_platform_0/design_1_wrapper.bit"
16:42:34 INFO  : Processor reset is completed for ps7_cortexa9_0
16:42:55 ERROR : Unexpected error while parsing XMD response ?: com.google.gson.JsonSyntaxException: com.google.gson.stream.MalformedJsonException: invalid number or unquoted string near 
16:49:18 INFO  : Launching XSDB server: xsdb.bat C:/Xilinx/SDK/2015.4/scripts/xsdb/xsdb/xsdb-server.tcl
16:49:20 INFO  : XSDB server has started successfully.
16:49:20 INFO  : Processing command line option -hwspec D:/Xilinx_Vivado/PS_PL_SharebyBRAM/PS_PL_SharebyBRAM.sdk/design_1_wrapper.hdf.
16:49:21 INFO  : Checking for hwspec changes in the project design_1_wrapper_hw_platform_0.
16:50:02 INFO  : Connected to target on host '127.0.0.1' and port '3121'.
16:50:05 INFO  : 'targets -set -filter {jtag_cable_name =~ "Digilent Zed 210248445567" && level==0} -index 1' command is executed.
16:50:08 INFO  : FPGA configured successfully with bitstream "D:/Xilinx_Vivado/PS_PL_SharebyBRAM/PS_PL_SharebyBRAM.sdk/design_1_wrapper_hw_platform_0/design_1_wrapper.bit"
16:50:54 INFO  : Processor reset is completed for ps7_cortexa9_0
16:52:06 ERROR : Unexpected error while parsing XMD response ?: com.google.gson.JsonSyntaxException: com.google.gson.stream.MalformedJsonException: invalid number or unquoted string near 
17:01:13 INFO  : Launching XSDB server: xsdb.bat C:/Xilinx/SDK/2015.4/scripts/xsdb/xsdb/xsdb-server.tcl
17:01:15 INFO  : XSDB server has started successfully.
17:01:15 INFO  : Processing command line option -hwspec D:/Xilinx_Vivado/PS_PL_SharebyBRAM/PS_PL_SharebyBRAM.sdk/design_1_wrapper.hdf.
17:01:16 INFO  : Checking for hwspec changes in the project design_1_wrapper_hw_platform_0.
17:01:20 INFO  : Connected to target on host '127.0.0.1' and port '3121'.
17:01:21 INFO  : 'targets -set -filter {jtag_cable_name =~ "Digilent Zed 210248445567" && level==0} -index 1' command is executed.
17:01:23 INFO  : FPGA configured successfully with bitstream "D:/Xilinx_Vivado/PS_PL_SharebyBRAM/PS_PL_SharebyBRAM.sdk/design_1_wrapper_hw_platform_0/design_1_wrapper.bit"
17:01:51 INFO  : ps7_init is completed.
17:01:51 INFO  : ps7_post_config is completed.
17:01:52 INFO  : Processor reset is completed for ps7_cortexa9_0
17:02:25 INFO  : Processor reset is completed for ps7_cortexa9_0
17:02:50 INFO  : Connected to target on host '127.0.0.1' and port '3121'.
17:02:50 INFO  : 'targets -set -filter {jtag_cable_name =~ "Digilent Zed 210248445567" && level==0} -index 1' command is executed.
17:02:53 INFO  : FPGA configured successfully with bitstream "D:/Xilinx_Vivado/PS_PL_SharebyBRAM/PS_PL_SharebyBRAM.sdk/design_1_wrapper_hw_platform_0/design_1_wrapper.bit"
17:03:14 INFO  : ps7_init is completed.
17:03:15 INFO  : ps7_post_config is completed.
17:03:15 INFO  : Processor reset is completed for ps7_cortexa9_0
17:03:15 ERROR : No such port: COM5
17:03:28 INFO  : Processor reset is completed for ps7_cortexa9_0
17:03:43 ERROR : Unexpected error while parsing XMD response ?: com.google.gson.JsonSyntaxException: com.google.gson.stream.MalformedJsonException: invalid number or unquoted string near 
17:04:31 INFO  : Launching XSDB server: xsdb.bat C:/Xilinx/SDK/2015.4/scripts/xsdb/xsdb/xsdb-server.tcl
17:04:33 INFO  : XSDB server has started successfully.
17:04:33 INFO  : Processing command line option -hwspec D:/Xilinx_Vivado/PS_PL_SharebyBRAM/PS_PL_SharebyBRAM.sdk/design_1_wrapper.hdf.
17:04:35 INFO  : Checking for hwspec changes in the project design_1_wrapper_hw_platform_0.
17:04:38 INFO  : Connected to target on host '127.0.0.1' and port '3121'.
17:04:42 INFO  : 'targets -set -filter {jtag_cable_name =~ "Digilent Zed 210248445567" && level==0} -index 1' command is executed.
17:04:44 INFO  : FPGA configured successfully with bitstream "D:/Xilinx_Vivado/PS_PL_SharebyBRAM/PS_PL_SharebyBRAM.sdk/design_1_wrapper_hw_platform_0/design_1_wrapper.bit"
17:04:59 INFO  : Processor reset is completed for ps7_cortexa9_0
17:05:31 INFO  : Connected to target on host '127.0.0.1' and port '3121'.
17:05:31 INFO  : 'targets -set -filter {jtag_cable_name =~ "Digilent Zed 210248445567" && level==0} -index 1' command is executed.
17:05:34 INFO  : FPGA configured successfully with bitstream "D:/Xilinx_Vivado/PS_PL_SharebyBRAM/PS_PL_SharebyBRAM.sdk/design_1_wrapper_hw_platform_0/design_1_wrapper.bit"
17:05:48 INFO  : Processor reset is completed for ps7_cortexa9_0
17:06:33 INFO  : Processor reset is completed for ps7_cortexa9_0
17:07:10 INFO  : Processor reset is completed for ps7_cortexa9_0
17:07:28 INFO  : Connected to target on host '127.0.0.1' and port '3121'.
17:07:28 INFO  : 'targets -set -filter {jtag_cable_name =~ "Digilent Zed 210248445567" && level==0} -index 1' command is executed.
17:07:31 INFO  : FPGA configured successfully with bitstream "D:/Xilinx_Vivado/PS_PL_SharebyBRAM/PS_PL_SharebyBRAM.sdk/design_1_wrapper_hw_platform_0/design_1_wrapper.bit"
17:07:57 INFO  : ps7_init is completed.
17:07:57 INFO  : ps7_post_config is completed.
17:07:57 INFO  : Processor reset is completed for ps7_cortexa9_0
17:08:16 ERROR : Unexpected error while parsing XMD response ?: com.google.gson.JsonSyntaxException: com.google.gson.stream.MalformedJsonException: invalid number or unquoted string near 
17:41:15 INFO  : Launching XSDB server: xsdb.bat C:/Xilinx/SDK/2015.4/scripts/xsdb/xsdb/xsdb-server.tcl
17:41:17 INFO  : XSDB server has started successfully.
17:41:18 INFO  : Processing command line option -hwspec D:/Xilinx_Vivado/PS_PL_SharebyBRAM/PS_PL_SharebyBRAM.sdk/design_1_wrapper.hdf.
17:41:19 INFO  : Checking for hwspec changes in the project design_1_wrapper_hw_platform_0.
17:41:22 INFO  : Connected to target on host '127.0.0.1' and port '3121'.
17:41:25 INFO  : 'targets -set -filter {jtag_cable_name =~ "Digilent Zed 210248445567" && level==0} -index 1' command is executed.
17:41:28 INFO  : FPGA configured successfully with bitstream "D:/Xilinx_Vivado/PS_PL_SharebyBRAM/PS_PL_SharebyBRAM.sdk/design_1_wrapper_hw_platform_0/design_1_wrapper.bit"
17:41:40 INFO  : Processor reset is completed for ps7_cortexa9_0
17:41:54 ERROR : Unexpected error while parsing XMD response ?: com.google.gson.JsonSyntaxException: com.google.gson.stream.MalformedJsonException: invalid number or unquoted string near 
12:41:44 INFO  : Launching XSDB server: xsdb.bat C:/Xilinx/SDK/2015.4/scripts/xsdb/xsdb/xsdb-server.tcl
12:41:46 INFO  : XSDB server has started successfully.
12:41:46 INFO  : Processing command line option -hwspec D:/Xilinx_Vivado/PS_PL_SharebyBRAM/PS_PL_SharebyBRAM.sdk/design_1_wrapper.hdf.
12:41:46 INFO  : Checking for hwspec changes in the project design_1_wrapper_hw_platform_0.
12:41:51 INFO  : Connected to target on host '127.0.0.1' and port '3121'.
12:41:55 INFO  : 'targets -set -filter {jtag_cable_name =~ "Digilent Zed 210248445567" && level==0} -index 1' command is executed.
12:41:57 INFO  : FPGA configured successfully with bitstream "D:/Xilinx_Vivado/PS_PL_SharebyBRAM/PS_PL_SharebyBRAM.sdk/design_1_wrapper_hw_platform_0/design_1_wrapper.bit"
12:42:10 INFO  : Processor reset is completed for ps7_cortexa9_0
12:42:17 ERROR : Unexpected error while parsing XMD response ?: com.google.gson.JsonSyntaxException: com.google.gson.stream.MalformedJsonException: invalid number or unquoted string near 
08:08:04 INFO  : Launching XSDB server: xsdb.bat C:/Xilinx/SDK/2015.4/scripts/xsdb/xsdb/xsdb-server.tcl
08:08:06 INFO  : XSDB server has started successfully.
08:08:07 INFO  : Processing command line option -hwspec D:/Xilinx_Vivado/PS_PL_SharebyBRAM/PS_PL_SharebyBRAM.sdk/design_1_wrapper.hdf.
08:08:07 INFO  : Checking for hwspec changes in the project design_1_wrapper_hw_platform_0.
08:08:13 INFO  : Connected to target on host '127.0.0.1' and port '3121'.
08:08:14 INFO  : 'targets -set -filter {jtag_cable_name =~ "Digilent Zed 210248445567" && level==0} -index 1' command is executed.
08:08:16 INFO  : FPGA configured successfully with bitstream "D:/Xilinx_Vivado/PS_PL_SharebyBRAM/PS_PL_SharebyBRAM.sdk/design_1_wrapper_hw_platform_0/design_1_wrapper.bit"
08:09:18 INFO  : ps7_init is completed.
08:09:18 INFO  : ps7_post_config is completed.
08:09:18 INFO  : Processor reset is completed for ps7_cortexa9_0
08:09:58 ERROR : Unexpected error while parsing XMD response ?: com.google.gson.JsonSyntaxException: com.google.gson.stream.MalformedJsonException: invalid number or unquoted string near 
08:21:44 INFO  : Launching XSDB server: xsdb.bat C:/Xilinx/SDK/2015.4/scripts/xsdb/xsdb/xsdb-server.tcl
08:21:47 INFO  : XSDB server has started successfully.
08:21:47 INFO  : Processing command line option -hwspec D:/Xilinx_Vivado/PS_PL_SharebyBRAM/PS_PL_SharebyBRAM.sdk/design_1_wrapper.hdf.
08:21:47 INFO  : Checking for hwspec changes in the project design_1_wrapper_hw_platform_0.
08:22:12 INFO  : Connected to target on host '127.0.0.1' and port '3121'.
08:22:16 INFO  : 'targets -set -filter {jtag_cable_name =~ "Digilent Zed 210248445567" && level==0} -index 1' command is executed.
08:22:19 INFO  : FPGA configured successfully with bitstream "D:/Xilinx_Vivado/PS_PL_SharebyBRAM/PS_PL_SharebyBRAM.sdk/design_1_wrapper_hw_platform_0/design_1_wrapper.bit"
08:22:59 INFO  : Processor reset is completed for ps7_cortexa9_0
08:55:14 ERROR : Unexpected error while parsing XMD response ?: com.google.gson.JsonSyntaxException: com.google.gson.stream.MalformedJsonException: invalid number or unquoted string near 
09:57:39 INFO  : Launching XSDB server: xsdb.bat C:/Xilinx/SDK/2015.4/scripts/xsdb/xsdb/xsdb-server.tcl
09:57:41 INFO  : XSDB server has started successfully.
09:57:42 INFO  : Processing command line option -hwspec D:/Xilinx_Vivado/PS_PL_SharebyBRAM/PS_PL_SharebyBRAM.sdk/design_1_wrapper.hdf.
09:57:42 INFO  : Checking for hwspec changes in the project design_1_wrapper_hw_platform_0.
09:58:21 INFO  : Connected to target on host '127.0.0.1' and port '3121'.
09:58:25 INFO  : 'targets -set -filter {jtag_cable_name =~ "Digilent Zed 210248445567" && level==0} -index 1' command is executed.
09:58:28 INFO  : FPGA configured successfully with bitstream "D:/Xilinx_Vivado/PS_PL_SharebyBRAM/PS_PL_SharebyBRAM.sdk/design_1_wrapper_hw_platform_0/design_1_wrapper.bit"
09:59:38 INFO  : Processor reset is completed for ps7_cortexa9_0
10:38:17 ERROR : Unexpected error while parsing XMD response ?: com.google.gson.JsonSyntaxException: com.google.gson.stream.MalformedJsonException: invalid number or unquoted string near 
