
*** Running vivado
    with args -log design_1_auto_us_0.vds -m64 -product Vivado -mode batch -messageDb vivado.pb -notrace -source design_1_auto_us_0.tcl


****** Vivado v2017.1 (64-bit)
  **** SW Build 1846317 on Fri Apr 14 18:55:03 MDT 2017
  **** IP Build 1846188 on Fri Apr 14 20:52:08 MDT 2017
    ** Copyright 1986-2017 Xilinx, Inc. All Rights Reserved.

source design_1_auto_us_0.tcl -notrace
Starting RTL Elaboration : Time (s): cpu = 00:00:08 ; elapsed = 00:00:09 . Memory (MB): peak = 386.484 ; gain = 89.043
INFO: [Synth 8-638] synthesizing module 'design_1_auto_us_0' [d:/vivado_2017.1/kerone_dma/kerone_dma.srcs/sources_1/bd/design_1/ip/design_1_auto_us_0/synth/design_1_auto_us_0.v:58]
INFO: [Synth 8-638] synthesizing module 'axi_dwidth_converter_v2_1_12_top' [d:/vivado_2017.1/kerone_dma/kerone_dma.srcs/sources_1/bd/design_1/ipshared/fef9/hdl/axi_dwidth_converter_v2_1_vlsyn_rfs.v:14450]
INFO: [Synth 8-638] synthesizing module 'axi_dwidth_converter_v2_1_12_axi_upsizer' [d:/vivado_2017.1/kerone_dma/kerone_dma.srcs/sources_1/bd/design_1/ipshared/fef9/hdl/axi_dwidth_converter_v2_1_vlsyn_rfs.v:7038]
INFO: [Synth 8-638] synthesizing module 'axi_dwidth_converter_v2_1_12_r_upsizer' [d:/vivado_2017.1/kerone_dma/kerone_dma.srcs/sources_1/bd/design_1/ipshared/fef9/hdl/axi_dwidth_converter_v2_1_vlsyn_rfs.v:4653]
INFO: [Synth 8-256] done synthesizing module 'axi_dwidth_converter_v2_1_12_r_upsizer' (1#1) [d:/vivado_2017.1/kerone_dma/kerone_dma.srcs/sources_1/bd/design_1/ipshared/fef9/hdl/axi_dwidth_converter_v2_1_vlsyn_rfs.v:4653]
INFO: [Synth 8-638] synthesizing module 'axi_register_slice_v2_1_12_axi_register_slice' [d:/vivado_2017.1/kerone_dma/kerone_dma.srcs/sources_1/bd/design_1/ipshared/0e33/hdl/axi_register_slice_v2_1_vl_rfs.v:791]
INFO: [Synth 8-638] synthesizing module 'axi_infrastructure_v1_1_0_axi2vector' [d:/vivado_2017.1/kerone_dma/kerone_dma.srcs/sources_1/bd/design_1/ipshared/7e3a/hdl/axi_infrastructure_v1_1_vl_rfs.v:60]
INFO: [Synth 8-256] done synthesizing module 'axi_infrastructure_v1_1_0_axi2vector' (2#1) [d:/vivado_2017.1/kerone_dma/kerone_dma.srcs/sources_1/bd/design_1/ipshared/7e3a/hdl/axi_infrastructure_v1_1_vl_rfs.v:60]
INFO: [Synth 8-638] synthesizing module 'axi_register_slice_v2_1_12_axic_register_slice' [d:/vivado_2017.1/kerone_dma/kerone_dma.srcs/sources_1/bd/design_1/ipshared/0e33/hdl/axi_register_slice_v2_1_vl_rfs.v:85]
INFO: [Synth 8-256] done synthesizing module 'axi_register_slice_v2_1_12_axic_register_slice' (3#1) [d:/vivado_2017.1/kerone_dma/kerone_dma.srcs/sources_1/bd/design_1/ipshared/0e33/hdl/axi_register_slice_v2_1_vl_rfs.v:85]
INFO: [Synth 8-638] synthesizing module 'axi_register_slice_v2_1_12_axic_register_slice__parameterized0' [d:/vivado_2017.1/kerone_dma/kerone_dma.srcs/sources_1/bd/design_1/ipshared/0e33/hdl/axi_register_slice_v2_1_vl_rfs.v:85]
INFO: [Synth 8-256] done synthesizing module 'axi_register_slice_v2_1_12_axic_register_slice__parameterized0' (3#1) [d:/vivado_2017.1/kerone_dma/kerone_dma.srcs/sources_1/bd/design_1/ipshared/0e33/hdl/axi_register_slice_v2_1_vl_rfs.v:85]
INFO: [Synth 8-638] synthesizing module 'axi_register_slice_v2_1_12_axic_register_slice__parameterized1' [d:/vivado_2017.1/kerone_dma/kerone_dma.srcs/sources_1/bd/design_1/ipshared/0e33/hdl/axi_register_slice_v2_1_vl_rfs.v:85]
INFO: [Synth 8-256] done synthesizing module 'axi_register_slice_v2_1_12_axic_register_slice__parameterized1' (3#1) [d:/vivado_2017.1/kerone_dma/kerone_dma.srcs/sources_1/bd/design_1/ipshared/0e33/hdl/axi_register_slice_v2_1_vl_rfs.v:85]
INFO: [Synth 8-638] synthesizing module 'axi_register_slice_v2_1_12_axic_register_slice__parameterized2' [d:/vivado_2017.1/kerone_dma/kerone_dma.srcs/sources_1/bd/design_1/ipshared/0e33/hdl/axi_register_slice_v2_1_vl_rfs.v:85]
INFO: [Synth 8-256] done synthesizing module 'axi_register_slice_v2_1_12_axic_register_slice__parameterized2' (3#1) [d:/vivado_2017.1/kerone_dma/kerone_dma.srcs/sources_1/bd/design_1/ipshared/0e33/hdl/axi_register_slice_v2_1_vl_rfs.v:85]
INFO: [Synth 8-638] synthesizing module 'axi_infrastructure_v1_1_0_vector2axi' [d:/vivado_2017.1/kerone_dma/kerone_dma.srcs/sources_1/bd/design_1/ipshared/7e3a/hdl/axi_infrastructure_v1_1_vl_rfs.v:474]
INFO: [Synth 8-256] done synthesizing module 'axi_infrastructure_v1_1_0_vector2axi' (4#1) [d:/vivado_2017.1/kerone_dma/kerone_dma.srcs/sources_1/bd/design_1/ipshared/7e3a/hdl/axi_infrastructure_v1_1_vl_rfs.v:474]
INFO: [Synth 8-256] done synthesizing module 'axi_register_slice_v2_1_12_axi_register_slice' (5#1) [d:/vivado_2017.1/kerone_dma/kerone_dma.srcs/sources_1/bd/design_1/ipshared/0e33/hdl/axi_register_slice_v2_1_vl_rfs.v:791]
INFO: [Synth 8-638] synthesizing module 'axi_dwidth_converter_v2_1_12_a_upsizer' [d:/vivado_2017.1/kerone_dma/kerone_dma.srcs/sources_1/bd/design_1/ipshared/fef9/hdl/axi_dwidth_converter_v2_1_vlsyn_rfs.v:3603]
INFO: [Synth 8-638] synthesizing module 'generic_baseblocks_v2_1_0_command_fifo' [d:/vivado_2017.1/kerone_dma/kerone_dma.srcs/sources_1/bd/design_1/ipshared/f9c1/hdl/generic_baseblocks_v2_1_vl_rfs.v:655]
INFO: [Synth 8-256] done synthesizing module 'generic_baseblocks_v2_1_0_command_fifo' (6#1) [d:/vivado_2017.1/kerone_dma/kerone_dma.srcs/sources_1/bd/design_1/ipshared/f9c1/hdl/generic_baseblocks_v2_1_vl_rfs.v:655]
INFO: [Synth 8-256] done synthesizing module 'axi_dwidth_converter_v2_1_12_a_upsizer' (7#1) [d:/vivado_2017.1/kerone_dma/kerone_dma.srcs/sources_1/bd/design_1/ipshared/fef9/hdl/axi_dwidth_converter_v2_1_vlsyn_rfs.v:3603]
INFO: [Synth 8-638] synthesizing module 'axi_register_slice_v2_1_12_axi_register_slice__parameterized0' [d:/vivado_2017.1/kerone_dma/kerone_dma.srcs/sources_1/bd/design_1/ipshared/0e33/hdl/axi_register_slice_v2_1_vl_rfs.v:791]
INFO: [Synth 8-638] synthesizing module 'axi_infrastructure_v1_1_0_axi2vector__parameterized0' [d:/vivado_2017.1/kerone_dma/kerone_dma.srcs/sources_1/bd/design_1/ipshared/7e3a/hdl/axi_infrastructure_v1_1_vl_rfs.v:60]
INFO: [Synth 8-256] done synthesizing module 'axi_infrastructure_v1_1_0_axi2vector__parameterized0' (7#1) [d:/vivado_2017.1/kerone_dma/kerone_dma.srcs/sources_1/bd/design_1/ipshared/7e3a/hdl/axi_infrastructure_v1_1_vl_rfs.v:60]
INFO: [Synth 8-638] synthesizing module 'axi_register_slice_v2_1_12_axic_register_slice__parameterized3' [d:/vivado_2017.1/kerone_dma/kerone_dma.srcs/sources_1/bd/design_1/ipshared/0e33/hdl/axi_register_slice_v2_1_vl_rfs.v:85]
INFO: [Synth 8-256] done synthesizing module 'axi_register_slice_v2_1_12_axic_register_slice__parameterized3' (7#1) [d:/vivado_2017.1/kerone_dma/kerone_dma.srcs/sources_1/bd/design_1/ipshared/0e33/hdl/axi_register_slice_v2_1_vl_rfs.v:85]
INFO: [Synth 8-638] synthesizing module 'axi_register_slice_v2_1_12_axic_register_slice__parameterized4' [d:/vivado_2017.1/kerone_dma/kerone_dma.srcs/sources_1/bd/design_1/ipshared/0e33/hdl/axi_register_slice_v2_1_vl_rfs.v:85]
INFO: [Synth 8-256] done synthesizing module 'axi_register_slice_v2_1_12_axic_register_slice__parameterized4' (7#1) [d:/vivado_2017.1/kerone_dma/kerone_dma.srcs/sources_1/bd/design_1/ipshared/0e33/hdl/axi_register_slice_v2_1_vl_rfs.v:85]
INFO: [Synth 8-638] synthesizing module 'axi_register_slice_v2_1_12_axic_register_slice__parameterized5' [d:/vivado_2017.1/kerone_dma/kerone_dma.srcs/sources_1/bd/design_1/ipshared/0e33/hdl/axi_register_slice_v2_1_vl_rfs.v:85]
INFO: [Synth 8-256] done synthesizing module 'axi_register_slice_v2_1_12_axic_register_slice__parameterized5' (7#1) [d:/vivado_2017.1/kerone_dma/kerone_dma.srcs/sources_1/bd/design_1/ipshared/0e33/hdl/axi_register_slice_v2_1_vl_rfs.v:85]
INFO: [Synth 8-638] synthesizing module 'axi_infrastructure_v1_1_0_vector2axi__parameterized0' [d:/vivado_2017.1/kerone_dma/kerone_dma.srcs/sources_1/bd/design_1/ipshared/7e3a/hdl/axi_infrastructure_v1_1_vl_rfs.v:474]
INFO: [Synth 8-256] done synthesizing module 'axi_infrastructure_v1_1_0_vector2axi__parameterized0' (7#1) [d:/vivado_2017.1/kerone_dma/kerone_dma.srcs/sources_1/bd/design_1/ipshared/7e3a/hdl/axi_infrastructure_v1_1_vl_rfs.v:474]
INFO: [Synth 8-256] done synthesizing module 'axi_register_slice_v2_1_12_axi_register_slice__parameterized0' (7#1) [d:/vivado_2017.1/kerone_dma/kerone_dma.srcs/sources_1/bd/design_1/ipshared/0e33/hdl/axi_register_slice_v2_1_vl_rfs.v:791]
INFO: [Synth 8-256] done synthesizing module 'axi_dwidth_converter_v2_1_12_axi_upsizer' (8#1) [d:/vivado_2017.1/kerone_dma/kerone_dma.srcs/sources_1/bd/design_1/ipshared/fef9/hdl/axi_dwidth_converter_v2_1_vlsyn_rfs.v:7038]
INFO: [Synth 8-256] done synthesizing module 'axi_dwidth_converter_v2_1_12_top' (9#1) [d:/vivado_2017.1/kerone_dma/kerone_dma.srcs/sources_1/bd/design_1/ipshared/fef9/hdl/axi_dwidth_converter_v2_1_vlsyn_rfs.v:14450]
INFO: [Synth 8-256] done synthesizing module 'design_1_auto_us_0' (10#1) [d:/vivado_2017.1/kerone_dma/kerone_dma.srcs/sources_1/bd/design_1/ip/design_1_auto_us_0/synth/design_1_auto_us_0.v:58]
Finished RTL Elaboration : Time (s): cpu = 00:02:04 ; elapsed = 00:02:06 . Memory (MB): peak = 507.641 ; gain = 210.199
Finished RTL Optimization Phase 1 : Time (s): cpu = 00:02:04 ; elapsed = 00:02:06 . Memory (MB): peak = 507.641 ; gain = 210.199
INFO: [Device 21-403] Loading part xc7z020clg484-1
Constraint Validation Runtime : Time (s): cpu = 00:00:00 ; elapsed = 00:00:00.064 . Memory (MB): peak = 752.195 ; gain = 0.000
Finished Constraint Validation : Time (s): cpu = 00:02:19 ; elapsed = 00:02:22 . Memory (MB): peak = 752.195 ; gain = 454.754
Finished Loading Part and Timing Information : Time (s): cpu = 00:02:19 ; elapsed = 00:02:22 . Memory (MB): peak = 752.195 ; gain = 454.754
Finished applying 'set_property' XDC Constraints : Time (s): cpu = 00:02:19 ; elapsed = 00:02:22 . Memory (MB): peak = 752.195 ; gain = 454.754
Finished RTL Optimization Phase 2 : Time (s): cpu = 00:02:19 ; elapsed = 00:02:23 . Memory (MB): peak = 752.195 ; gain = 454.754
Finished Cross Boundary and Area Optimization : Time (s): cpu = 00:02:22 ; elapsed = 00:02:26 . Memory (MB): peak = 752.195 ; gain = 454.754
Finished Applying XDC Timing Constraints : Time (s): cpu = 00:02:39 ; elapsed = 00:02:43 . Memory (MB): peak = 752.195 ; gain = 454.754
Finished Timing Optimization : Time (s): cpu = 00:02:40 ; elapsed = 00:02:44 . Memory (MB): peak = 752.195 ; gain = 454.754
Finished Technology Mapping : Time (s): cpu = 00:02:40 ; elapsed = 00:02:44 . Memory (MB): peak = 752.195 ; gain = 454.754
Finished IO Insertion : Time (s): cpu = 00:02:41 ; elapsed = 00:02:45 . Memory (MB): peak = 752.195 ; gain = 454.754
Finished Renaming Generated Instances : Time (s): cpu = 00:02:41 ; elapsed = 00:02:45 . Memory (MB): peak = 752.195 ; gain = 454.754
Finished Rebuilding User Hierarchy : Time (s): cpu = 00:02:41 ; elapsed = 00:02:46 . Memory (MB): peak = 752.195 ; gain = 454.754
Finished Renaming Generated Ports : Time (s): cpu = 00:02:41 ; elapsed = 00:02:46 . Memory (MB): peak = 752.195 ; gain = 454.754
Finished Handling Custom Attributes : Time (s): cpu = 00:02:42 ; elapsed = 00:02:46 . Memory (MB): peak = 752.195 ; gain = 454.754
Finished Renaming Generated Nets : Time (s): cpu = 00:02:42 ; elapsed = 00:02:46 . Memory (MB): peak = 752.195 ; gain = 454.754

Report Cell Usage: 
+------+--------+------+
|      |Cell    |Count |
+------+--------+------+
|1     |LUT1    |     3|
|2     |LUT2    |    15|
|3     |LUT3    |    88|
|4     |LUT4    |    21|
|5     |LUT5    |    31|
|6     |LUT6    |    97|
|7     |SRLC32E |    28|
|8     |FDRE    |   320|
|9     |FDSE    |     2|
+------+--------+------+
Finished Writing Synthesis Report : Time (s): cpu = 00:02:42 ; elapsed = 00:02:46 . Memory (MB): peak = 752.195 ; gain = 454.754
synth_design: Time (s): cpu = 00:02:44 ; elapsed = 00:02:48 . Memory (MB): peak = 752.195 ; gain = 457.906
